<?xml version="1.0" encoding="UTF-8"?>
<coverage generated="1782777208186" clover="3.2.0">
  <project timestamp="1782777208186" name="All files">
    <metrics statements="270" coveredstatements="270" conditionals="253" coveredconditionals="212" methods="111" coveredmethods="108" elements="634" coveredelements="590" complexity="0" loc="270" ncloc="270" packages="1" files="1" classes="1"/>
    <file name="AdminUsuariosPage.tsx" path="/Users/felruizrojas/fel-school/sanos_salvos/frontend-sanos-salvos/src/pages/admin/AdminUsuariosPage.tsx">
      <metrics statements="270" coveredstatements="270" conditionals="253" coveredconditionals="212" methods="111" coveredmethods="108"/>
      <line num="24" count="1" type="stmt"/>
      <line num="32" count="1" type="stmt"/>
      <line num="36" count="1" type="stmt"/>
      <line num="37" count="71" type="cond" truecount="1" falsecount="1"/>
      <line num="38" count="71" type="stmt"/>
      <line num="40" count="1" type="stmt"/>
      <line num="46" count="1" type="stmt"/>
      <line num="48" count="1" type="stmt"/>
      <line num="49" count="40" type="cond" truecount="2" falsecount="0"/>
      <line num="50" count="5" type="stmt"/>
      <line num="51" count="5" type="cond" truecount="2" falsecount="0"/>
      <line num="52" count="6" type="stmt"/>
      <line num="54" count="2" type="stmt"/>
      <line num="55" count="2" type="cond" truecount="2" falsecount="0"/>
      <line num="56" count="2" type="stmt"/>
      <line num="57" count="2" type="cond" truecount="2" falsecount="0"/>
      <line num="58" count="2" type="stmt"/>
      <line num="60" count="5" type="stmt"/>
      <line num="61" count="5" type="stmt"/>
      <line num="63" count="1" type="stmt"/>
      <line num="68" count="14" type="cond" truecount="2" falsecount="0"/>
      <line num="70" count="1" type="stmt"/>
      <line num="75" count="1" type="stmt"/>
      <line num="83" count="1" type="cond" truecount="1" falsecount="0"/>
      <line num="84" count="128" type="stmt"/>
      <line num="85" count="128" type="stmt"/>
      <line num="86" count="128" type="cond" truecount="1" falsecount="1"/>
      <line num="92" count="1" type="stmt"/>
      <line num="93" count="356" type="stmt"/>
      <line num="94" count="356" type="stmt"/>
      <line num="96" count="356" type="stmt"/>
      <line num="99" count="356" type="stmt"/>
      <line num="100" count="356" type="stmt"/>
      <line num="101" count="356" type="stmt"/>
      <line num="102" count="356" type="stmt"/>
      <line num="103" count="356" type="stmt"/>
      <line num="104" count="356" type="stmt"/>
      <line num="105" count="356" type="stmt"/>
      <line num="106" count="356" type="stmt"/>
      <line num="109" count="356" type="stmt"/>
      <line num="110" count="356" type="stmt"/>
      <line num="111" count="356" type="stmt"/>
      <line num="112" count="356" type="stmt"/>
      <line num="113" count="356" type="stmt"/>
      <line num="114" count="356" type="stmt"/>
      <line num="115" count="356" type="stmt"/>
      <line num="116" count="356" type="stmt"/>
      <line num="117" count="356" type="stmt"/>
      <line num="120" count="356" type="stmt"/>
      <line num="121" count="356" type="stmt"/>
      <line num="122" count="356" type="stmt"/>
      <line num="123" count="356" type="stmt"/>
      <line num="124" count="356" type="stmt"/>
      <line num="127" count="356" type="stmt"/>
      <line num="128" count="356" type="stmt"/>
      <line num="129" count="356" type="stmt"/>
      <line num="131" count="356" type="stmt"/>
      <line num="132" count="356" type="stmt"/>
      <line num="133" count="356" type="stmt"/>
      <line num="134" count="63" type="cond" truecount="2" falsecount="0"/>
      <line num="135" count="61" type="stmt"/>
      <line num="137" count="356" type="stmt"/>
      <line num="138" count="80" type="cond" truecount="2" falsecount="0"/>
      <line num="141" count="938" type="cond" truecount="2" falsecount="0"/>
      <line num="143" count="356" type="stmt"/>
      <line num="144" count="15" type="stmt"/>
      <line num="145" count="15" type="stmt"/>
      <line num="146" count="15" type="cond" truecount="2" falsecount="0"/>
      <line num="148" count="356" type="stmt"/>
      <line num="149" count="13" type="stmt"/>
      <line num="150" count="13" type="cond" truecount="2" falsecount="0"/>
      <line num="151" count="1" type="stmt"/>
      <line num="152" count="1" type="cond" truecount="2" falsecount="0"/>
      <line num="155" count="356" type="stmt"/>
      <line num="156" count="3" type="stmt"/>
      <line num="157" count="3" type="stmt"/>
      <line num="158" count="3" type="cond" truecount="2" falsecount="0"/>
      <line num="159" count="1" type="stmt"/>
      <line num="160" count="1" type="cond" truecount="2" falsecount="0"/>
      <line num="163" count="356" type="stmt"/>
      <line num="164" count="20" type="stmt"/>
      <line num="165" count="20" type="stmt"/>
      <line num="166" count="20" type="stmt"/>
      <line num="169" count="356" type="stmt"/>
      <line num="170" count="75" type="stmt"/>
      <line num="171" count="75" type="stmt"/>
      <line num="172" count="75" type="stmt"/>
      <line num="173" count="75" type="cond" truecount="2" falsecount="0"/>
      <line num="174" count="75" type="cond" truecount="2" falsecount="0"/>
      <line num="175" count="75" type="stmt"/>
      <line num="176" count="1" type="stmt"/>
      <line num="177" count="74" type="stmt"/>
      <line num="180" count="356" type="stmt"/>
      <line num="181" count="20" type="stmt"/>
      <line num="182" count="20" type="stmt"/>
      <line num="183" count="19" type="stmt"/>
      <line num="184" count="19" type="stmt"/>
      <line num="185" count="19" type="stmt"/>
      <line num="188" count="20" type="cond" truecount="2" falsecount="0"/>
      <line num="189" count="14" type="cond" truecount="1" falsecount="1"/>
      <line num="190" count="14" type="cond" truecount="1" falsecount="1"/>
      <line num="191" count="14" type="cond" truecount="1" falsecount="1"/>
      <line num="192" count="14" type="cond" truecount="1" falsecount="1"/>
      <line num="193" count="14" type="cond" truecount="1" falsecount="1"/>
      <line num="195" count="19" type="cond" truecount="2" falsecount="0"/>
      <line num="196" count="5" type="cond" truecount="1" falsecount="1"/>
      <line num="197" count="5" type="cond" truecount="1" falsecount="1"/>
      <line num="198" count="5" type="cond" truecount="1" falsecount="1"/>
      <line num="200" count="19" type="stmt"/>
      <line num="201" count="1" type="stmt"/>
      <line num="204" count="356" type="stmt"/>
      <line num="205" count="3" type="cond" truecount="1" falsecount="1"/>
      <line num="206" count="3" type="stmt"/>
      <line num="207" count="3" type="stmt"/>
      <line num="208" count="3" type="stmt"/>
      <line num="209" count="2" type="stmt"/>
      <line num="210" count="2" type="cond" truecount="2" falsecount="0"/>
      <line num="211" count="3" type="stmt"/>
      <line num="212" count="1" type="stmt"/>
      <line num="213" count="3" type="stmt"/>
      <line num="216" count="356" type="stmt"/>
      <line num="217" count="2" type="cond" truecount="3" falsecount="1"/>
      <line num="218" count="2" type="stmt"/>
      <line num="219" count="2" type="stmt"/>
      <line num="220" count="2" type="stmt"/>
      <line num="221" count="1" type="stmt"/>
      <line num="222" count="1" type="stmt"/>
      <line num="223" count="1" type="stmt"/>
      <line num="224" count="1" type="stmt"/>
      <line num="225" count="2" type="stmt"/>
      <line num="228" count="356" type="stmt"/>
      <line num="229" count="4" type="cond" truecount="1" falsecount="1"/>
      <line num="230" count="4" type="stmt"/>
      <line num="231" count="4" type="stmt"/>
      <line num="232" count="4" type="cond" truecount="2" falsecount="0"/>
      <line num="238" count="4" type="cond" truecount="2" falsecount="0"/>
      <line num="242" count="4" type="stmt"/>
      <line num="243" count="11" type="stmt"/>
      <line num="244" count="11" type="cond" truecount="2" falsecount="0"/>
      <line num="246" count="3" type="stmt"/>
      <line num="247" count="3" type="stmt"/>
      <line num="248" count="3" type="stmt"/>
      <line num="252" count="2" type="stmt"/>
      <line num="253" count="2" type="stmt"/>
      <line num="255" count="1" type="cond" truecount="1" falsecount="1"/>
      <line num="256" count="3" type="stmt"/>
      <line num="259" count="356" type="stmt"/>
      <line num="260" count="8" type="stmt"/>
      <line num="261" count="8" type="stmt"/>
      <line num="262" count="8" type="stmt"/>
      <line num="263" count="8" type="stmt"/>
      <line num="264" count="8" type="cond" truecount="2" falsecount="0"/>
      <line num="265" count="8" type="stmt"/>
      <line num="266" count="8" type="stmt"/>
      <line num="267" count="8" type="stmt"/>
      <line num="268" count="72" type="stmt"/>
      <line num="269" count="72" type="cond" truecount="4" falsecount="0"/>
      <line num="270" count="72" type="stmt"/>
      <line num="271" count="72" type="cond" truecount="2" falsecount="0"/>
      <line num="273" count="8" type="stmt"/>
      <line num="274" count="8" type="stmt"/>
      <line num="275" count="8" type="cond" truecount="2" falsecount="0"/>
      <line num="277" count="6" type="stmt"/>
      <line num="278" count="6" type="stmt"/>
      <line num="279" count="6" type="stmt"/>
      <line num="280" count="6" type="stmt"/>
      <line num="281" count="6" type="stmt"/>
      <line num="282" count="6" type="stmt"/>
      <line num="283" count="6" type="cond" truecount="1" falsecount="1"/>
      <line num="284" count="6" type="cond" truecount="2" falsecount="0"/>
      <line num="285" count="3" type="stmt"/>
      <line num="286" count="3" type="stmt"/>
      <line num="287" count="3" type="cond" truecount="1" falsecount="1"/>
      <line num="288" count="3" type="cond" truecount="1" falsecount="1"/>
      <line num="289" count="3" type="stmt"/>
      <line num="290" count="3" type="stmt"/>
      <line num="291" count="3" type="stmt"/>
      <line num="293" count="3" type="stmt"/>
      <line num="294" count="3" type="stmt"/>
      <line num="295" count="3" type="stmt"/>
      <line num="296" count="3" type="stmt"/>
      <line num="297" count="3" type="stmt"/>
      <line num="298" count="3" type="stmt"/>
      <line num="300" count="3" type="stmt"/>
      <line num="301" count="3" type="stmt"/>
      <line num="303" count="3" type="cond" truecount="2" falsecount="1"/>
      <line num="304" count="6" type="stmt"/>
      <line num="307" count="356" type="stmt"/>
      <line num="308" count="153" type="cond" truecount="2" falsecount="0"/>
      <line num="313" count="356" type="cond" truecount="2" falsecount="0"/>
      <line num="314" count="71" type="stmt"/>
      <line num="315" count="71" type="stmt"/>
      <line num="322" count="1" type="stmt"/>
      <line num="369" count="426" type="stmt"/>
      <line num="392" count="275" type="stmt"/>
      <line num="413" count="64" type="stmt"/>
      <line num="431" count="9" type="stmt"/>
      <line num="455" count="1" type="stmt"/>
      <line num="456" count="1" type="stmt"/>
      <line num="463" count="2" type="stmt"/>
      <line num="465" count="25" type="stmt"/>
      <line num="467" count="1" type="stmt"/>
      <line num="469" count="25" type="stmt"/>
      <line num="472" count="1" type="stmt"/>
      <line num="478" count="1" type="stmt"/>
      <line num="479" count="1" type="stmt"/>
      <line num="480" count="1" type="stmt"/>
      <line num="481" count="1" type="stmt"/>
      <line num="486" count="1" type="stmt"/>
      <line num="487" count="1" type="stmt"/>
      <line num="501" count="1" type="stmt"/>
      <line num="528" count="2" type="stmt"/>
      <line num="574" count="285" type="stmt"/>
      <line num="575" count="264" type="cond" truecount="4" falsecount="0"/>
      <line num="576" count="263" type="cond" truecount="2" falsecount="0"/>
      <line num="577" count="4" type="stmt"/>
      <line num="578" count="4" type="stmt"/>
      <line num="579" count="4" type="stmt"/>
      <line num="581" count="4" type="cond" truecount="2" falsecount="0"/>
      <line num="585" count="4" type="cond" truecount="2" falsecount="1"/>
      <line num="588" count="4" type="cond" truecount="1" falsecount="1"/>
      <line num="590" count="4" type="stmt"/>
      <line num="597" count="259" type="stmt"/>
      <line num="599" count="285" type="stmt"/>
      <line num="600" count="285" type="stmt"/>
      <line num="602" count="285" type="stmt"/>
      <line num="640" count="3" type="stmt"/>
      <line num="651" count="1995" type="stmt"/>
      <line num="653" count="4" type="stmt"/>
      <line num="667" count="855" type="stmt"/>
      <line num="669" count="2" type="stmt"/>
      <line num="714" count="82" type="stmt"/>
      <line num="719" count="20" type="stmt"/>
      <line num="782" count="1" type="stmt"/>
      <line num="792" count="162" type="stmt"/>
      <line num="795" count="6" type="stmt"/>
      <line num="811" count="1" type="stmt"/>
      <line num="812" count="1" type="stmt"/>
      <line num="815" count="1" type="stmt"/>
      <line num="816" count="1" type="stmt"/>
      <line num="829" count="1" type="stmt"/>
      <line num="830" count="1" type="stmt"/>
      <line num="832" count="1" type="stmt"/>
      <line num="840" count="2" type="stmt"/>
      <line num="841" count="1" type="stmt"/>
      <line num="844" count="81" type="stmt"/>
      <line num="847" count="1" type="stmt"/>
      <line num="848" count="1" type="stmt"/>
      <line num="852" count="6" type="stmt"/>
      <line num="856" count="1" type="stmt"/>
      <line num="857" count="1" type="stmt"/>
      <line num="865" count="1" type="stmt"/>
      <line num="866" count="1" type="stmt"/>
      <line num="869" count="1" type="stmt"/>
      <line num="870" count="1" type="stmt"/>
      <line num="875" count="1" type="stmt"/>
      <line num="876" count="1" type="stmt"/>
      <line num="879" count="1" type="stmt"/>
      <line num="880" count="1" type="stmt"/>
      <line num="884" count="2" type="stmt"/>
      <line num="885" count="2" type="stmt"/>
      <line num="893" count="1" type="stmt"/>
      <line num="894" count="1" type="stmt"/>
      <line num="897" count="1" type="stmt"/>
      <line num="898" count="1" type="stmt"/>
      <line num="901" count="1" type="stmt"/>
      <line num="902" count="1" type="stmt"/>
      <line num="905" count="1" type="stmt"/>
      <line num="916" count="1" type="cond" truecount="1" falsecount="1"/>
      <line num="934" count="1" type="stmt"/>
    </file>
  </project>
</coverage>
