{"C:\\Users\\benja\\Desktop\\Clases\\FullStack3\\frontend-sanos-salvos\\src\\components\\admin\\DetailPanel.tsx": {"path":"C:\\Users\\benja\\Desktop\\Clases\\FullStack3\\frontend-sanos-salvos\\src\\components\\admin\\DetailPanel.tsx","statementMap":{"0":{"start":{"line":14,"column":6},"end":{"line":68,"column":null}},"1":{"start":{"line":15,"column":2},"end":{"line":20,"column":null}},"2":{"start":{"line":16,"column":4},"end":{"line":16,"column":null}},"3":{"start":{"line":16,"column":17},"end":{"line":16,"column":null}},"4":{"start":{"line":17,"column":10},"end":{"line":17,"column":null}},"5":{"start":{"line":17,"column":42},"end":{"line":17,"column":null}},"6":{"start":{"line":17,"column":66},"end":{"line":17,"column":null}},"7":{"start":{"line":18,"column":4},"end":{"line":18,"column":null}},"8":{"start":{"line":19,"column":4},"end":{"line":19,"column":null}},"9":{"start":{"line":19,"column":17},"end":{"line":19,"column":63}},"10":{"start":{"line":22,"column":2},"end":{"line":68,"column":null}},"11":{"start":{"line":40,"column":26},"end":{"line":40,"column":45}}},"fnMap":{"0":{"name":"(anonymous_0)","decl":{"start":{"line":14,"column":6},"end":{"line":14,"column":21}},"loc":{"start":{"line":14,"column":99},"end":{"line":68,"column":null}},"line":14},"1":{"name":"(anonymous_1)","decl":{"start":{"line":15,"column":2},"end":{"line":15,"column":18}},"loc":{"start":{"line":15,"column":18},"end":{"line":20,"column":6}},"line":15},"2":{"name":"(anonymous_2)","decl":{"start":{"line":17,"column":10},"end":{"line":17,"column":19}},"loc":{"start":{"line":17,"column":40},"end":{"line":17,"column":null}},"line":17},"3":{"name":"(anonymous_3)","decl":{"start":{"line":19,"column":4},"end":{"line":19,"column":17}},"loc":{"start":{"line":19,"column":17},"end":{"line":19,"column":63}},"line":19},"4":{"name":"(anonymous_4)","decl":{"start":{"line":40,"column":12},"end":{"line":40,"column":21}},"loc":{"start":{"line":40,"column":26},"end":{"line":40,"column":45}},"line":40}},"branchMap":{"0":{"loc":{"start":{"line":16,"column":4},"end":{"line":16,"column":null}},"type":"if","locations":[{"start":{"line":16,"column":4},"end":{"line":16,"column":null}},{"start":{},"end":{}}],"line":16},"1":{"loc":{"start":{"line":17,"column":42},"end":{"line":17,"column":null}},"type":"if","locations":[{"start":{"line":17,"column":42},"end":{"line":17,"column":null}},{"start":{},"end":{}}],"line":17},"2":{"loc":{"start":{"line":24,"column":7},"end":{"line":66,"column":null}},"type":"binary-expr","locations":[{"start":{"line":24,"column":7},"end":{"line":24,"column":null}},{"start":{"line":25,"column":8},"end":{"line":66,"column":null}}],"line":24},"3":{"loc":{"start":{"line":45,"column":17},"end":{"line":45,"column":null}},"type":"binary-expr","locations":[{"start":{"line":45,"column":17},"end":{"line":45,"column":29}},{"start":{"line":45,"column":29},"end":{"line":45,"column":null}}],"line":45},"4":{"loc":{"start":{"line":56,"column":15},"end":{"line":62,"column":null}},"type":"cond-expr","locations":[{"start":{"line":57,"column":16},"end":{"line":62,"column":null}},{"start":{"line":62,"column":16},"end":{"line":62,"column":null}}],"line":56}},"s":{"0":1,"1":29,"2":29,"3":29,"4":0,"5":0,"6":0,"7":0,"8":0,"9":0,"10":29,"11":0},"f":{"0":29,"1":29,"2":0,"3":0,"4":0},"b":{"0":[29,0],"1":[0,0],"2":[29,0],"3":[0,0],"4":[0,0]},"meta":{"lastBranch":5,"lastFunction":5,"lastStatement":12,"seen":{"s:14:6:68:Infinity":0,"f:14:6:14:21":0,"s:15:2:20:Infinity":1,"f:15:2:15:18":1,"b:16:4:16:Infinity:undefined:undefined:undefined:undefined":0,"s:16:4:16:Infinity":2,"s:16:17:16:Infinity":3,"s:17:10:17:Infinity":4,"f:17:10:17:19":2,"b:17:42:17:Infinity:undefined:undefined:undefined:undefined":1,"s:17:42:17:Infinity":5,"s:17:66:17:Infinity":6,"s:18:4:18:Infinity":7,"s:19:4:19:Infinity":8,"f:19:4:19:17":3,"s:19:17:19:63":9,"s:22:2:68:Infinity":10,"b:24:7:24:Infinity:25:8:66:Infinity":2,"f:40:12:40:21":4,"s:40:26:40:45":11,"b:45:17:45:29:45:29:45:Infinity":3,"b:57:16:62:Infinity:62:16:62:Infinity":4},"fnNames":{}}}
,"C:\\Users\\benja\\Desktop\\Clases\\FullStack3\\frontend-sanos-salvos\\src\\components\\layout\\BotonVolver.tsx": {"path":"C:\\Users\\benja\\Desktop\\Clases\\FullStack3\\frontend-sanos-salvos\\src\\components\\layout\\BotonVolver.tsx","statementMap":{"0":{"start":{"line":10,"column":6},"end":{"line":24,"column":null}},"1":{"start":{"line":11,"column":8},"end":{"line":11,"column":32}},"2":{"start":{"line":13,"column":8},"end":{"line":15,"column":null}},"3":{"start":{"line":14,"column":4},"end":{"line":15,"column":null}},"4":{"start":{"line":14,"column":17},"end":{"line":14,"column":null}},"5":{"start":{"line":15,"column":13},"end":{"line":15,"column":null}},"6":{"start":{"line":15,"column":19},"end":{"line":15,"column":null}},"7":{"start":{"line":18,"column":2},"end":{"line":24,"column":null}}},"fnMap":{"0":{"name":"(anonymous_0)","decl":{"start":{"line":10,"column":6},"end":{"line":10,"column":21}},"loc":{"start":{"line":10,"column":68},"end":{"line":24,"column":null}},"line":10},"1":{"name":"(anonymous_1)","decl":{"start":{"line":13,"column":8},"end":{"line":13,"column":28}},"loc":{"start":{"line":13,"column":28},"end":{"line":15,"column":null}},"line":13}},"branchMap":{"0":{"loc":{"start":{"line":10,"column":29},"end":{"line":10,"column":47}},"type":"default-arg","locations":[{"start":{"line":10,"column":37},"end":{"line":10,"column":47}}],"line":10},"1":{"loc":{"start":{"line":14,"column":4},"end":{"line":15,"column":null}},"type":"if","locations":[{"start":{"line":14,"column":4},"end":{"line":15,"column":null}},{"start":{"line":15,"column":13},"end":{"line":15,"column":null}}],"line":14},"2":{"loc":{"start":{"line":15,"column":13},"end":{"line":15,"column":null}},"type":"if","locations":[{"start":{"line":15,"column":13},"end":{"line":15,"column":null}},{"start":{},"end":{}}],"line":15}},"s":{"0":1,"1":6,"2":6,"3":4,"4":2,"5":2,"6":1,"7":6},"f":{"0":6,"1":4},"b":{"0":[6],"1":[2,2],"2":[1,1]},"meta":{"lastBranch":3,"lastFunction":2,"lastStatement":8,"seen":{"s:10:6:24:Infinity":0,"f:10:6:10:21":0,"b:10:37:10:47":0,"s:11:8:11:32":1,"s:13:8:15:Infinity":2,"f:13:8:13:28":1,"b:14:4:15:Infinity:15:13:15:Infinity":1,"s:14:4:15:Infinity":3,"s:14:17:14:Infinity":4,"b:15:13:15:Infinity:undefined:undefined:undefined:undefined":2,"s:15:13:15:Infinity":5,"s:15:19:15:Infinity":6,"s:18:2:24:Infinity":7},"fnNames":{}}}
,"C:\\Users\\benja\\Desktop\\Clases\\FullStack3\\frontend-sanos-salvos\\src\\components\\layout\\Footer.tsx": {"path":"C:\\Users\\benja\\Desktop\\Clases\\FullStack3\\frontend-sanos-salvos\\src\\components\\layout\\Footer.tsx","statementMap":{"0":{"start":{"line":5,"column":6},"end":{"line":100,"column":null}},"1":{"start":{"line":6,"column":8},"end":{"line":6,"column":32}},"2":{"start":{"line":7,"column":10},"end":{"line":7,"column":40}},"3":{"start":{"line":8,"column":2},"end":{"line":8,"column":null}},"4":{"start":{"line":8,"column":19},"end":{"line":8,"column":null}},"5":{"start":{"line":10,"column":2},"end":{"line":100,"column":null}},"6":{"start":{"line":46,"column":16},"end":{"line":54,"column":null}},"7":{"start":{"line":48,"column":35},"end":{"line":48,"column":49}},"8":{"start":{"line":69,"column":16},"end":{"line":77,"column":null}},"9":{"start":{"line":71,"column":35},"end":{"line":71,"column":49}},"10":{"start":{"line":92,"column":14},"end":{"line":98,"column":null}},"11":{"start":{"line":94,"column":31},"end":{"line":94,"column":45}}},"fnMap":{"0":{"name":"(anonymous_0)","decl":{"start":{"line":5,"column":6},"end":{"line":5,"column":21}},"loc":{"start":{"line":5,"column":21},"end":{"line":100,"column":null}},"line":5},"1":{"name":"(anonymous_1)","decl":{"start":{"line":45,"column":16},"end":{"line":45,"column":21}},"loc":{"start":{"line":46,"column":16},"end":{"line":54,"column":null}},"line":46},"2":{"name":"(anonymous_2)","decl":{"start":{"line":48,"column":20},"end":{"line":48,"column":35}},"loc":{"start":{"line":48,"column":35},"end":{"line":48,"column":49}},"line":48},"3":{"name":"(anonymous_3)","decl":{"start":{"line":68,"column":16},"end":{"line":68,"column":21}},"loc":{"start":{"line":69,"column":16},"end":{"line":77,"column":null}},"line":69},"4":{"name":"(anonymous_4)","decl":{"start":{"line":71,"column":20},"end":{"line":71,"column":35}},"loc":{"start":{"line":71,"column":35},"end":{"line":71,"column":49}},"line":71},"5":{"name":"(anonymous_5)","decl":{"start":{"line":91,"column":14},"end":{"line":91,"column":19}},"loc":{"start":{"line":92,"column":14},"end":{"line":98,"column":null}},"line":92},"6":{"name":"(anonymous_6)","decl":{"start":{"line":94,"column":16},"end":{"line":94,"column":31}},"loc":{"start":{"line":94,"column":31},"end":{"line":94,"column":45}},"line":94}},"branchMap":{"0":{"loc":{"start":{"line":8,"column":2},"end":{"line":8,"column":null}},"type":"if","locations":[{"start":{"line":8,"column":2},"end":{"line":8,"column":null}},{"start":{},"end":{}}],"line":8}},"s":{"0":2,"1":88,"2":88,"3":88,"4":1,"5":87,"6":348,"7":1,"8":348,"9":1,"10":261,"11":1},"f":{"0":88,"1":348,"2":1,"3":348,"4":1,"5":261,"6":1},"b":{"0":[1,87]},"meta":{"lastBranch":1,"lastFunction":7,"lastStatement":12,"seen":{"s:5:6:100:Infinity":0,"f:5:6:5:21":0,"s:6:8:6:32":1,"s:7:10:7:40":2,"b:8:2:8:Infinity:undefined:undefined:undefined:undefined":0,"s:8:2:8:Infinity":3,"s:8:19:8:Infinity":4,"s:10:2:100:Infinity":5,"f:45:16:45:21":1,"s:46:16:54:Infinity":6,"f:48:20:48:35":2,"s:48:35:48:49":7,"f:68:16:68:21":3,"s:69:16:77:Infinity":8,"f:71:20:71:35":4,"s:71:35:71:49":9,"f:91:14:91:19":5,"s:92:14:98:Infinity":10,"f:94:16:94:31":6,"s:94:31:94:45":11},"fnNames":{}}}
,"C:\\Users\\benja\\Desktop\\Clases\\FullStack3\\frontend-sanos-salvos\\src\\components\\layout\\Navbar.tsx": {"path":"C:\\Users\\benja\\Desktop\\Clases\\FullStack3\\frontend-sanos-salvos\\src\\components\\layout\\Navbar.tsx","statementMap":{"0":{"start":{"line":12,"column":17},"end":{"line":18,"column":null}},"1":{"start":{"line":20,"column":6},"end":{"line":315,"column":null}},"2":{"start":{"line":21,"column":8},"end":{"line":21,"column":32}},"3":{"start":{"line":22,"column":8},"end":{"line":22,"column":32}},"4":{"start":{"line":23,"column":33},"end":{"line":23,"column":53}},"5":{"start":{"line":24,"column":35},"end":{"line":24,"column":66}},"6":{"start":{"line":25,"column":22},"end":{"line":25,"column":55}},"7":{"start":{"line":26,"column":19},"end":{"line":26,"column":55}},"8":{"start":{"line":27,"column":19},"end":{"line":27,"column":55}},"9":{"start":{"line":29,"column":10},"end":{"line":29,"column":44}},"10":{"start":{"line":30,"column":18},"end":{"line":30,"column":null}},"11":{"start":{"line":32,"column":24},"end":{"line":34,"column":null}},"12":{"start":{"line":36,"column":2},"end":{"line":40,"column":null}},"13":{"start":{"line":37,"column":10},"end":{"line":37,"column":58}},"14":{"start":{"line":37,"column":27},"end":{"line":37,"column":58}},"15":{"start":{"line":38,"column":4},"end":{"line":38,"column":null}},"16":{"start":{"line":39,"column":4},"end":{"line":39,"column":null}},"17":{"start":{"line":39,"column":17},"end":{"line":39,"column":63}},"18":{"start":{"line":42,"column":2},"end":{"line":42,"column":null}},"19":{"start":{"line":42,"column":20},"end":{"line":42,"column":43}},"20":{"start":{"line":42,"column":43},"end":{"line":42,"column":66}},"21":{"start":{"line":44,"column":23},"end":{"line":46,"column":null}},"22":{"start":{"line":45,"column":4},"end":{"line":45,"column":null}},"23":{"start":{"line":46,"column":4},"end":{"line":46,"column":null}},"24":{"start":{"line":49,"column":8},"end":{"line":50,"column":81}},"25":{"start":{"line":50,"column":4},"end":{"line":50,"column":81}},"26":{"start":{"line":52,"column":2},"end":{"line":315,"column":null}},"27":{"start":{"line":65,"column":27},"end":{"line":65,"column":45}},"28":{"start":{"line":77,"column":25},"end":{"line":77,"column":38}},"29":{"start":{"line":89,"column":12},"end":{"line":99,"column":null}},"30":{"start":{"line":91,"column":29},"end":{"line":91,"column":43}},"31":{"start":{"line":103,"column":29},"end":{"line":103,"column":50}},"32":{"start":{"line":121,"column":29},"end":{"line":121,"column":47}},"33":{"start":{"line":139,"column":31},"end":{"line":139,"column":53}},"34":{"start":{"line":163,"column":37},"end":{"line":163,"column":56}},"35":{"start":{"line":170,"column":37},"end":{"line":170,"column":62}},"36":{"start":{"line":191,"column":31},"end":{"line":191,"column":49}},"37":{"start":{"line":198,"column":31},"end":{"line":198,"column":52}},"38":{"start":{"line":210,"column":25},"end":{"line":210,"column":53}},"39":{"start":{"line":229,"column":16},"end":{"line":240,"column":null}},"40":{"start":{"line":231,"column":33},"end":{"line":231,"column":47}},"41":{"start":{"line":244,"column":33},"end":{"line":244,"column":54}},"42":{"start":{"line":258,"column":33},"end":{"line":258,"column":51}},"43":{"start":{"line":271,"column":39},"end":{"line":271,"column":58}},"44":{"start":{"line":278,"column":39},"end":{"line":278,"column":64}},"45":{"start":{"line":296,"column":37},"end":{"line":296,"column":55}},"46":{"start":{"line":303,"column":37},"end":{"line":303,"column":58}}},"fnMap":{"0":{"name":"(anonymous_0)","decl":{"start":{"line":20,"column":6},"end":{"line":20,"column":21}},"loc":{"start":{"line":20,"column":21},"end":{"line":315,"column":null}},"line":20},"1":{"name":"(anonymous_1)","decl":{"start":{"line":36,"column":2},"end":{"line":36,"column":18}},"loc":{"start":{"line":36,"column":18},"end":{"line":40,"column":7}},"line":36},"2":{"name":"(anonymous_2)","decl":{"start":{"line":37,"column":10},"end":{"line":37,"column":27}},"loc":{"start":{"line":37,"column":27},"end":{"line":37,"column":58}},"line":37},"3":{"name":"(anonymous_3)","decl":{"start":{"line":39,"column":4},"end":{"line":39,"column":17}},"loc":{"start":{"line":39,"column":17},"end":{"line":39,"column":63}},"line":39},"4":{"name":"(anonymous_4)","decl":{"start":{"line":42,"column":2},"end":{"line":42,"column":18}},"loc":{"start":{"line":42,"column":18},"end":{"line":42,"column":67}},"line":42},"5":{"name":"(anonymous_5)","decl":{"start":{"line":44,"column":23},"end":{"line":44,"column":35}},"loc":{"start":{"line":44,"column":35},"end":{"line":46,"column":null}},"line":44},"6":{"name":"(anonymous_6)","decl":{"start":{"line":49,"column":8},"end":{"line":49,"column":20}},"loc":{"start":{"line":50,"column":4},"end":{"line":50,"column":81}},"line":50},"7":{"name":"(anonymous_7)","decl":{"start":{"line":65,"column":12},"end":{"line":65,"column":27}},"loc":{"start":{"line":65,"column":27},"end":{"line":65,"column":45}},"line":65},"8":{"name":"(anonymous_8)","decl":{"start":{"line":77,"column":10},"end":{"line":77,"column":25}},"loc":{"start":{"line":77,"column":25},"end":{"line":77,"column":38}},"line":77},"9":{"name":"(anonymous_9)","decl":{"start":{"line":88,"column":20},"end":{"line":88,"column":25}},"loc":{"start":{"line":89,"column":12},"end":{"line":99,"column":null}},"line":89},"10":{"name":"(anonymous_10)","decl":{"start":{"line":91,"column":14},"end":{"line":91,"column":29}},"loc":{"start":{"line":91,"column":29},"end":{"line":91,"column":43}},"line":91},"11":{"name":"(anonymous_11)","decl":{"start":{"line":103,"column":14},"end":{"line":103,"column":29}},"loc":{"start":{"line":103,"column":29},"end":{"line":103,"column":50}},"line":103},"12":{"name":"(anonymous_12)","decl":{"start":{"line":121,"column":14},"end":{"line":121,"column":29}},"loc":{"start":{"line":121,"column":29},"end":{"line":121,"column":47}},"line":121},"13":{"name":"(anonymous_13)","decl":{"start":{"line":139,"column":16},"end":{"line":139,"column":31}},"loc":{"start":{"line":139,"column":31},"end":{"line":139,"column":53}},"line":139},"14":{"name":"(anonymous_14)","decl":{"start":{"line":163,"column":22},"end":{"line":163,"column":37}},"loc":{"start":{"line":163,"column":37},"end":{"line":163,"column":56}},"line":163},"15":{"name":"(anonymous_15)","decl":{"start":{"line":170,"column":22},"end":{"line":170,"column":37}},"loc":{"start":{"line":170,"column":37},"end":{"line":170,"column":62}},"line":170},"16":{"name":"(anonymous_16)","decl":{"start":{"line":191,"column":16},"end":{"line":191,"column":31}},"loc":{"start":{"line":191,"column":31},"end":{"line":191,"column":49}},"line":191},"17":{"name":"(anonymous_17)","decl":{"start":{"line":198,"column":16},"end":{"line":198,"column":31}},"loc":{"start":{"line":198,"column":31},"end":{"line":198,"column":52}},"line":198},"18":{"name":"(anonymous_18)","decl":{"start":{"line":210,"column":10},"end":{"line":210,"column":25}},"loc":{"start":{"line":210,"column":25},"end":{"line":210,"column":53}},"line":210},"19":{"name":"(anonymous_19)","decl":{"start":{"line":228,"column":24},"end":{"line":228,"column":29}},"loc":{"start":{"line":229,"column":16},"end":{"line":240,"column":null}},"line":229},"20":{"name":"(anonymous_20)","decl":{"start":{"line":231,"column":18},"end":{"line":231,"column":33}},"loc":{"start":{"line":231,"column":33},"end":{"line":231,"column":47}},"line":231},"21":{"name":"(anonymous_21)","decl":{"start":{"line":244,"column":18},"end":{"line":244,"column":33}},"loc":{"start":{"line":244,"column":33},"end":{"line":244,"column":54}},"line":244},"22":{"name":"(anonymous_22)","decl":{"start":{"line":258,"column":18},"end":{"line":258,"column":33}},"loc":{"start":{"line":258,"column":33},"end":{"line":258,"column":51}},"line":258},"23":{"name":"(anonymous_23)","decl":{"start":{"line":271,"column":24},"end":{"line":271,"column":39}},"loc":{"start":{"line":271,"column":39},"end":{"line":271,"column":58}},"line":271},"24":{"name":"(anonymous_24)","decl":{"start":{"line":278,"column":24},"end":{"line":278,"column":39}},"loc":{"start":{"line":278,"column":39},"end":{"line":278,"column":64}},"line":278},"25":{"name":"(anonymous_25)","decl":{"start":{"line":296,"column":22},"end":{"line":296,"column":37}},"loc":{"start":{"line":296,"column":37},"end":{"line":296,"column":55}},"line":296},"26":{"name":"(anonymous_26)","decl":{"start":{"line":303,"column":22},"end":{"line":303,"column":37}},"loc":{"start":{"line":303,"column":37},"end":{"line":303,"column":58}},"line":303}},"branchMap":{"0":{"loc":{"start":{"line":30,"column":18},"end":{"line":30,"column":null}},"type":"binary-expr","locations":[{"start":{"line":30,"column":18},"end":{"line":30,"column":51}},{"start":{"line":30,"column":51},"end":{"line":30,"column":81}},{"start":{"line":30,"column":81},"end":{"line":30,"column":null}}],"line":30},"1":{"loc":{"start":{"line":32,"column":24},"end":{"line":34,"column":null}},"type":"cond-expr","locations":[{"start":{"line":33,"column":6},"end":{"line":33,"column":null}},{"start":{"line":34,"column":6},"end":{"line":34,"column":null}}],"line":32},"2":{"loc":{"start":{"line":34,"column":6},"end":{"line":34,"column":null}},"type":"binary-expr","locations":[{"start":{"line":34,"column":6},"end":{"line":34,"column":47}},{"start":{"line":34,"column":47},"end":{"line":34,"column":null}}],"line":34},"3":{"loc":{"start":{"line":50,"column":4},"end":{"line":50,"column":81}},"type":"cond-expr","locations":[{"start":{"line":50,"column":19},"end":{"line":50,"column":47}},{"start":{"line":50,"column":47},"end":{"line":50,"column":81}}],"line":50},"4":{"loc":{"start":{"line":54,"column":6},"end":{"line":54,"column":null}},"type":"cond-expr","locations":[{"start":{"line":54,"column":17},"end":{"line":54,"column":66}},{"start":{"line":54,"column":66},"end":{"line":54,"column":null}}],"line":54},"5":{"loc":{"start":{"line":55,"column":8},"end":{"line":55,"column":null}},"type":"cond-expr","locations":[{"start":{"line":55,"column":36},"end":{"line":55,"column":50}},{"start":{"line":55,"column":50},"end":{"line":55,"column":null}}],"line":55},"6":{"loc":{"start":{"line":55,"column":8},"end":{"line":55,"column":36}},"type":"binary-expr","locations":[{"start":{"line":55,"column":8},"end":{"line":55,"column":22}},{"start":{"line":55,"column":22},"end":{"line":55,"column":36}}],"line":55},"7":{"loc":{"start":{"line":58,"column":7},"end":{"line":69,"column":null}},"type":"binary-expr","locations":[{"start":{"line":58,"column":7},"end":{"line":58,"column":21}},{"start":{"line":58,"column":21},"end":{"line":58,"column":null}},{"start":{"line":59,"column":8},"end":{"line":69,"column":null}}],"line":58},"8":{"loc":{"start":{"line":93,"column":16},"end":{"line":95,"column":null}},"type":"cond-expr","locations":[{"start":{"line":94,"column":20},"end":{"line":94,"column":null}},{"start":{"line":95,"column":20},"end":{"line":95,"column":null}}],"line":93},"9":{"loc":{"start":{"line":101,"column":11},"end":{"line":115,"column":null}},"type":"binary-expr","locations":[{"start":{"line":101,"column":11},"end":{"line":101,"column":null}},{"start":{"line":102,"column":12},"end":{"line":115,"column":null}}],"line":101},"10":{"loc":{"start":{"line":105,"column":16},"end":{"line":107,"column":null}},"type":"cond-expr","locations":[{"start":{"line":106,"column":20},"end":{"line":106,"column":null}},{"start":{"line":107,"column":20},"end":{"line":107,"column":null}}],"line":105},"11":{"loc":{"start":{"line":112,"column":15},"end":{"line":115,"column":null}},"type":"binary-expr","locations":[{"start":{"line":112,"column":15},"end":{"line":112,"column":null}},{"start":{"line":113,"column":16},"end":{"line":115,"column":null}}],"line":112},"12":{"loc":{"start":{"line":119,"column":11},"end":{"line":128,"column":null}},"type":"binary-expr","locations":[{"start":{"line":119,"column":11},"end":{"line":119,"column":30}},{"start":{"line":119,"column":30},"end":{"line":119,"column":null}},{"start":{"line":120,"column":12},"end":{"line":128,"column":null}}],"line":119},"13":{"loc":{"start":{"line":123,"column":16},"end":{"line":125,"column":null}},"type":"cond-expr","locations":[{"start":{"line":124,"column":20},"end":{"line":124,"column":null}},{"start":{"line":125,"column":20},"end":{"line":125,"column":null}}],"line":123},"14":{"loc":{"start":{"line":136,"column":11},"end":{"line":204,"column":null}},"type":"cond-expr","locations":[{"start":{"line":137,"column":12},"end":{"line":189,"column":null}},{"start":{"line":189,"column":12},"end":{"line":204,"column":null}}],"line":136},"15":{"loc":{"start":{"line":142,"column":17},"end":{"line":147,"column":null}},"type":"cond-expr","locations":[{"start":{"line":143,"column":18},"end":{"line":145,"column":19}},{"start":{"line":145,"column":18},"end":{"line":147,"column":null}}],"line":142},"16":{"loc":{"start":{"line":150,"column":91},"end":{"line":150,"column":125}},"type":"cond-expr","locations":[{"start":{"line":150,"column":102},"end":{"line":150,"column":117}},{"start":{"line":150,"column":117},"end":{"line":150,"column":125}}],"line":150},"17":{"loc":{"start":{"line":154,"column":17},"end":{"line":186,"column":null}},"type":"binary-expr","locations":[{"start":{"line":154,"column":17},"end":{"line":154,"column":null}},{"start":{"line":155,"column":18},"end":{"line":186,"column":null}}],"line":154},"18":{"loc":{"start":{"line":213,"column":11},"end":{"line":213,"column":null}},"type":"cond-expr","locations":[{"start":{"line":213,"column":25},"end":{"line":213,"column":54}},{"start":{"line":213,"column":53},"end":{"line":213,"column":null}}],"line":213},"19":{"loc":{"start":{"line":219,"column":9},"end":{"line":315,"column":null}},"type":"binary-expr","locations":[{"start":{"line":219,"column":9},"end":{"line":219,"column":null}},{"start":{"line":220,"column":10},"end":{"line":315,"column":null}}],"line":219},"20":{"loc":{"start":{"line":233,"column":20},"end":{"line":235,"column":null}},"type":"cond-expr","locations":[{"start":{"line":234,"column":24},"end":{"line":234,"column":null}},{"start":{"line":235,"column":24},"end":{"line":235,"column":null}}],"line":233},"21":{"loc":{"start":{"line":238,"column":19},"end":{"line":239,"column":null}},"type":"binary-expr","locations":[{"start":{"line":238,"column":19},"end":{"line":238,"column":27}},{"start":{"line":238,"column":27},"end":{"line":239,"column":null}}],"line":238},"22":{"loc":{"start":{"line":242,"column":15},"end":{"line":252,"column":null}},"type":"binary-expr","locations":[{"start":{"line":242,"column":15},"end":{"line":242,"column":null}},{"start":{"line":243,"column":16},"end":{"line":252,"column":null}}],"line":242},"23":{"loc":{"start":{"line":249,"column":19},"end":{"line":252,"column":null}},"type":"binary-expr","locations":[{"start":{"line":249,"column":19},"end":{"line":249,"column":null}},{"start":{"line":250,"column":20},"end":{"line":252,"column":null}}],"line":249},"24":{"loc":{"start":{"line":256,"column":15},"end":{"line":261,"column":null}},"type":"binary-expr","locations":[{"start":{"line":256,"column":15},"end":{"line":256,"column":34}},{"start":{"line":256,"column":34},"end":{"line":256,"column":null}},{"start":{"line":257,"column":16},"end":{"line":261,"column":null}}],"line":256},"25":{"loc":{"start":{"line":267,"column":17},"end":{"line":306,"column":null}},"type":"cond-expr","locations":[{"start":{"line":268,"column":18},"end":{"line":292,"column":null}},{"start":{"line":294,"column":18},"end":{"line":306,"column":null}}],"line":267}},"s":{"0":3,"1":3,"2":266,"3":266,"4":266,"5":266,"6":266,"7":266,"8":266,"9":266,"10":266,"11":266,"12":266,"13":100,"14":1,"15":100,"16":100,"17":100,"18":266,"19":100,"20":100,"21":266,"22":2,"23":2,"24":266,"25":1567,"26":266,"27":1,"28":1,"29":1330,"30":2,"31":1,"32":1,"33":4,"34":1,"35":1,"36":1,"37":1,"38":16,"39":160,"40":1,"41":1,"42":1,"43":1,"44":1,"45":1,"46":1},"f":{"0":266,"1":100,"2":1,"3":100,"4":100,"5":2,"6":1567,"7":1,"8":1,"9":1330,"10":2,"11":1,"12":1,"13":4,"14":1,"15":1,"16":1,"17":1,"18":16,"19":160,"20":1,"21":1,"22":1,"23":1,"24":1,"25":1,"26":1},"b":{"0":[266,251,251],"1":[44,222],"2":[222,221],"3":[298,1269],"4":[2,264],"5":[1,265],"6":[266,3],"7":[266,3,2],"8":[264,1066],"9":[266,62],"10":[1,61],"11":[62,4],"12":[266,62,15],"13":[1,14],"14":[62,204],"15":[1,61],"16":[8,54],"17":[62,8],"18":[32,234],"19":[266,32],"20":[32,128],"21":[160,96],"22":[32,22],"23":[22,2],"24":[32,22,6],"25":[22,10]},"meta":{"lastBranch":26,"lastFunction":27,"lastStatement":47,"seen":{"s:12:17:18:Infinity":0,"s:20:6:315:Infinity":1,"f:20:6:20:21":0,"s:21:8:21:32":2,"s:22:8:22:32":3,"s:23:33:23:53":4,"s:24:35:24:66":5,"s:25:22:25:55":6,"s:26:19:26:55":7,"s:27:19:27:55":8,"s:29:10:29:44":9,"s:30:18:30:Infinity":10,"b:30:18:30:51:30:51:30:81:30:81:30:Infinity":0,"s:32:24:34:Infinity":11,"b:33:6:33:Infinity:34:6:34:Infinity":1,"b:34:6:34:47:34:47:34:Infinity":2,"s:36:2:40:Infinity":12,"f:36:2:36:18":1,"s:37:10:37:58":13,"f:37:10:37:27":2,"s:37:27:37:58":14,"s:38:4:38:Infinity":15,"s:39:4:39:Infinity":16,"f:39:4:39:17":3,"s:39:17:39:63":17,"s:42:2:42:Infinity":18,"f:42:2:42:18":4,"s:42:20:42:43":19,"s:42:43:42:66":20,"s:44:23:46:Infinity":21,"f:44:23:44:35":5,"s:45:4:45:Infinity":22,"s:46:4:46:Infinity":23,"s:49:8:50:81":24,"f:49:8:49:20":6,"s:50:4:50:81":25,"b:50:19:50:47:50:47:50:81":3,"s:52:2:315:Infinity":26,"b:54:17:54:66:54:66:54:Infinity":4,"b:55:36:55:50:55:50:55:Infinity":5,"b:55:8:55:22:55:22:55:36":6,"b:58:7:58:21:58:21:58:Infinity:59:8:69:Infinity":7,"f:65:12:65:27":7,"s:65:27:65:45":27,"f:77:10:77:25":8,"s:77:25:77:38":28,"f:88:20:88:25":9,"s:89:12:99:Infinity":29,"f:91:14:91:29":10,"s:91:29:91:43":30,"b:94:20:94:Infinity:95:20:95:Infinity":8,"b:101:11:101:Infinity:102:12:115:Infinity":9,"f:103:14:103:29":11,"s:103:29:103:50":31,"b:106:20:106:Infinity:107:20:107:Infinity":10,"b:112:15:112:Infinity:113:16:115:Infinity":11,"b:119:11:119:30:119:30:119:Infinity:120:12:128:Infinity":12,"f:121:14:121:29":12,"s:121:29:121:47":32,"b:124:20:124:Infinity:125:20:125:Infinity":13,"b:137:12:189:Infinity:189:12:204:Infinity":14,"f:139:16:139:31":13,"s:139:31:139:53":33,"b:143:18:145:19:145:18:147:Infinity":15,"b:150:102:150:117:150:117:150:125":16,"b:154:17:154:Infinity:155:18:186:Infinity":17,"f:163:22:163:37":14,"s:163:37:163:56":34,"f:170:22:170:37":15,"s:170:37:170:62":35,"f:191:16:191:31":16,"s:191:31:191:49":36,"f:198:16:198:31":17,"s:198:31:198:52":37,"f:210:10:210:25":18,"s:210:25:210:53":38,"b:213:25:213:54:213:53:213:Infinity":18,"b:219:9:219:Infinity:220:10:315:Infinity":19,"f:228:24:228:29":19,"s:229:16:240:Infinity":39,"f:231:18:231:33":20,"s:231:33:231:47":40,"b:234:24:234:Infinity:235:24:235:Infinity":20,"b:238:19:238:27:238:27:239:Infinity":21,"b:242:15:242:Infinity:243:16:252:Infinity":22,"f:244:18:244:33":21,"s:244:33:244:54":41,"b:249:19:249:Infinity:250:20:252:Infinity":23,"b:256:15:256:34:256:34:256:Infinity:257:16:261:Infinity":24,"f:258:18:258:33":22,"s:258:33:258:51":42,"b:268:18:292:Infinity:294:18:306:Infinity":25,"f:271:24:271:39":23,"s:271:39:271:58":43,"f:278:24:278:39":24,"s:278:39:278:64":44,"f:296:22:296:37":25,"s:296:37:296:55":45,"f:303:22:303:37":26,"s:303:37:303:58":46},"fnNames":{}}}
,"C:\\Users\\benja\\Desktop\\Clases\\FullStack3\\frontend-sanos-salvos\\src\\components\\ui\\Alert.tsx": {"path":"C:\\Users\\benja\\Desktop\\Clases\\FullStack3\\frontend-sanos-salvos\\src\\components\\ui\\Alert.tsx","statementMap":{"0":{"start":{"line":9,"column":15},"end":{"line":14,"column":null}},"1":{"start":{"line":16,"column":6},"end":{"line":21,"column":null}},"2":{"start":{"line":17,"column":33},"end":{"line":17,"column":null}},"3":{"start":{"line":18,"column":2},"end":{"line":21,"column":null}}},"fnMap":{"0":{"name":"(anonymous_0)","decl":{"start":{"line":16,"column":6},"end":{"line":16,"column":15}},"loc":{"start":{"line":16,"column":69},"end":{"line":21,"column":null}},"line":16}},"branchMap":{"0":{"loc":{"start":{"line":16,"column":36},"end":{"line":16,"column":69}},"type":"default-arg","locations":[{"start":{"line":16,"column":48},"end":{"line":16,"column":69}}],"line":16}},"s":{"0":1,"1":1,"2":10,"3":10},"f":{"0":10},"b":{"0":[10]},"meta":{"lastBranch":1,"lastFunction":1,"lastStatement":4,"seen":{"s:9:15:14:Infinity":0,"s:16:6:21:Infinity":1,"f:16:6:16:15":0,"b:16:48:16:69":0,"s:17:33:17:Infinity":2,"s:18:2:21:Infinity":3},"fnNames":{}}}
,"C:\\Users\\benja\\Desktop\\Clases\\FullStack3\\frontend-sanos-salvos\\src\\components\\ui\\Button.tsx": {"path":"C:\\Users\\benja\\Desktop\\Clases\\FullStack3\\frontend-sanos-salvos\\src\\components\\ui\\Button.tsx","statementMap":{"0":{"start":{"line":11,"column":17},"end":{"line":17,"column":null}},"1":{"start":{"line":19,"column":14},"end":{"line":23,"column":null}},"2":{"start":{"line":25,"column":6},"end":{"line":46,"column":null}},"3":{"start":{"line":36,"column":2},"end":{"line":46,"column":null}}},"fnMap":{"0":{"name":"(anonymous_0)","decl":{"start":{"line":25,"column":6},"end":{"line":25,"column":16}},"loc":{"start":{"line":36,"column":2},"end":{"line":46,"column":null}},"line":36}},"branchMap":{"0":{"loc":{"start":{"line":26,"column":2},"end":{"line":26,"column":null}},"type":"default-arg","locations":[{"start":{"line":26,"column":12},"end":{"line":26,"column":null}}],"line":26},"1":{"loc":{"start":{"line":27,"column":2},"end":{"line":27,"column":null}},"type":"default-arg","locations":[{"start":{"line":27,"column":9},"end":{"line":27,"column":null}}],"line":27},"2":{"loc":{"start":{"line":28,"column":2},"end":{"line":28,"column":null}},"type":"default-arg","locations":[{"start":{"line":28,"column":14},"end":{"line":28,"column":null}}],"line":28},"3":{"loc":{"start":{"line":29,"column":2},"end":{"line":29,"column":null}},"type":"default-arg","locations":[{"start":{"line":29,"column":12},"end":{"line":29,"column":null}}],"line":29},"4":{"loc":{"start":{"line":31,"column":2},"end":{"line":31,"column":null}},"type":"default-arg","locations":[{"start":{"line":31,"column":14},"end":{"line":31,"column":null}}],"line":31},"5":{"loc":{"start":{"line":40,"column":44},"end":{"line":40,"column":70}},"type":"cond-expr","locations":[{"start":{"line":40,"column":56},"end":{"line":40,"column":67}},{"start":{"line":40,"column":67},"end":{"line":40,"column":70}}],"line":40},"6":{"loc":{"start":{"line":42,"column":14},"end":{"line":42,"column":null}},"type":"binary-expr","locations":[{"start":{"line":42,"column":14},"end":{"line":42,"column":26}},{"start":{"line":42,"column":26},"end":{"line":42,"column":null}}],"line":42},"7":{"loc":{"start":{"line":45,"column":5},"end":{"line":45,"column":null}},"type":"cond-expr","locations":[{"start":{"line":45,"column":15},"end":{"line":45,"column":null}},{"start":{"line":45,"column":62},"end":{"line":45,"column":null}}],"line":45}},"s":{"0":1,"1":1,"2":1,"3":17},"f":{"0":17},"b":{"0":[17],"1":[17],"2":[17],"3":[17],"4":[17],"5":[1,16],"6":[17,15],"7":[3,14]},"meta":{"lastBranch":8,"lastFunction":1,"lastStatement":4,"seen":{"s:11:17:17:Infinity":0,"s:19:14:23:Infinity":1,"s:25:6:46:Infinity":2,"f:25:6:25:16":0,"s:36:2:46:Infinity":3,"b:26:12:26:Infinity":0,"b:27:9:27:Infinity":1,"b:28:14:28:Infinity":2,"b:29:12:29:Infinity":3,"b:31:14:31:Infinity":4,"b:40:56:40:67:40:67:40:70":5,"b:42:14:42:26:42:26:42:Infinity":6,"b:45:15:45:Infinity:45:62:45:Infinity":7},"fnNames":{}}}
,"C:\\Users\\benja\\Desktop\\Clases\\FullStack3\\frontend-sanos-salvos\\src\\components\\ui\\Input.tsx": {"path":"C:\\Users\\benja\\Desktop\\Clases\\FullStack3\\frontend-sanos-salvos\\src\\components\\ui\\Input.tsx","statementMap":{"0":{"start":{"line":7,"column":6},"end":{"line":34,"column":null}},"1":{"start":{"line":8,"column":2},"end":{"line":34,"column":null}}},"fnMap":{"0":{"name":"(anonymous_0)","decl":{"start":{"line":7,"column":6},"end":{"line":7,"column":15}},"loc":{"start":{"line":8,"column":2},"end":{"line":34,"column":null}},"line":8}},"branchMap":{"0":{"loc":{"start":{"line":7,"column":41},"end":{"line":7,"column":57}},"type":"default-arg","locations":[{"start":{"line":7,"column":53},"end":{"line":7,"column":57}}],"line":7},"1":{"loc":{"start":{"line":9,"column":5},"end":{"line":12,"column":null}},"type":"binary-expr","locations":[{"start":{"line":9,"column":5},"end":{"line":9,"column":null}},{"start":{"line":10,"column":6},"end":{"line":12,"column":null}}],"line":9},"2":{"loc":{"start":{"line":15,"column":7},"end":{"line":20,"column":7}},"type":"binary-expr","locations":[{"start":{"line":15,"column":7},"end":{"line":15,"column":null}},{"start":{"line":16,"column":8},"end":{"line":20,"column":7}}],"line":15},"3":{"loc":{"start":{"line":27,"column":12},"end":{"line":27,"column":null}},"type":"cond-expr","locations":[{"start":{"line":27,"column":20},"end":{"line":27,"column":60}},{"start":{"line":27,"column":60},"end":{"line":27,"column":null}}],"line":27},"4":{"loc":{"start":{"line":28,"column":12},"end":{"line":28,"column":null}},"type":"cond-expr","locations":[{"start":{"line":28,"column":19},"end":{"line":28,"column":29}},{"start":{"line":28,"column":29},"end":{"line":28,"column":null}}],"line":28},"5":{"loc":{"start":{"line":34,"column":5},"end":{"line":34,"column":null}},"type":"binary-expr","locations":[{"start":{"line":34,"column":5},"end":{"line":34,"column":14}},{"start":{"line":34,"column":14},"end":{"line":34,"column":null}}],"line":34}},"s":{"0":1,"1":13},"f":{"0":13},"b":{"0":[13],"1":[13,2],"2":[13,2],"3":[2,11],"4":[2,11],"5":[13,2]},"meta":{"lastBranch":6,"lastFunction":1,"lastStatement":2,"seen":{"s:7:6:34:Infinity":0,"f:7:6:7:15":0,"s:8:2:34:Infinity":1,"b:7:53:7:57":0,"b:9:5:9:Infinity:10:6:12:Infinity":1,"b:15:7:15:Infinity:16:8:20:7":2,"b:27:20:27:60:27:60:27:Infinity":3,"b:28:19:28:29:28:29:28:Infinity":4,"b:34:5:34:14:34:14:34:Infinity":5},"fnNames":{}}}
,"C:\\Users\\benja\\Desktop\\Clases\\FullStack3\\frontend-sanos-salvos\\src\\context\\AdminModeContext.tsx": {"path":"C:\\Users\\benja\\Desktop\\Clases\\FullStack3\\frontend-sanos-salvos\\src\\context\\AdminModeContext.tsx","statementMap":{"0":{"start":{"line":4,"column":23},"end":{"line":4,"column":null}},"1":{"start":{"line":5,"column":20},"end":{"line":5,"column":null}},"2":{"start":{"line":13,"column":6},"end":{"line":17,"column":2}},"3":{"start":{"line":19,"column":13},"end":{"line":43,"column":null}},"4":{"start":{"line":20,"column":10},"end":{"line":20,"column":28}},"5":{"start":{"line":21,"column":21},"end":{"line":21,"column":61}},"6":{"start":{"line":23,"column":25},"end":{"line":24,"column":null}},"7":{"start":{"line":24,"column":10},"end":{"line":24,"column":null}},"8":{"start":{"line":27,"column":2},"end":{"line":29,"column":null}},"9":{"start":{"line":28,"column":4},"end":{"line":28,"column":null}},"10":{"start":{"line":28,"column":21},"end":{"line":28,"column":null}},"11":{"start":{"line":31,"column":8},"end":{"line":33,"column":null}},"12":{"start":{"line":32,"column":4},"end":{"line":32,"column":null}},"13":{"start":{"line":33,"column":4},"end":{"line":33,"column":null}},"14":{"start":{"line":36,"column":2},"end":{"line":43,"column":null}},"15":{"start":{"line":47,"column":13},"end":{"line":47,"column":62}}},"fnMap":{"0":{"name":"(anonymous_0)","decl":{"start":{"line":16,"column":2},"end":{"line":16,"column":22}},"loc":{"start":{"line":16,"column":22},"end":{"line":16,"column":null}},"line":16},"1":{"name":"(anonymous_1)","decl":{"start":{"line":19,"column":13},"end":{"line":19,"column":34}},"loc":{"start":{"line":19,"column":82},"end":{"line":43,"column":null}},"line":19},"2":{"name":"(anonymous_2)","decl":{"start":{"line":23,"column":46},"end":{"line":23,"column":null}},"loc":{"start":{"line":24,"column":10},"end":{"line":24,"column":null}},"line":24},"3":{"name":"(anonymous_3)","decl":{"start":{"line":27,"column":2},"end":{"line":27,"column":18}},"loc":{"start":{"line":27,"column":18},"end":{"line":29,"column":6}},"line":27},"4":{"name":"(anonymous_4)","decl":{"start":{"line":31,"column":8},"end":{"line":31,"column":24}},"loc":{"start":{"line":31,"column":39},"end":{"line":33,"column":null}},"line":31},"5":{"name":"(anonymous_5)","decl":{"start":{"line":47,"column":13},"end":{"line":47,"column":34}},"loc":{"start":{"line":47,"column":13},"end":{"line":47,"column":62}},"line":47}},"branchMap":{"0":{"loc":{"start":{"line":21,"column":45},"end":{"line":21,"column":61}},"type":"binary-expr","locations":[{"start":{"line":21,"column":45},"end":{"line":21,"column":58}},{"start":{"line":21,"column":58},"end":{"line":21,"column":61}}],"line":21},"1":{"loc":{"start":{"line":28,"column":4},"end":{"line":28,"column":null}},"type":"if","locations":[{"start":{"line":28,"column":4},"end":{"line":28,"column":null}},{"start":{},"end":{}}],"line":28},"2":{"loc":{"start":{"line":33,"column":38},"end":{"line":33,"column":59}},"type":"cond-expr","locations":[{"start":{"line":33,"column":42},"end":{"line":33,"column":52}},{"start":{"line":33,"column":52},"end":{"line":33,"column":59}}],"line":33},"3":{"loc":{"start":{"line":38,"column":19},"end":{"line":38,"column":null}},"type":"binary-expr","locations":[{"start":{"line":38,"column":19},"end":{"line":38,"column":33}},{"start":{"line":38,"column":33},"end":{"line":38,"column":null}}],"line":38}},"s":{"0":3,"1":3,"2":3,"3":3,"4":11,"5":11,"6":11,"7":8,"8":11,"9":8,"10":2,"11":11,"12":3,"13":3,"14":11,"15":271},"f":{"0":0,"1":11,"2":8,"3":8,"4":3,"5":271},"b":{"0":[11,1],"1":[2,6],"2":[1,2],"3":[11,9]},"meta":{"lastBranch":4,"lastFunction":6,"lastStatement":16,"seen":{"s:4:23:4:Infinity":0,"s:5:20:5:Infinity":1,"s:13:6:17:2":2,"f:16:2:16:22":0,"s:19:13:43:Infinity":3,"f:19:13:19:34":1,"s:20:10:20:28":4,"s:21:21:21:61":5,"b:21:45:21:58:21:58:21:61":0,"s:23:25:24:Infinity":6,"f:23:46:23:Infinity":2,"s:24:10:24:Infinity":7,"s:27:2:29:Infinity":8,"f:27:2:27:18":3,"b:28:4:28:Infinity:undefined:undefined:undefined:undefined":1,"s:28:4:28:Infinity":9,"s:28:21:28:Infinity":10,"s:31:8:33:Infinity":11,"f:31:8:31:24":4,"s:32:4:32:Infinity":12,"s:33:4:33:Infinity":13,"b:33:42:33:52:33:52:33:59":2,"s:36:2:43:Infinity":14,"b:38:19:38:33:38:33:38:Infinity":3,"s:47:13:47:62":15,"f:47:13:47:34":5},"fnNames":{}}}
,"C:\\Users\\benja\\Desktop\\Clases\\FullStack3\\frontend-sanos-salvos\\src\\context\\AuthContext.tsx": {"path":"C:\\Users\\benja\\Desktop\\Clases\\FullStack3\\frontend-sanos-salvos\\src\\context\\AuthContext.tsx","statementMap":{"0":{"start":{"line":9,"column":6},"end":{"line":45,"column":null}},"1":{"start":{"line":10,"column":18},"end":{"line":21,"column":null}},"2":{"start":{"line":23,"column":2},"end":{"line":42,"column":null}},"3":{"start":{"line":24,"column":10},"end":{"line":24,"column":56}},"4":{"start":{"line":25,"column":4},"end":{"line":33,"column":null}},"5":{"start":{"line":35,"column":4},"end":{"line":42,"column":null}},"6":{"start":{"line":45,"column":2},"end":{"line":45,"column":null}},"7":{"start":{"line":56,"column":13},"end":{"line":56,"column":80}},"8":{"start":{"line":58,"column":13},"end":{"line":128,"column":null}},"9":{"start":{"line":59,"column":15},"end":{"line":59,"column":53}},"10":{"start":{"line":60,"column":18},"end":{"line":60,"column":46}},"11":{"start":{"line":62,"column":2},"end":{"line":88,"column":null}},"12":{"start":{"line":63,"column":17},"end":{"line":85,"column":null}},"13":{"start":{"line":64,"column":20},"end":{"line":64,"column":44}},"14":{"start":{"line":65,"column":6},"end":{"line":80,"column":null}},"15":{"start":{"line":66,"column":8},"end":{"line":80,"column":null}},"16":{"start":{"line":68,"column":25},"end":{"line":68,"column":58}},"17":{"start":{"line":69,"column":10},"end":{"line":69,"column":null}},"18":{"start":{"line":71,"column":10},"end":{"line":80,"column":null}},"19":{"start":{"line":72,"column":12},"end":{"line":72,"column":null}},"20":{"start":{"line":75,"column":12},"end":{"line":80,"column":null}},"21":{"start":{"line":76,"column":29},"end":{"line":76,"column":54}},"22":{"start":{"line":77,"column":14},"end":{"line":77,"column":null}},"23":{"start":{"line":80,"column":14},"end":{"line":80,"column":null}},"24":{"start":{"line":85,"column":6},"end":{"line":85,"column":null}},"25":{"start":{"line":87,"column":4},"end":{"line":87,"column":null}},"26":{"start":{"line":90,"column":16},"end":{"line":105,"column":null}},"27":{"start":{"line":91,"column":31},"end":{"line":91,"column":71}},"28":{"start":{"line":92,"column":4},"end":{"line":92,"column":null}},"29":{"start":{"line":93,"column":4},"end":{"line":105,"column":null}},"30":{"start":{"line":94,"column":21},"end":{"line":94,"column":54}},"31":{"start":{"line":95,"column":6},"end":{"line":95,"column":null}},"32":{"start":{"line":96,"column":6},"end":{"line":96,"column":null}},"33":{"start":{"line":98,"column":6},"end":{"line":105,"column":null}},"34":{"start":{"line":99,"column":23},"end":{"line":99,"column":48}},"35":{"start":{"line":100,"column":18},"end":{"line":100,"column":40}},"36":{"start":{"line":101,"column":8},"end":{"line":101,"column":null}},"37":{"start":{"line":102,"column":8},"end":{"line":102,"column":null}},"38":{"start":{"line":104,"column":8},"end":{"line":104,"column":null}},"39":{"start":{"line":105,"column":8},"end":{"line":105,"column":null}},"40":{"start":{"line":110,"column":17},"end":{"line":116,"column":null}},"41":{"start":{"line":111,"column":25},"end":{"line":111,"column":50}},"42":{"start":{"line":112,"column":4},"end":{"line":113,"column":null}},"43":{"start":{"line":113,"column":6},"end":{"line":113,"column":null}},"44":{"start":{"line":115,"column":4},"end":{"line":115,"column":null}},"45":{"start":{"line":116,"column":4},"end":{"line":116,"column":null}},"46":{"start":{"line":119,"column":2},"end":{"line":128,"column":null}}},"fnMap":{"0":{"name":"(anonymous_0)","decl":{"start":{"line":9,"column":6},"end":{"line":9,"column":24}},"loc":{"start":{"line":9,"column":88},"end":{"line":45,"column":null}},"line":9},"1":{"name":"(anonymous_1)","decl":{"start":{"line":58,"column":13},"end":{"line":58,"column":29}},"loc":{"start":{"line":58,"column":71},"end":{"line":128,"column":null}},"line":58},"2":{"name":"(anonymous_2)","decl":{"start":{"line":62,"column":2},"end":{"line":62,"column":18}},"loc":{"start":{"line":62,"column":18},"end":{"line":88,"column":7}},"line":62},"3":{"name":"(anonymous_3)","decl":{"start":{"line":63,"column":17},"end":{"line":63,"column":29}},"loc":{"start":{"line":63,"column":29},"end":{"line":85,"column":null}},"line":63},"4":{"name":"(anonymous_4)","decl":{"start":{"line":90,"column":16},"end":{"line":90,"column":23}},"loc":{"start":{"line":90,"column":74},"end":{"line":105,"column":null}},"line":90},"5":{"name":"(anonymous_5)","decl":{"start":{"line":110,"column":17},"end":{"line":110,"column":29}},"loc":{"start":{"line":110,"column":29},"end":{"line":116,"column":null}},"line":110},"6":{"name":"(anonymous_6)","decl":{"start":{"line":113,"column":45},"end":{"line":113,"column":57}},"loc":{"start":{"line":113,"column":57},"end":{"line":113,"column":60}},"line":113}},"branchMap":{"0":{"loc":{"start":{"line":14,"column":14},"end":{"line":14,"column":null}},"type":"binary-expr","locations":[{"start":{"line":14,"column":14},"end":{"line":14,"column":33}},{"start":{"line":14,"column":33},"end":{"line":14,"column":null}}],"line":14},"1":{"loc":{"start":{"line":17,"column":12},"end":{"line":17,"column":null}},"type":"binary-expr","locations":[{"start":{"line":17,"column":12},"end":{"line":17,"column":29}},{"start":{"line":17,"column":29},"end":{"line":17,"column":null}}],"line":17},"2":{"loc":{"start":{"line":18,"column":12},"end":{"line":18,"column":null}},"type":"binary-expr","locations":[{"start":{"line":18,"column":12},"end":{"line":18,"column":29}},{"start":{"line":18,"column":29},"end":{"line":18,"column":null}}],"line":18},"3":{"loc":{"start":{"line":23,"column":2},"end":{"line":42,"column":null}},"type":"if","locations":[{"start":{"line":23,"column":2},"end":{"line":42,"column":null}},{"start":{"line":34,"column":9},"end":{"line":42,"column":null}}],"line":23},"4":{"loc":{"start":{"line":24,"column":20},"end":{"line":24,"column":39}},"type":"binary-expr","locations":[{"start":{"line":24,"column":20},"end":{"line":24,"column":35}},{"start":{"line":24,"column":35},"end":{"line":24,"column":39}}],"line":24},"5":{"loc":{"start":{"line":27,"column":21},"end":{"line":27,"column":null}},"type":"binary-expr","locations":[{"start":{"line":27,"column":21},"end":{"line":27,"column":45}},{"start":{"line":27,"column":45},"end":{"line":27,"column":58}},{"start":{"line":27,"column":58},"end":{"line":27,"column":null}}],"line":27},"6":{"loc":{"start":{"line":29,"column":24},"end":{"line":29,"column":null}},"type":"binary-expr","locations":[{"start":{"line":29,"column":24},"end":{"line":29,"column":52}},{"start":{"line":29,"column":52},"end":{"line":29,"column":77}},{"start":{"line":29,"column":81},"end":{"line":29,"column":null}}],"line":29},"7":{"loc":{"start":{"line":31,"column":11},"end":{"line":31,"column":null}},"type":"binary-expr","locations":[{"start":{"line":31,"column":11},"end":{"line":31,"column":25}},{"start":{"line":31,"column":25},"end":{"line":31,"column":null}}],"line":31},"8":{"loc":{"start":{"line":32,"column":17},"end":{"line":32,"column":null}},"type":"binary-expr","locations":[{"start":{"line":32,"column":17},"end":{"line":32,"column":37}},{"start":{"line":32,"column":37},"end":{"line":32,"column":null}}],"line":32},"9":{"loc":{"start":{"line":37,"column":26},"end":{"line":37,"column":null}},"type":"binary-expr","locations":[{"start":{"line":37,"column":26},"end":{"line":37,"column":41}},{"start":{"line":37,"column":41},"end":{"line":37,"column":null}}],"line":37},"10":{"loc":{"start":{"line":38,"column":20},"end":{"line":38,"column":null}},"type":"binary-expr","locations":[{"start":{"line":38,"column":20},"end":{"line":38,"column":43}},{"start":{"line":38,"column":43},"end":{"line":38,"column":null}}],"line":38},"11":{"loc":{"start":{"line":39,"column":11},"end":{"line":39,"column":null}},"type":"binary-expr","locations":[{"start":{"line":39,"column":11},"end":{"line":39,"column":25}},{"start":{"line":39,"column":25},"end":{"line":39,"column":null}}],"line":39},"12":{"loc":{"start":{"line":40,"column":24},"end":{"line":40,"column":null}},"type":"binary-expr","locations":[{"start":{"line":40,"column":24},"end":{"line":40,"column":51}},{"start":{"line":40,"column":51},"end":{"line":40,"column":null}}],"line":40},"13":{"loc":{"start":{"line":41,"column":17},"end":{"line":41,"column":null}},"type":"binary-expr","locations":[{"start":{"line":41,"column":17},"end":{"line":41,"column":37}},{"start":{"line":41,"column":37},"end":{"line":41,"column":null}}],"line":41},"14":{"loc":{"start":{"line":65,"column":6},"end":{"line":80,"column":null}},"type":"if","locations":[{"start":{"line":65,"column":6},"end":{"line":80,"column":null}},{"start":{},"end":{}}],"line":65},"15":{"loc":{"start":{"line":71,"column":10},"end":{"line":80,"column":null}},"type":"if","locations":[{"start":{"line":71,"column":10},"end":{"line":80,"column":null}},{"start":{"line":73,"column":17},"end":{"line":80,"column":null}}],"line":71},"16":{"loc":{"start":{"line":112,"column":4},"end":{"line":113,"column":null}},"type":"if","locations":[{"start":{"line":112,"column":4},"end":{"line":113,"column":null}},{"start":{},"end":{}}],"line":112}},"s":{"0":5,"1":3,"2":3,"3":2,"4":2,"5":1,"6":3,"7":5,"8":5,"9":24,"10":24,"11":24,"12":10,"13":10,"14":10,"15":6,"16":6,"17":2,"18":4,"19":1,"20":3,"21":3,"22":2,"23":1,"24":10,"25":10,"26":24,"27":2,"28":2,"29":2,"30":2,"31":1,"32":1,"33":1,"34":1,"35":1,"36":1,"37":1,"38":0,"39":0,"40":24,"41":2,"42":2,"43":1,"44":2,"45":2,"46":24},"f":{"0":3,"1":24,"2":10,"3":10,"4":2,"5":2,"6":0},"b":{"0":[3,3],"1":[3,3],"2":[3,3],"3":[2,1],"4":[2,0],"5":[2,2,0],"6":[2,2,0],"7":[2,2],"8":[2,2],"9":[1,0],"10":[1,0],"11":[1,0],"12":[1,0],"13":[1,1],"14":[6,4],"15":[1,3],"16":[1,1]},"meta":{"lastBranch":17,"lastFunction":7,"lastStatement":47,"seen":{"s:9:6:45:Infinity":0,"f:9:6:9:24":0,"s:10:18:21:Infinity":1,"b:14:14:14:33:14:33:14:Infinity":0,"b:17:12:17:29:17:29:17:Infinity":1,"b:18:12:18:29:18:29:18:Infinity":2,"b:23:2:42:Infinity:34:9:42:Infinity":3,"s:23:2:42:Infinity":2,"s:24:10:24:56":3,"b:24:20:24:35:24:35:24:39":4,"s:25:4:33:Infinity":4,"b:27:21:27:45:27:45:27:58:27:58:27:Infinity":5,"b:29:24:29:52:29:52:29:77:29:81:29:Infinity":6,"b:31:11:31:25:31:25:31:Infinity":7,"b:32:17:32:37:32:37:32:Infinity":8,"s:35:4:42:Infinity":5,"b:37:26:37:41:37:41:37:Infinity":9,"b:38:20:38:43:38:43:38:Infinity":10,"b:39:11:39:25:39:25:39:Infinity":11,"b:40:24:40:51:40:51:40:Infinity":12,"b:41:17:41:37:41:37:41:Infinity":13,"s:45:2:45:Infinity":6,"s:56:13:56:80":7,"s:58:13:128:Infinity":8,"f:58:13:58:29":1,"s:59:15:59:53":9,"s:60:18:60:46":10,"s:62:2:88:Infinity":11,"f:62:2:62:18":2,"s:63:17:85:Infinity":12,"f:63:17:63:29":3,"s:64:20:64:44":13,"b:65:6:80:Infinity:undefined:undefined:undefined:undefined":14,"s:65:6:80:Infinity":14,"s:66:8:80:Infinity":15,"s:68:25:68:58":16,"s:69:10:69:Infinity":17,"b:71:10:80:Infinity:73:17:80:Infinity":15,"s:71:10:80:Infinity":18,"s:72:12:72:Infinity":19,"s:75:12:80:Infinity":20,"s:76:29:76:54":21,"s:77:14:77:Infinity":22,"s:80:14:80:Infinity":23,"s:85:6:85:Infinity":24,"s:87:4:87:Infinity":25,"s:90:16:105:Infinity":26,"f:90:16:90:23":4,"s:91:31:91:71":27,"s:92:4:92:Infinity":28,"s:93:4:105:Infinity":29,"s:94:21:94:54":30,"s:95:6:95:Infinity":31,"s:96:6:96:Infinity":32,"s:98:6:105:Infinity":33,"s:99:23:99:48":34,"s:100:18:100:40":35,"s:101:8:101:Infinity":36,"s:102:8:102:Infinity":37,"s:104:8:104:Infinity":38,"s:105:8:105:Infinity":39,"s:110:17:116:Infinity":40,"f:110:17:110:29":5,"s:111:25:111:50":41,"b:112:4:113:Infinity:undefined:undefined:undefined:undefined":16,"s:112:4:113:Infinity":42,"s:113:6:113:Infinity":43,"f:113:45:113:57":6,"s:115:4:115:Infinity":44,"s:116:4:116:Infinity":45,"s:119:2:128:Infinity":46},"fnNames":{}}}
,"C:\\Users\\benja\\Desktop\\Clases\\FullStack3\\frontend-sanos-salvos\\src\\context\\MensajeriaContext.tsx": {"path":"C:\\Users\\benja\\Desktop\\Clases\\FullStack3\\frontend-sanos-salvos\\src\\context\\MensajeriaContext.tsx","statementMap":{"0":{"start":{"line":6,"column":23},"end":{"line":6,"column":null}},"1":{"start":{"line":15,"column":6},"end":{"line":20,"column":2}},"2":{"start":{"line":22,"column":13},"end":{"line":59,"column":null}},"3":{"start":{"line":23,"column":10},"end":{"line":23,"column":39}},"4":{"start":{"line":24,"column":17},"end":{"line":24,"column":59}},"5":{"start":{"line":25,"column":20},"end":{"line":25,"column":51}},"6":{"start":{"line":26,"column":25},"end":{"line":26,"column":57}},"7":{"start":{"line":28,"column":2},"end":{"line":52,"column":null}},"8":{"start":{"line":29,"column":4},"end":{"line":32,"column":null}},"9":{"start":{"line":30,"column":6},"end":{"line":30,"column":null}},"10":{"start":{"line":30,"column":28},"end":{"line":30,"column":48}},"11":{"start":{"line":30,"column":48},"end":{"line":30,"column":63}},"12":{"start":{"line":31,"column":6},"end":{"line":31,"column":null}},"13":{"start":{"line":32,"column":6},"end":{"line":32,"column":null}},"14":{"start":{"line":35,"column":18},"end":{"line":35,"column":42}},"15":{"start":{"line":36,"column":10},"end":{"line":39,"column":6}},"16":{"start":{"line":41,"column":4},"end":{"line":41,"column":null}},"17":{"start":{"line":41,"column":26},"end":{"line":41,"column":44}},"18":{"start":{"line":42,"column":4},"end":{"line":42,"column":null}},"19":{"start":{"line":42,"column":29},"end":{"line":42,"column":48}},"20":{"start":{"line":43,"column":4},"end":{"line":43,"column":null}},"21":{"start":{"line":43,"column":30},"end":{"line":43,"column":61}},"22":{"start":{"line":43,"column":55},"end":{"line":43,"column":61}},"23":{"start":{"line":45,"column":4},"end":{"line":45,"column":null}},"24":{"start":{"line":47,"column":4},"end":{"line":50,"column":null}},"25":{"start":{"line":48,"column":6},"end":{"line":48,"column":null}},"26":{"start":{"line":49,"column":6},"end":{"line":49,"column":null}},"27":{"start":{"line":50,"column":6},"end":{"line":50,"column":null}},"28":{"start":{"line":54,"column":8},"end":{"line":54,"column":56}},"29":{"start":{"line":54,"column":36},"end":{"line":54,"column":56}},"30":{"start":{"line":56,"column":2},"end":{"line":59,"column":null}},"31":{"start":{"line":63,"column":13},"end":{"line":63,"column":64}}},"fnMap":{"0":{"name":"(anonymous_0)","decl":{"start":{"line":19,"column":2},"end":{"line":19,"column":29}},"loc":{"start":{"line":19,"column":29},"end":{"line":19,"column":null}},"line":19},"1":{"name":"(anonymous_1)","decl":{"start":{"line":22,"column":13},"end":{"line":22,"column":35}},"loc":{"start":{"line":22,"column":83},"end":{"line":59,"column":null}},"line":22},"2":{"name":"(anonymous_2)","decl":{"start":{"line":28,"column":2},"end":{"line":28,"column":18}},"loc":{"start":{"line":28,"column":18},"end":{"line":52,"column":6}},"line":28},"3":{"name":"(anonymous_3)","decl":{"start":{"line":30,"column":6},"end":{"line":30,"column":17}},"loc":{"start":{"line":30,"column":26},"end":{"line":30,"column":null}},"line":30},"4":{"name":"(anonymous_4)","decl":{"start":{"line":41,"column":9},"end":{"line":41,"column":26}},"loc":{"start":{"line":41,"column":26},"end":{"line":41,"column":44}},"line":41},"5":{"name":"(anonymous_5)","decl":{"start":{"line":42,"column":9},"end":{"line":42,"column":29}},"loc":{"start":{"line":42,"column":29},"end":{"line":42,"column":48}},"line":42},"6":{"name":"(anonymous_6)","decl":{"start":{"line":43,"column":9},"end":{"line":43,"column":30}},"loc":{"start":{"line":43,"column":30},"end":{"line":43,"column":61}},"line":43},"7":{"name":"(anonymous_7)","decl":{"start":{"line":43,"column":30},"end":{"line":43,"column":49}},"loc":{"start":{"line":43,"column":55},"end":{"line":43,"column":61}},"line":43},"8":{"name":"(anonymous_8)","decl":{"start":{"line":47,"column":4},"end":{"line":47,"column":17}},"loc":{"start":{"line":47,"column":17},"end":{"line":50,"column":null}},"line":47},"9":{"name":"(anonymous_9)","decl":{"start":{"line":54,"column":8},"end":{"line":54,"column":36}},"loc":{"start":{"line":54,"column":36},"end":{"line":54,"column":56}},"line":54},"10":{"name":"(anonymous_10)","decl":{"start":{"line":63,"column":13},"end":{"line":63,"column":35}},"loc":{"start":{"line":63,"column":13},"end":{"line":63,"column":64}},"line":63}},"branchMap":{"0":{"loc":{"start":{"line":6,"column":23},"end":{"line":6,"column":null}},"type":"binary-expr","locations":[{"start":{"line":6,"column":23},"end":{"line":6,"column":65}},{"start":{"line":6,"column":65},"end":{"line":6,"column":null}}],"line":6},"1":{"loc":{"start":{"line":29,"column":4},"end":{"line":32,"column":null}},"type":"if","locations":[{"start":{"line":29,"column":4},"end":{"line":32,"column":null}},{"start":{},"end":{}}],"line":29},"2":{"loc":{"start":{"line":36,"column":17},"end":{"line":36,"column":46}},"type":"binary-expr","locations":[{"start":{"line":36,"column":17},"end":{"line":36,"column":35}},{"start":{"line":36,"column":35},"end":{"line":36,"column":46}}],"line":36}},"s":{"0":3,"1":3,"2":3,"3":18,"4":18,"5":18,"6":18,"7":18,"8":7,"9":1,"10":1,"11":1,"12":1,"13":1,"14":6,"15":6,"16":7,"17":2,"18":7,"19":1,"20":7,"21":3,"22":3,"23":7,"24":7,"25":6,"26":6,"27":6,"28":18,"29":1,"30":18,"31":198},"f":{"0":0,"1":18,"2":7,"3":1,"4":2,"5":1,"6":3,"7":3,"8":6,"9":1,"10":198},"b":{"0":[3,0],"1":[1,6],"2":[6,6]},"meta":{"lastBranch":3,"lastFunction":11,"lastStatement":32,"seen":{"s:6:23:6:Infinity":0,"b:6:23:6:65:6:65:6:Infinity":0,"s:15:6:20:2":1,"f:19:2:19:29":0,"s:22:13:59:Infinity":2,"f:22:13:22:35":1,"s:23:10:23:39":3,"s:24:17:24:59":4,"s:25:20:25:51":5,"s:26:25:26:57":6,"s:28:2:52:Infinity":7,"f:28:2:28:18":2,"b:29:4:32:Infinity:undefined:undefined:undefined:undefined":1,"s:29:4:32:Infinity":8,"s:30:6:30:Infinity":9,"f:30:6:30:17":3,"s:30:28:30:48":10,"s:30:48:30:63":11,"s:31:6:31:Infinity":12,"s:32:6:32:Infinity":13,"s:35:18:35:42":14,"s:36:10:39:6":15,"b:36:17:36:35:36:35:36:46":2,"s:41:4:41:Infinity":16,"f:41:9:41:26":4,"s:41:26:41:44":17,"s:42:4:42:Infinity":18,"f:42:9:42:29":5,"s:42:29:42:48":19,"s:43:4:43:Infinity":20,"f:43:9:43:30":6,"s:43:30:43:61":21,"f:43:30:43:49":7,"s:43:55:43:61":22,"s:45:4:45:Infinity":23,"s:47:4:50:Infinity":24,"f:47:4:47:17":8,"s:48:6:48:Infinity":25,"s:49:6:49:Infinity":26,"s:50:6:50:Infinity":27,"s:54:8:54:56":28,"f:54:8:54:36":9,"s:54:36:54:56":29,"s:56:2:59:Infinity":30,"s:63:13:63:64":31,"f:63:13:63:35":10},"fnNames":{}}}
,"C:\\Users\\benja\\Desktop\\Clases\\FullStack3\\frontend-sanos-salvos\\src\\hooks\\useAuth.ts": {"path":"C:\\Users\\benja\\Desktop\\Clases\\FullStack3\\frontend-sanos-salvos\\src\\hooks\\useAuth.ts","statementMap":{"0":{"start":{"line":4,"column":13},"end":{"line":4,"column":52}}},"fnMap":{"0":{"name":"(anonymous_0)","decl":{"start":{"line":4,"column":13},"end":{"line":4,"column":29}},"loc":{"start":{"line":4,"column":13},"end":{"line":4,"column":52}},"line":4}},"branchMap":{},"s":{"0":134},"f":{"0":134},"b":{},"meta":{"lastBranch":0,"lastFunction":1,"lastStatement":1,"seen":{"s:4:13:4:52":0,"f:4:13:4:29":0},"fnNames":{}}}
,"C:\\Users\\benja\\Desktop\\Clases\\FullStack3\\frontend-sanos-salvos\\src\\hooks\\useSoporteSocket.ts": {"path":"C:\\Users\\benja\\Desktop\\Clases\\FullStack3\\frontend-sanos-salvos\\src\\hooks\\useSoporteSocket.ts","statementMap":{"0":{"start":{"line":6,"column":20},"end":{"line":6,"column":null}},"1":{"start":{"line":12,"column":8},"end":{"line":12,"column":42}},"2":{"start":{"line":13,"column":2},"end":{"line":13,"column":null}},"3":{"start":{"line":15,"column":2},"end":{"line":32,"column":null}},"4":{"start":{"line":16,"column":4},"end":{"line":16,"column":null}},"5":{"start":{"line":16,"column":19},"end":{"line":16,"column":null}},"6":{"start":{"line":17,"column":18},"end":{"line":17,"column":42}},"7":{"start":{"line":18,"column":4},"end":{"line":18,"column":null}},"8":{"start":{"line":18,"column":16},"end":{"line":18,"column":null}},"9":{"start":{"line":20,"column":10},"end":{"line":23,"column":6}},"10":{"start":{"line":25,"column":4},"end":{"line":25,"column":null}},"11":{"start":{"line":26,"column":4},"end":{"line":26,"column":null}},"12":{"start":{"line":26,"column":56},"end":{"line":26,"column":78}},"13":{"start":{"line":28,"column":4},"end":{"line":30,"column":null}},"14":{"start":{"line":29,"column":6},"end":{"line":29,"column":null}},"15":{"start":{"line":30,"column":6},"end":{"line":30,"column":null}}},"fnMap":{"0":{"name":"useSoporteSocket","decl":{"start":{"line":8,"column":16},"end":{"line":8,"column":null}},"loc":{"start":{"line":11,"column":2},"end":{"line":32,"column":null}},"line":11},"1":{"name":"(anonymous_1)","decl":{"start":{"line":15,"column":2},"end":{"line":15,"column":18}},"loc":{"start":{"line":15,"column":18},"end":{"line":32,"column":6}},"line":15},"2":{"name":"(anonymous_2)","decl":{"start":{"line":26,"column":14},"end":{"line":26,"column":38}},"loc":{"start":{"line":26,"column":56},"end":{"line":26,"column":78}},"line":26},"3":{"name":"(anonymous_3)","decl":{"start":{"line":28,"column":4},"end":{"line":28,"column":17}},"loc":{"start":{"line":28,"column":17},"end":{"line":30,"column":null}},"line":28}},"branchMap":{"0":{"loc":{"start":{"line":6,"column":20},"end":{"line":6,"column":null}},"type":"binary-expr","locations":[{"start":{"line":6,"column":20},"end":{"line":6,"column":59}},{"start":{"line":6,"column":59},"end":{"line":6,"column":null}}],"line":6},"1":{"loc":{"start":{"line":16,"column":4},"end":{"line":16,"column":null}},"type":"if","locations":[{"start":{"line":16,"column":4},"end":{"line":16,"column":null}},{"start":{},"end":{}}],"line":16},"2":{"loc":{"start":{"line":18,"column":4},"end":{"line":18,"column":null}},"type":"if","locations":[{"start":{"line":18,"column":4},"end":{"line":18,"column":null}},{"start":{},"end":{}}],"line":18}},"s":{"0":3,"1":69,"2":69,"3":69,"4":32,"5":1,"6":31,"7":31,"8":25,"9":6,"10":6,"11":6,"12":1,"13":6,"14":6,"15":6},"f":{"0":69,"1":32,"2":1,"3":6},"b":{"0":[3,3],"1":[1,31],"2":[25,6]},"meta":{"lastBranch":3,"lastFunction":4,"lastStatement":16,"seen":{"s:6:20:6:Infinity":0,"b:6:20:6:59:6:59:6:Infinity":0,"f:8:16:8:Infinity":0,"s:12:8:12:42":1,"s:13:2:13:Infinity":2,"s:15:2:32:Infinity":3,"f:15:2:15:18":1,"b:16:4:16:Infinity:undefined:undefined:undefined:undefined":1,"s:16:4:16:Infinity":4,"s:16:19:16:Infinity":5,"s:17:18:17:42":6,"b:18:4:18:Infinity:undefined:undefined:undefined:undefined":2,"s:18:4:18:Infinity":7,"s:18:16:18:Infinity":8,"s:20:10:23:6":9,"s:25:4:25:Infinity":10,"s:26:4:26:Infinity":11,"f:26:14:26:38":2,"s:26:56:26:78":12,"s:28:4:30:Infinity":13,"f:28:4:28:17":3,"s:29:6:29:Infinity":14,"s:30:6:30:Infinity":15},"fnNames":{}}}
,"C:\\Users\\benja\\Desktop\\Clases\\FullStack3\\frontend-sanos-salvos\\src\\pages\\admin\\AdminMensajesPage.tsx": {"path":"C:\\Users\\benja\\Desktop\\Clases\\FullStack3\\frontend-sanos-salvos\\src\\pages\\admin\\AdminMensajesPage.tsx","statementMap":{"0":{"start":{"line":19,"column":18},"end":{"line":19,"column":null}},"1":{"start":{"line":25,"column":6},"end":{"line":55,"column":null}},"2":{"start":{"line":26,"column":2},"end":{"line":26,"column":null}},"3":{"start":{"line":26,"column":23},"end":{"line":26,"column":null}},"4":{"start":{"line":27,"column":34},"end":{"line":27,"column":36}},"5":{"start":{"line":28,"column":2},"end":{"line":35,"column":null}},"6":{"start":{"line":29,"column":4},"end":{"line":29,"column":null}},"7":{"start":{"line":29,"column":17},"end":{"line":29,"column":20}},"8":{"start":{"line":29,"column":42},"end":{"line":29,"column":null}},"9":{"start":{"line":31,"column":4},"end":{"line":31,"column":null}},"10":{"start":{"line":32,"column":4},"end":{"line":32,"column":null}},"11":{"start":{"line":32,"column":18},"end":{"line":32,"column":null}},"12":{"start":{"line":33,"column":4},"end":{"line":33,"column":null}},"13":{"start":{"line":33,"column":17},"end":{"line":33,"column":38}},"14":{"start":{"line":33,"column":86},"end":{"line":33,"column":null}},"15":{"start":{"line":34,"column":4},"end":{"line":34,"column":null}},"16":{"start":{"line":34,"column":31},"end":{"line":34,"column":null}},"17":{"start":{"line":35,"column":4},"end":{"line":35,"column":null}},"18":{"start":{"line":37,"column":14},"end":{"line":37,"column":null}},"19":{"start":{"line":38,"column":2},"end":{"line":55,"column":null}},"20":{"start":{"line":40,"column":29},"end":{"line":40,"column":47}},"21":{"start":{"line":45,"column":8},"end":{"line":50,"column":null}},"22":{"start":{"line":47,"column":43},"end":{"line":47,"column":64}},"23":{"start":{"line":52,"column":29},"end":{"line":52,"column":47}},"24":{"start":{"line":60,"column":6},"end":{"line":64,"column":4}},"25":{"start":{"line":61,"column":2},"end":{"line":64,"column":4}},"26":{"start":{"line":68,"column":8},"end":{"line":68,"column":32}},"27":{"start":{"line":70,"column":14},"end":{"line":70,"column":67}},"28":{"start":{"line":71,"column":21},"end":{"line":71,"column":69}},"29":{"start":{"line":72,"column":22},"end":{"line":72,"column":60}},"30":{"start":{"line":73,"column":19},"end":{"line":73,"column":54}},"31":{"start":{"line":74,"column":16},"end":{"line":74,"column":52}},"32":{"start":{"line":75,"column":17},"end":{"line":75,"column":77}},"33":{"start":{"line":76,"column":15},"end":{"line":76,"column":51}},"34":{"start":{"line":77,"column":19},"end":{"line":77,"column":52}},"35":{"start":{"line":78,"column":16},"end":{"line":78,"column":68}},"36":{"start":{"line":80,"column":21},"end":{"line":80,"column":76}},"37":{"start":{"line":82,"column":2},"end":{"line":100,"column":null}},"38":{"start":{"line":83,"column":4},"end":{"line":83,"column":null}},"39":{"start":{"line":84,"column":4},"end":{"line":84,"column":null}},"40":{"start":{"line":85,"column":4},"end":{"line":99,"column":null}},"41":{"start":{"line":87,"column":8},"end":{"line":87,"column":null}},"42":{"start":{"line":88,"column":8},"end":{"line":88,"column":null}},"43":{"start":{"line":89,"column":45},"end":{"line":89,"column":47}},"44":{"start":{"line":90,"column":8},"end":{"line":94,"column":null}},"45":{"start":{"line":91,"column":25},"end":{"line":93,"column":null}},"46":{"start":{"line":94,"column":10},"end":{"line":94,"column":null}},"47":{"start":{"line":96,"column":8},"end":{"line":96,"column":null}},"48":{"start":{"line":98,"column":19},"end":{"line":98,"column":72}},"49":{"start":{"line":99,"column":21},"end":{"line":99,"column":39}},"50":{"start":{"line":102,"column":8},"end":{"line":102,"column":null}},"51":{"start":{"line":102,"column":31},"end":{"line":102,"column":48}},"52":{"start":{"line":102,"column":48},"end":{"line":102,"column":71}},"53":{"start":{"line":102,"column":71},"end":{"line":102,"column":null}},"54":{"start":{"line":103,"column":8},"end":{"line":103,"column":null}},"55":{"start":{"line":103,"column":37},"end":{"line":103,"column":48}},"56":{"start":{"line":103,"column":48},"end":{"line":103,"column":null}},"57":{"start":{"line":106,"column":8},"end":{"line":131,"column":53}},"58":{"start":{"line":107,"column":14},"end":{"line":107,"column":43}},"59":{"start":{"line":109,"column":4},"end":{"line":129,"column":null}},"60":{"start":{"line":110,"column":18},"end":{"line":110,"column":null}},"61":{"start":{"line":111,"column":6},"end":{"line":116,"column":null}},"62":{"start":{"line":111,"column":13},"end":{"line":116,"column":null}},"63":{"start":{"line":112,"column":8},"end":{"line":115,"column":109}},"64":{"start":{"line":115,"column":28},"end":{"line":115,"column":108}},"65":{"start":{"line":117,"column":6},"end":{"line":119,"column":null}},"66":{"start":{"line":118,"column":36},"end":{"line":118,"column":119}},"67":{"start":{"line":121,"column":18},"end":{"line":121,"column":null}},"68":{"start":{"line":122,"column":6},"end":{"line":126,"column":null}},"69":{"start":{"line":122,"column":13},"end":{"line":126,"column":null}},"70":{"start":{"line":123,"column":8},"end":{"line":125,"column":50}},"71":{"start":{"line":127,"column":6},"end":{"line":129,"column":null}},"72":{"start":{"line":128,"column":36},"end":{"line":128,"column":109}},"73":{"start":{"line":133,"column":21},"end":{"line":133,"column":65}},"74":{"start":{"line":134,"column":21},"end":{"line":134,"column":83}},"75":{"start":{"line":136,"column":21},"end":{"line":170,"column":null}},"76":{"start":{"line":137,"column":4},"end":{"line":137,"column":null}},"77":{"start":{"line":137,"column":23},"end":{"line":137,"column":52}},"78":{"start":{"line":138,"column":4},"end":{"line":170,"column":null}},"79":{"start":{"line":139,"column":6},"end":{"line":139,"column":null}},"80":{"start":{"line":140,"column":6},"end":{"line":165,"column":null}},"81":{"start":{"line":141,"column":8},"end":{"line":155,"column":null}},"82":{"start":{"line":142,"column":26},"end":{"line":142,"column":64}},"83":{"start":{"line":142,"column":43},"end":{"line":142,"column":64}},"84":{"start":{"line":143,"column":27},"end":{"line":151,"column":null}},"85":{"start":{"line":146,"column":28},"end":{"line":146,"column":50}},"86":{"start":{"line":147,"column":18},"end":{"line":148,"column":null}},"87":{"start":{"line":148,"column":40},"end":{"line":148,"column":75}},"88":{"start":{"line":153,"column":10},"end":{"line":153,"column":null}},"89":{"start":{"line":153,"column":31},"end":{"line":153,"column":null}},"90":{"start":{"line":154,"column":10},"end":{"line":154,"column":null}},"91":{"start":{"line":156,"column":8},"end":{"line":157,"column":null}},"92":{"start":{"line":157,"column":10},"end":{"line":157,"column":null}},"93":{"start":{"line":160,"column":8},"end":{"line":165,"column":null}},"94":{"start":{"line":161,"column":26},"end":{"line":161,"column":59}},"95":{"start":{"line":161,"column":43},"end":{"line":161,"column":59}},"96":{"start":{"line":162,"column":27},"end":{"line":162,"column":64}},"97":{"start":{"line":163,"column":10},"end":{"line":163,"column":null}},"98":{"start":{"line":163,"column":31},"end":{"line":163,"column":null}},"99":{"start":{"line":164,"column":10},"end":{"line":164,"column":null}},"100":{"start":{"line":168,"column":6},"end":{"line":168,"column":null}},"101":{"start":{"line":170,"column":6},"end":{"line":170,"column":null}},"102":{"start":{"line":170,"column":25},"end":{"line":170,"column":55}},"103":{"start":{"line":174,"column":2},"end":{"line":422,"column":null}},"104":{"start":{"line":201,"column":29},"end":{"line":201,"column":53}},"105":{"start":{"line":217,"column":29},"end":{"line":217,"column":54}},"106":{"start":{"line":244,"column":31},"end":{"line":244,"column":60}},"107":{"start":{"line":244,"column":60},"end":{"line":244,"column":null}},"108":{"start":{"line":255,"column":14},"end":{"line":264,"column":null}},"109":{"start":{"line":257,"column":33},"end":{"line":257,"column":46}},"110":{"start":{"line":257,"column":46},"end":{"line":257,"column":null}},"111":{"start":{"line":298,"column":18},"end":{"line":370,"column":null}},"112":{"start":{"line":326,"column":26},"end":{"line":339,"column":null}},"113":{"start":{"line":346,"column":39},"end":{"line":346,"column":71}},"114":{"start":{"line":354,"column":39},"end":{"line":354,"column":68}},"115":{"start":{"line":362,"column":39},"end":{"line":362,"column":72}},"116":{"start":{"line":373,"column":18},"end":{"line":413,"column":null}},"117":{"start":{"line":397,"column":39},"end":{"line":397,"column":71}},"118":{"start":{"line":405,"column":39},"end":{"line":405,"column":68}}},"fnMap":{"0":{"name":"(anonymous_0)","decl":{"start":{"line":25,"column":6},"end":{"line":25,"column":20}},"loc":{"start":{"line":25,"column":124},"end":{"line":55,"column":null}},"line":25},"1":{"name":"(anonymous_1)","decl":{"start":{"line":40,"column":14},"end":{"line":40,"column":29}},"loc":{"start":{"line":40,"column":29},"end":{"line":40,"column":47}},"line":40},"2":{"name":"(anonymous_2)","decl":{"start":{"line":44,"column":13},"end":{"line":44,"column":18}},"loc":{"start":{"line":45,"column":8},"end":{"line":50,"column":null}},"line":45},"3":{"name":"(anonymous_3)","decl":{"start":{"line":47,"column":28},"end":{"line":47,"column":43}},"loc":{"start":{"line":47,"column":43},"end":{"line":47,"column":64}},"line":47},"4":{"name":"(anonymous_4)","decl":{"start":{"line":52,"column":14},"end":{"line":52,"column":29}},"loc":{"start":{"line":52,"column":29},"end":{"line":52,"column":47}},"line":52},"5":{"name":"(anonymous_5)","decl":{"start":{"line":60,"column":6},"end":{"line":60,"column":13}},"loc":{"start":{"line":61,"column":2},"end":{"line":64,"column":4}},"line":61},"6":{"name":"AdminMensajesPage","decl":{"start":{"line":67,"column":24},"end":{"line":67,"column":44}},"loc":{"start":{"line":67,"column":44},"end":{"line":422,"column":null}},"line":67},"7":{"name":"(anonymous_7)","decl":{"start":{"line":82,"column":2},"end":{"line":82,"column":18}},"loc":{"start":{"line":82,"column":18},"end":{"line":100,"column":7}},"line":82},"8":{"name":"(anonymous_8)","decl":{"start":{"line":86,"column":7},"end":{"line":86,"column":13}},"loc":{"start":{"line":86,"column":40},"end":{"line":97,"column":null}},"line":86},"9":{"name":"(anonymous_9)","decl":{"start":{"line":98,"column":7},"end":{"line":98,"column":19}},"loc":{"start":{"line":98,"column":19},"end":{"line":98,"column":72}},"line":98},"10":{"name":"(anonymous_10)","decl":{"start":{"line":99,"column":7},"end":{"line":99,"column":21}},"loc":{"start":{"line":99,"column":21},"end":{"line":99,"column":39}},"line":99},"11":{"name":"(anonymous_11)","decl":{"start":{"line":102,"column":8},"end":{"line":102,"column":29}},"loc":{"start":{"line":102,"column":29},"end":{"line":102,"column":null}},"line":102},"12":{"name":"(anonymous_12)","decl":{"start":{"line":103,"column":8},"end":{"line":103,"column":24}},"loc":{"start":{"line":103,"column":35},"end":{"line":103,"column":null}},"line":103},"13":{"name":"(anonymous_13)","decl":{"start":{"line":106,"column":25},"end":{"line":106,"column":39}},"loc":{"start":{"line":106,"column":39},"end":{"line":131,"column":6}},"line":106},"14":{"name":"(anonymous_14)","decl":{"start":{"line":111,"column":27},"end":{"line":111,"column":35}},"loc":{"start":{"line":112,"column":8},"end":{"line":115,"column":109}},"line":112},"15":{"name":"(anonymous_15)","decl":{"start":{"line":115,"column":18},"end":{"line":115,"column":23}},"loc":{"start":{"line":115,"column":28},"end":{"line":115,"column":108}},"line":115},"16":{"name":"(anonymous_16)","decl":{"start":{"line":118,"column":21},"end":{"line":118,"column":27}},"loc":{"start":{"line":118,"column":36},"end":{"line":118,"column":119}},"line":118},"17":{"name":"(anonymous_17)","decl":{"start":{"line":122,"column":27},"end":{"line":122,"column":34}},"loc":{"start":{"line":123,"column":8},"end":{"line":125,"column":50}},"line":123},"18":{"name":"(anonymous_18)","decl":{"start":{"line":128,"column":21},"end":{"line":128,"column":27}},"loc":{"start":{"line":128,"column":36},"end":{"line":128,"column":109}},"line":128},"19":{"name":"(anonymous_19)","decl":{"start":{"line":136,"column":21},"end":{"line":136,"column":28}},"loc":{"start":{"line":136,"column":80},"end":{"line":170,"column":null}},"line":136},"20":{"name":"(anonymous_20)","decl":{"start":{"line":137,"column":4},"end":{"line":137,"column":14}},"loc":{"start":{"line":137,"column":23},"end":{"line":137,"column":52}},"line":137},"21":{"name":"(anonymous_21)","decl":{"start":{"line":141,"column":8},"end":{"line":141,"column":22}},"loc":{"start":{"line":141,"column":30},"end":{"line":155,"column":null}},"line":141},"22":{"name":"(anonymous_22)","decl":{"start":{"line":142,"column":31},"end":{"line":142,"column":38}},"loc":{"start":{"line":142,"column":43},"end":{"line":142,"column":64}},"line":142},"23":{"name":"(anonymous_23)","decl":{"start":{"line":145,"column":24},"end":{"line":145,"column":32}},"loc":{"start":{"line":145,"column":56},"end":{"line":149,"column":null}},"line":145},"24":{"name":"(anonymous_24)","decl":{"start":{"line":148,"column":30},"end":{"line":148,"column":35}},"loc":{"start":{"line":148,"column":40},"end":{"line":148,"column":75}},"line":148},"25":{"name":"(anonymous_25)","decl":{"start":{"line":157,"column":56},"end":{"line":157,"column":68}},"loc":{"start":{"line":157,"column":68},"end":{"line":157,"column":71}},"line":157},"26":{"name":"(anonymous_26)","decl":{"start":{"line":160,"column":8},"end":{"line":160,"column":23}},"loc":{"start":{"line":160,"column":31},"end":{"line":165,"column":null}},"line":160},"27":{"name":"(anonymous_27)","decl":{"start":{"line":161,"column":31},"end":{"line":161,"column":38}},"loc":{"start":{"line":161,"column":43},"end":{"line":161,"column":59}},"line":161},"28":{"name":"(anonymous_28)","decl":{"start":{"line":170,"column":6},"end":{"line":170,"column":16}},"loc":{"start":{"line":170,"column":25},"end":{"line":170,"column":55}},"line":170},"29":{"name":"(anonymous_29)","decl":{"start":{"line":201,"column":14},"end":{"line":201,"column":29}},"loc":{"start":{"line":201,"column":29},"end":{"line":201,"column":53}},"line":201},"30":{"name":"(anonymous_30)","decl":{"start":{"line":217,"column":14},"end":{"line":217,"column":29}},"loc":{"start":{"line":217,"column":29},"end":{"line":217,"column":54}},"line":217},"31":{"name":"(anonymous_31)","decl":{"start":{"line":244,"column":14},"end":{"line":244,"column":24}},"loc":{"start":{"line":244,"column":29},"end":{"line":244,"column":null}},"line":244},"32":{"name":"(anonymous_32)","decl":{"start":{"line":254,"column":52},"end":{"line":254,"column":56}},"loc":{"start":{"line":255,"column":14},"end":{"line":264,"column":null}},"line":255},"33":{"name":"(anonymous_33)","decl":{"start":{"line":257,"column":16},"end":{"line":257,"column":31}},"loc":{"start":{"line":257,"column":31},"end":{"line":257,"column":null}},"line":257},"34":{"name":"(anonymous_34)","decl":{"start":{"line":297,"column":49},"end":{"line":297,"column":54}},"loc":{"start":{"line":298,"column":18},"end":{"line":370,"column":null}},"line":298},"35":{"name":"(anonymous_35)","decl":{"start":{"line":325,"column":35},"end":{"line":325,"column":40}},"loc":{"start":{"line":326,"column":26},"end":{"line":339,"column":null}},"line":326},"36":{"name":"(anonymous_36)","decl":{"start":{"line":346,"column":24},"end":{"line":346,"column":39}},"loc":{"start":{"line":346,"column":39},"end":{"line":346,"column":71}},"line":346},"37":{"name":"(anonymous_37)","decl":{"start":{"line":354,"column":24},"end":{"line":354,"column":39}},"loc":{"start":{"line":354,"column":39},"end":{"line":354,"column":68}},"line":354},"38":{"name":"(anonymous_38)","decl":{"start":{"line":362,"column":24},"end":{"line":362,"column":39}},"loc":{"start":{"line":362,"column":39},"end":{"line":362,"column":72}},"line":362},"39":{"name":"(anonymous_39)","decl":{"start":{"line":372,"column":40},"end":{"line":372,"column":45}},"loc":{"start":{"line":373,"column":18},"end":{"line":413,"column":null}},"line":373},"40":{"name":"(anonymous_40)","decl":{"start":{"line":397,"column":24},"end":{"line":397,"column":39}},"loc":{"start":{"line":397,"column":39},"end":{"line":397,"column":71}},"line":397},"41":{"name":"(anonymous_41)","decl":{"start":{"line":405,"column":24},"end":{"line":405,"column":39}},"loc":{"start":{"line":405,"column":39},"end":{"line":405,"column":68}},"line":405}},"branchMap":{"0":{"loc":{"start":{"line":26,"column":2},"end":{"line":26,"column":null}},"type":"if","locations":[{"start":{"line":26,"column":2},"end":{"line":26,"column":null}},{"start":{},"end":{}}],"line":26},"1":{"loc":{"start":{"line":28,"column":2},"end":{"line":35,"column":null}},"type":"if","locations":[{"start":{"line":28,"column":2},"end":{"line":35,"column":null}},{"start":{"line":30,"column":9},"end":{"line":35,"column":null}}],"line":28},"2":{"loc":{"start":{"line":32,"column":4},"end":{"line":32,"column":null}},"type":"if","locations":[{"start":{"line":32,"column":4},"end":{"line":32,"column":null}},{"start":{},"end":{}}],"line":32},"3":{"loc":{"start":{"line":34,"column":4},"end":{"line":34,"column":null}},"type":"if","locations":[{"start":{"line":34,"column":4},"end":{"line":34,"column":null}},{"start":{},"end":{}}],"line":34},"4":{"loc":{"start":{"line":45,"column":8},"end":{"line":50,"column":null}},"type":"cond-expr","locations":[{"start":{"line":46,"column":12},"end":{"line":46,"column":null}},{"start":{"line":47,"column":12},"end":{"line":50,"column":null}}],"line":45},"5":{"loc":{"start":{"line":48,"column":35},"end":{"line":48,"column":null}},"type":"cond-expr","locations":[{"start":{"line":48,"column":48},"end":{"line":48,"column":76}},{"start":{"line":48,"c
[...]
:{"start":{"line":38,"column":36},"end":{"line":38,"column":null}},"35":{"start":{"line":39,"column":6},"end":{"line":39,"column":null}},"36":{"start":{"line":41,"column":6},"end":{"line":41,"column":null}},"37":{"start":{"line":41,"column":18},"end":{"line":41,"column":null}},"38":{"start":{"line":42,"column":6},"end":{"line":42,"column":null}},"39":{"start":{"line":42,"column":36},"end":{"line":42,"column":null}},"40":{"start":{"line":43,"column":6},"end":{"line":43,"column":null}},"41":{"start":{"line":46,"column":6},"end":{"line":46,"column":null}},"42":{"start":{"line":46,"column":18},"end":{"line":46,"column":null}},"43":{"start":{"line":47,"column":6},"end":{"line":47,"column":null}},"44":{"start":{"line":47,"column":37},"end":{"line":47,"column":null}},"45":{"start":{"line":48,"column":6},"end":{"line":48,"column":null}},"46":{"start":{"line":50,"column":6},"end":{"line":50,"column":null}},"47":{"start":{"line":50,"column":18},"end":{"line":50,"column":null}},"48":{"start":{"line":51,"column":6},"end":{"line":51,"column":null}},"49":{"start":{"line":51,"column":36},"end":{"line":51,"column":null}},"50":{"start":{"line":52,"column":6},"end":{"line":52,"column":null}},"51":{"start":{"line":54,"column":6},"end":{"line":54,"column":null}},"52":{"start":{"line":54,"column":18},"end":{"line":54,"column":null}},"53":{"start":{"line":55,"column":6},"end":{"line":55,"column":null}},"54":{"start":{"line":55,"column":34},"end":{"line":55,"column":null}},"55":{"start":{"line":56,"column":6},"end":{"line":56,"column":null}},"56":{"start":{"line":58,"column":6},"end":{"line":58,"column":null}},"57":{"start":{"line":58,"column":43},"end":{"line":58,"column":null}},"58":{"start":{"line":59,"column":6},"end":{"line":59,"column":null}},"59":{"start":{"line":61,"column":6},"end":{"line":61,"column":null}},"60":{"start":{"line":61,"column":18},"end":{"line":61,"column":null}},"61":{"start":{"line":62,"column":6},"end":{"line":62,"column":null}},"62":{"start":{"line":62,"column":34},"end":{"line":62,"column":null}},"63":{"start":{"line":63,"column":6},"end":{"line":63,"column":null}},"64":{"start":{"line":65,"column":6},"end":{"line":65,"column":null}},"65":{"start":{"line":65,"column":43},"end":{"line":65,"column":null}},"66":{"start":{"line":66,"column":6},"end":{"line":66,"column":null}},"67":{"start":{"line":68,"column":6},"end":{"line":68,"column":null}},"68":{"start":{"line":68,"column":18},"end":{"line":68,"column":null}},"69":{"start":{"line":69,"column":6},"end":{"line":69,"column":null}},"70":{"start":{"line":69,"column":31},"end":{"line":69,"column":null}},"71":{"start":{"line":70,"column":6},"end":{"line":70,"column":null}},"72":{"start":{"line":72,"column":6},"end":{"line":72,"column":null}},"73":{"start":{"line":72,"column":18},"end":{"line":72,"column":null}},"74":{"start":{"line":73,"column":6},"end":{"line":73,"column":null}},"75":{"start":{"line":73,"column":34},"end":{"line":73,"column":null}},"76":{"start":{"line":74,"column":6},"end":{"line":74,"column":null}},"77":{"start":{"line":76,"column":6},"end":{"line":76,"column":null}},"78":{"start":{"line":76,"column":18},"end":{"line":76,"column":null}},"79":{"start":{"line":77,"column":6},"end":{"line":77,"column":null}},"80":{"start":{"line":77,"column":34},"end":{"line":77,"column":null}},"81":{"start":{"line":78,"column":6},"end":{"line":78,"column":null}},"82":{"start":{"line":80,"column":6},"end":{"line":80,"column":null}},"83":{"start":{"line":80,"column":18},"end":{"line":80,"column":null}},"84":{"start":{"line":81,"column":6},"end":{"line":81,"column":null}},"85":{"start":{"line":81,"column":31},"end":{"line":81,"column":null}},"86":{"start":{"line":82,"column":6},"end":{"line":82,"column":null}},"87":{"start":{"line":84,"column":6},"end":{"line":84,"column":null}},"88":{"start":{"line":84,"column":18},"end":{"line":84,"column":null}},"89":{"start":{"line":85,"column":6},"end":{"line":85,"column":null}},"90":{"start":{"line":87,"column":6},"end":{"line":87,"column":null}},"91":{"start":{"line":87,"column":18},"end":{"line":87,"column":null}},"92":{"start":{"line":88,"column":6},"end":{"line":88,"column":null}},"93":{"start":{"line":90,"column":6},"end":{"line":90,"column":null}},"94":{"start":{"line":90,"column":18},"end":{"line":90,"column":null}},"95":{"start":{"line":91,"column":6},"end":{"line":91,"column":null}},"96":{"start":{"line":93,"column":6},"end":{"line":93,"column":null}}},"fnMap":{"0":{"name":"(anonymous_0)","decl":{"start":{"line":3,"column":13},"end":{"line":3,"column":30}},"loc":{"start":{"line":3,"column":44},"end":{"line":3,"column":80}},"line":3},"1":{"name":"(anonymous_1)","decl":{"start":{"line":4,"column":13},"end":{"line":4,"column":33}},"loc":{"start":{"line":4,"column":47},"end":{"line":4,"column":64}},"line":4},"2":{"name":"(anonymous_2)","decl":{"start":{"line":5,"column":13},"end":{"line":5,"column":31}},"loc":{"start":{"line":5,"column":45},"end":{"line":5,"column":93}},"line":5},"3":{"name":"(anonymous_3)","decl":{"start":{"line":6,"column":13},"end":{"line":6,"column":31}},"loc":{"start":{"line":6,"column":45},"end":{"line":6,"column":89}},"line":6},"4":{"name":"(anonymous_4)","decl":{"start":{"line":8,"column":13},"end":{"line":8,"column":32}},"loc":{"start":{"line":8,"column":58},"end":{"line":17,"column":null}},"line":8},"5":{"name":"(anonymous_5)","decl":{"start":{"line":19,"column":13},"end":{"line":19,"column":28}},"loc":{"start":{"line":19,"column":50},"end":{"line":19,"column":98}},"line":19},"6":{"name":"(anonymous_6)","decl":{"start":{"line":21,"column":13},"end":{"line":21,"column":32}},"loc":{"start":{"line":21,"column":46},"end":{"line":27,"column":null}},"line":21},"7":{"name":"(anonymous_7)","decl":{"start":{"line":28,"column":13},"end":{"line":28,"column":33}},"loc":{"start":{"line":28,"column":47},"end":{"line":28,"column":83}},"line":28},"8":{"name":"(anonymous_8)","decl":{"start":{"line":28,"column":66},"end":{"line":28,"column":72}},"loc":{"start":{"line":28,"column":77},"end":{"line":28,"column":83}},"line":28},"9":{"name":"(anonymous_9)","decl":{"start":{"line":30,"column":13},"end":{"line":30,"column":30}},"loc":{"start":{"line":30,"column":102},"end":{"line":93,"column":null}},"line":30}},"branchMap":{"0":{"loc":{"start":{"line":13,"column":2},"end":{"line":13,"column":null}},"type":"if","locations":[{"start":{"line":13,"column":2},"end":{"line":13,"column":null}},{"start":{},"end":{}}],"line":13},"1":{"loc":{"start":{"line":16,"column":2},"end":{"line":16,"column":null}},"type":"if","locations":[{"start":{"line":16,"column":2},"end":{"line":16,"column":null}},{"start":{},"end":{}}],"line":16},"2":{"loc":{"start":{"line":22,"column":43},"end":{"line":22,"column":76}},"type":"binary-expr","locations":[{"start":{"line":22,"column":43},"end":{"line":22,"column":60}},{"start":{"line":22,"column":60},"end":{"line":22,"column":76}}],"line":22},"3":{"loc":{"start":{"line":31,"column":2},"end":{"line":93,"column":null}},"type":"switch","locations":[{"start":{"line":32,"column":4},"end":{"line":35,"column":null}},{"start":{"line":36,"column":4},"end":{"line":39,"column":null}},{"start":{"line":40,"column":4},"end":{"line":43,"column":null}},{"start":{"line":44,"column":4},"end":{"line":44,"column":null}},{"start":{"line":45,"column":4},"end":{"line":48,"column":null}},{"start":{"line":49,"column":4},"end":{"line":52,"column":null}},{"start":{"line":53,"column":4},"end":{"line":56,"column":null}},{"start":{"line":57,"column":4},"end":{"line":59,"column":null}},{"start":{"line":60,"column":4},"end":{"line":63,"column":null}},{"start":{"line":64,"column":4},"end":{"line":66,"column":null}},{"start":{"line":67,"column":4},"end":{"line":70,"column":null}},{"start":{"line":71,"column":4},"end":{"line":74,"column":null}},{"start":{"line":75,"column":4},"end":{"line":78,"column":null}},{"start":{"line":79,"column":4},"end":{"line":82,"column":null}},{"start":{"line":83,"column":4},"end":{"line":85,"column":null}},{"start":{"line":86,"column":4},"end":{"line":88,"column":null}},{"start":{"line":89,"column":4},"end":{"line":91,"column":null}},{"start":{"line":92,"column":4},"end":{"line":93,"column":null}}],"line":31},"4":{"loc":{"start":{"line":33,"column":6},"end":{"line":33,"column":null}},"type":"if","locations":[{"start":{"line":33,"column":6},"end":{"line":33,"column":null}},{"start":{},"end":{}}],"line":33},"5":{"loc":{"start":{"line":34,"column":6},"end":{"line":34,"column":null}},"type":"if","locations":[{"start":{"line":34,"column":6},"end":{"line":34,"column":null}},{"start":{},"end":{}}],"line":34},"6":{"loc":{"start":{"line":37,"column":6},"end":{"line":37,"column":null}},"type":"if","locations":[{"start":{"line":37,"column":6},"end":{"line":37,"column":null}},{"start":{},"end":{}}],"line":37},"7":{"loc":{"start":{"line":38,"column":6},"end":{"line":38,"column":null}},"type":"if","locations":[{"start":{"line":38,"column":6},"end":{"line":38,"column":null}},{"start":{},"end":{}}],"line":38},"8":{"loc":{"start":{"line":41,"column":6},"end":{"line":41,"column":null}},"type":"if","locations":[{"start":{"line":41,"column":6},"end":{"line":41,"column":null}},{"start":{},"end":{}}],"line":41},"9":{"loc":{"start":{"line":42,"column":6},"end":{"line":42,"column":null}},"type":"if","locations":[{"start":{"line":42,"column":6},"end":{"line":42,"column":null}},{"start":{},"end":{}}],"line":42},"10":{"loc":{"start":{"line":46,"column":6},"end":{"line":46,"column":null}},"type":"if","locations":[{"start":{"line":46,"column":6},"end":{"line":46,"column":null}},{"start":{},"end":{}}],"line":46},"11":{"loc":{"start":{"line":47,"column":6},"end":{"line":47,"column":null}},"type":"if","locations":[{"start":{"line":47,"column":6},"end":{"line":47,"column":null}},{"start":{},"end":{}}],"line":47},"12":{"loc":{"start":{"line":50,"column":6},"end":{"line":50,"column":null}},"type":"if","locations":[{"start":{"line":50,"column":6},"end":{"line":50,"column":null}},{"start":{},"end":{}}],"line":50},"13":{"loc":{"start":{"line":51,"column":6},"end":{"line":51,"column":null}},"type":"if","locations":[{"start":{"line":51,"column":6},"end":{"line":51,"column":null}},{"start":{},"end":{}}],"line":51},"14":{"loc":{"start":{"line":54,"column":6},"end":{"line":54,"column":null}},"type":"if","locations":[{"start":{"line":54,"column":6},"end":{"line":54,"column":null}},{"start":{},"end":{}}],"line":54},"15":{"loc":{"start":{"line":55,"column":6},"end":{"line":55,"column":null}},"type":"if","locations":[{"start":{"line":55,"column":6},"end":{"line":55,"column":null}},{"start":{},"end":{}}],"line":55},"16":{"loc":{"start":{"line":58,"column":6},"end":{"line":58,"column":null}},"type":"if","locations":[{"start":{"line":58,"column":6},"end":{"line":58,"column":null}},{"start":{},"end":{}}],"line":58},"17":{"loc":{"start":{"line":58,"column":10},"end":{"line":58,"column":41}},"type":"binary-expr","locations":[{"start":{"line":58,"column":10},"end":{"line":58,"column":19}},{"start":{"line":58,"column":19},"end":{"line":58,"column":41}}],"line":58},"18":{"loc":{"start":{"line":61,"column":6},"end":{"line":61,"column":null}},"type":"if","locations":[{"start":{"line":61,"column":6},"end":{"line":61,"column":null}},{"start":{},"end":{}}],"line":61},"19":{"loc":{"start":{"line":62,"column":6},"end":{"line":62,"column":null}},"type":"if","locations":[{"start":{"line":62,"column":6},"end":{"line":62,"column":null}},{"start":{},"end":{}}],"line":62},"20":{"loc":{"start":{"line":65,"column":6},"end":{"line":65,"column":null}},"type":"if","locations":[{"start":{"line":65,"column":6},"end":{"line":65,"column":null}},{"start":{},"end":{}}],"line":65},"21":{"loc":{"start":{"line":65,"column":10},"end":{"line":65,"column":41}},"type":"binary-expr","locations":[{"start":{"line":65,"column":10},"end":{"line":65,"column":19}},{"start":{"line":65,"column":19},"end":{"line":65,"column":41}}],"line":65},"22":{"loc":{"start":{"line":68,"column":6},"end":{"line":68,"column":null}},"type":"if","locations":[{"start":{"line":68,"column":6},"end":{"line":68,"column":null}},{"start":{},"end":{}}],"line":68},"23":{"loc":{"start":{"line":69,"column":6},"end":{"line":69,"column":null}},"type":"if","locations":[{"start":{"line":69,"column":6},"end":{"line":69,"column":null}},{"start":{},"end":{}}],"line":69},"24":{"loc":{"start":{"line":72,"column":6},"end":{"line":72,"column":null}},"type":"if","locations":[{"start":{"line":72,"column":6},"end":{"line":72,"column":null}},{"start":{},"end":{}}],"line":72},"25":{"loc":{"start":{"line":73,"column":6},"end":{"line":73,"column":null}},"type":"if","locations":[{"start":{"line":73,"column":6},"end":{"line":73,"column":null}},{"start":{},"end":{}}],"line":73},"26":{"loc":{"start":{"line":76,"column":6},"end":{"line":76,"column":null}},"type":"if","locations":[{"start":{"line":76,"column":6},"end":{"line":76,"column":null}},{"start":{},"end":{}}],"line":76},"27":{"loc":{"start":{"line":77,"column":6},"end":{"line":77,"column":null}},"type":"if","locations":[{"start":{"line":77,"column":6},"end":{"line":77,"column":null}},{"start":{},"end":{}}],"line":77},"28":{"loc":{"start":{"line":80,"column":6},"end":{"line":80,"column":null}},"type":"if","locations":[{"start":{"line":80,"column":6},"end":{"line":80,"column":null}},{"start":{},"end":{}}],"line":80},"29":{"loc":{"start":{"line":81,"column":6},"end":{"line":81,"column":null}},"type":"if","locations":[{"start":{"line":81,"column":6},"end":{"line":81,"column":null}},{"start":{},"end":{}}],"line":81},"30":{"loc":{"start":{"line":84,"column":6},"end":{"line":84,"column":null}},"type":"if","locations":[{"start":{"line":84,"column":6},"end":{"line":84,"column":null}},{"start":{},"end":{}}],"line":84},"31":{"loc":{"start":{"line":87,"column":6},"end":{"line":87,"column":null}},"type":"if","locations":[{"start":{"line":87,"column":6},"end":{"line":87,"column":null}},{"start":{},"end":{}}],"line":87},"32":{"loc":{"start":{"line":90,"column":6},"end":{"line":90,"column":null}},"type":"if","locations":[{"start":{"line":90,"column":6},"end":{"line":90,"column":null}},{"start":{},"end":{}}],"line":90}},"s":{"0":1,"1":6,"2":1,"3":6,"4":1,"5":15,"6":1,"7":3,"8":1,"9":5,"10":5,"11":5,"12":1,"13":4,"14":4,"15":1,"16":3,"17":1,"18":9,"19":1,"20":15,"21":1,"22":7,"23":23,"24":1,"25":45,"26":3,"27":1,"28":2,"29":2,"30":1,"31":3,"32":1,"33":2,"34":2,"35":1,"36":3,"37":1,"38":2,"39":2,"40":1,"41":4,"42":1,"43":3,"44":1,"45":2,"46":3,"47":1,"48":2,"49":2,"50":1,"51":3,"52":1,"53":2,"54":2,"55":1,"56":2,"57":1,"58":1,"59":3,"60":1,"61":2,"62":2,"63":1,"64":2,"65":1,"66":1,"67":3,"68":1,"69":2,"70":2,"71":1,"72":3,"73":1,"74":2,"75":2,"76":1,"77":3,"78":1,"79":2,"80":2,"81":1,"82":3,"83":1,"84":2,"85":2,"86":1,"87":2,"88":1,"89":1,"90":2,"91":1,"92":1,"93":2,"94":1,"95":1,"96":1},"f":{"0":6,"1":6,"2":15,"3":3,"4":5,"5":9,"6":15,"7":7,"8":23,"9":45},"b":{"0":[1,4],"1":[1,3],"2":[15,10],"3":[3,3,3,3,4,3,3,2,3,2,3,3,3,3,2,2,2,1],"4":[1,2],"5":[1,1],"6":[1,2],"7":[1,1],"8":[1,2],"9":[1,1],"10":[1,3],"11":[1,2],"12":[1,2],"13":[1,1],"14":[1,2],"15":[1,1],"16":[1,1],"17":[2,1],"18":[1,2],"19":[1,1],"20":[1,1],"21":[2,1],"22":[1,2],"23":[1,1],"24":[1,2],"25":[1,1],"26":[1,2],"27":[1,1],"28":[1,2],"29":[1,1],"30":[1,1],"31":[1,1],"32":[1,1]},"meta":{"lastBranch":33,"lastFunction":10,"lastStatement":97,"seen":{"s:3:13:3:80":0,"f:3:13:3:30":0,"s:3:44:3:80":1,"s:4:13:4:64":2,"f:4:13:4:33":1,"s:4:47:4:64":3,"s:5:13:5:93":4,"f:5:13:5:31":2,"s:5:45:5:93":5,"s:6:13:6:89":6,"f:6:13:6:31":3,"s:6:45:6:89":7,"s:8:13:17:Infinity":8,"f:8:13:8:32":4,"s:10:16:10:69":9,"s:12:18:12:56":10,"b:13:2:13:Infinity:undefined:undefined:undefined:undefined":0,"s:13:2:13:Infinity":11,"s:13:15:13:Infinity":12,"s:15:14:15:67":13,"b:16:2:16:Infinity:undefined:undefined:undefined:undefined":1,"s:16:2:16:Infinity":14,"s:16:11:16:Infinity":15,"s:17:2:17:Infinity":16,"s:19:13:19:98":17,"f:19:13:19:28":5,"s:19:50:19:98":18,"s:21:13:27:Infinity":19,"f:21:13:21:32":6,"s:21:46:27:Infinity":20,"b:22:43:22:60:22:60:22:76":2,"s:28:13:28:83":21,"f:28:13:28:33":7,"s:28:47:28:83":22,"f:28:66:28:72":8,"s:28:77:28:83":23,"s:30:13:93:Infinity":24,"f:30:13:30:30":9,"b:32:4:35:Infinity:36:4:39:Infinity:40:4:43:Infinity:44:4:44:Infinity:45:4:48:Infinity:49:4:52:Infinity:53:4:56:Infinity:57:4:59:Infinity:60:4:63:Infinity:64:4:66:Infinity:67:4:70:Infinity:71:4:74:Infinity:75:4:78:Infinity:79:4:82:Infinity:83:4:85:Infinity:86:4:88:Infinity:89:4:91:Infinity:92:4:93:Infinity":3,"s:31:2:93:Infinity":25,"b:33:6:33:Infinity:undefined:undefined:undefined:undefined":4,"s:33:6:33:Infinity":26,"s:33:18:33:Infinity":27,"b:34:6:34:Infinity:undefined:undefined:undefined:undefined":5,"s:34:6:34:Infinity":28,"s:34:33:34:Infinity":29,"s:35:6:35:Infinity":30,"b:37:6:37:Infinity:undefined:undefined:undefined:undefined":6,"s:37:6:37:Infinity":31,"s:37:18:37:Infinity":32,"b:38:6:38:Infinity:undefined:undefined:undefined:undefined":7,"s:38:6:38:Infinity":33,"s:38:36:38:Infinity":34,"s:39:6:39:Infinity":35,"b:41:6:41:Infinity:undefined:undefined:undefined:undefined":8,"s:41:6:41:Infinity":36,"s:41:18:41:Infinity":37,"b:42:6:42:Infinity:undefined:undefined:undefined:undefined":9,"s:42:6:42:Infinity":38,"s:42:36:42:Infinity":39,"s:43:6:43:Infinity":40,"b:46:6:46:Infinity:undefined:undefined:undefined:undefined":10,"s:46:6:46:Infinity":41,"s:46:18:46:Infinity":42,"b:47:6:47:Infinity:undefined:undefined:undefined:undefined":11,"s:47:6:47:Infinity":43,"s:47:37:47:Infinity":44,"s:48:6:48:Infinity":45,"b:50:6:50:Infinity:undefined:undefined:undefined:undefined":12,"s:50:6:50:Infinity":46,"s:50:18:50:Infinity":47,"b:51:6:51:Infinity:undefined:undefined:undefined:undefined":13,"s:51:6:51:Infinity":48,"s:51:36:51:Infinity":49,"s:52:6:52:Infinity":50,"b:54:6:54:Infinity:undefined:undefined:undefined:undefined":14,"s:54:6:54:Infinity":51,"s:54:18:54:Infinity":52,"b:55:6:55:Infinity:undefined:undefined:undefined:undefined":15,"s:55:6:55:Infinity":53,"s:55:34:55:Infinity":54,"s:56:6:56:Infinity":55,"b:58:6:58:Infinity:undefined:undefined:undefined:undefined":16,"s:58:6:58:Infinity":56,"b:58:10:58:19:58:19:58:41":17,"s:58:43:58:Infinity":57,"s:59:6:59:Infinity":58,"b:61:6:61:Infinity:undefined:undefined:undefined:undefined":18,"s:61:6:61:Infinity":59,"s:61:18:61:Infinity":60,"b:62:6:62:Infinity:undefined:undefined:undefined:undefined":19,"s:62:6:62:Infinity":61,"s:62:34:62:Infinity":62,"s:63:6:63:Infinity":63,"b:65:6:65:Infinity:undefined:undefined:undefined:undefined":20,"s:65:6:65:Infinity":64,"b:65:10:65:19:65:19:65:41":21,"s:65:43:65:Infinity":65,"s:66:6:66:Infinity":66,"b:68:6:68:Infinity:undefined:undefined:undefined:undefined":22,"s:68:6:68:Infinity":67,"s:68:18:68:Infinity":68,"b:69:6:69:Infinity:undefined:undefined:undefined:undefined":23,"s:69:6:69:Infinity":69,"s:69:31:69:Infinity":70,"s:70:6:70:Infinity":71,"b:72:6:72:Infinity:undefined:undefined:undefined:undefined":24,"s:72:6:72:Infinity":72,"s:72:18:72:Infinity":73,"b:73:6:73:Infinity:undefined:undefined:undefined:undefined":25,"s:73:6:73:Infinity":74,"s:73:34:73:Infinity":75,"s:74:6:74:Infinity":76,"b:76:6:76:Infinity:undefined:undefined:undefined:undefined":26,"s:76:6:76:Infinity":77,"s:76:18:76:Infinity":78,"b:77:6:77:Infinity:undefined:undefined:undefined:undefined":27,"s:77:6:77:Infinity":79,"s:77:34:77:Infinity":80,"s:78:6:78:Infinity":81,"b:80:6:80:Infinity:undefined:undefined:undefined:undefined":28,"s:80:6:80:Infinity":82,"s:80:18:80:Infinity":83,"b:81:6:81:Infinity:undefined:undefined:undefined:undefined":29,"s:81:6:81:Infinity":84,"s:81:31:81:Infinity":85,"s:82:6:82:Infinity":86,"b:84:6:84:Infinity:undefined:undefined:undefined:undefined":30,"s:84:6:84:Infinity":87,"s:84:18:84:Infinity":88,"s:85:6:85:Infinity":89,"b:87:6:87:Infinity:undefined:undefined:undefined:undefined":31,"s:87:6:87:Infinity":90,"s:87:18:87:Infinity":91,"s:88:6:88:Infinity":92,"b:90:6:90:Infinity:undefined:undefined:undefined:undefined":32,"s:90:6:90:Infinity":93,"s:90:18:90:Infinity":94,"s:91:6:91:Infinity":95,"s:93:6:93:Infinity":96},"fnNames":{}}}
}
