{"/Users/felruizrojas/fel-school/sanos_salvos/frontend-sanos-salvos/src/pages/admin/AdminMensajesPage.tsx": {"path":"/Users/felruizrojas/fel-school/sanos_salvos/frontend-sanos-salvos/src/pages/admin/AdminMensajesPage.tsx","statementMap":{"0":{"start":{"line":12,"column":6},"end":{"line":16,"column":4}},"1":{"start":{"line":13,"column":2},"end":{"line":16,"column":4}},"2":{"start":{"line":19,"column":8},"end":{"line":19,"column":32}},"3":{"start":{"line":20,"column":21},"end":{"line":20,"column":67}},"4":{"start":{"line":21,"column":19},"end":{"line":21,"column":52}},"5":{"start":{"line":22,"column":16},"end":{"line":22,"column":50}},"6":{"start":{"line":23,"column":17},"end":{"line":23,"column":75}},"7":{"start":{"line":25,"column":2},"end":{"line":30,"column":null}},"8":{"start":{"line":26,"column":4},"end":{"line":29,"column":null}},"9":{"start":{"line":28,"column":19},"end":{"line":28,"column":83}},"10":{"start":{"line":29,"column":21},"end":{"line":29,"column":39}},"11":{"start":{"line":32,"column":21},"end":{"line":40,"column":null}},"12":{"start":{"line":33,"column":4},"end":{"line":33,"column":null}},"13":{"start":{"line":33,"column":25},"end":{"line":33,"column":54}},"14":{"start":{"line":34,"column":4},"end":{"line":40,"column":null}},"15":{"start":{"line":35,"column":6},"end":{"line":35,"column":null}},"16":{"start":{"line":36,"column":6},"end":{"line":36,"column":null}},"17":{"start":{"line":36,"column":30},"end":{"line":36,"column":70}},"18":{"start":{"line":36,"column":49},"end":{"line":36,"column":70}},"19":{"start":{"line":38,"column":6},"end":{"line":38,"column":null}},"20":{"start":{"line":40,"column":6},"end":{"line":40,"column":null}},"21":{"start":{"line":40,"column":27},"end":{"line":40,"column":57}},"22":{"start":{"line":44,"column":2},"end":{"line":169,"column":null}},"23":{"start":{"line":83,"column":14},"end":{"line":163,"column":null}},"24":{"start":{"line":113,"column":22},"end":{"line":126,"column":null}},"25":{"start":{"line":134,"column":35},"end":{"line":134,"column":67}},"26":{"start":{"line":142,"column":35},"end":{"line":142,"column":64}},"27":{"start":{"line":152,"column":35},"end":{"line":152,"column":68}}},"fnMap":{"0":{"name":"(anonymous_0)","decl":{"start":{"line":12,"column":6},"end":{"line":12,"column":13}},"loc":{"start":{"line":13,"column":2},"end":{"line":16,"column":4}},"line":13},"1":{"name":"AdminMensajesPage","decl":{"start":{"line":18,"column":24},"end":{"line":18,"column":44}},"loc":{"start":{"line":18,"column":44},"end":{"line":169,"column":null}},"line":18},"2":{"name":"(anonymous_2)","decl":{"start":{"line":25,"column":2},"end":{"line":25,"column":18}},"loc":{"start":{"line":25,"column":18},"end":{"line":30,"column":7}},"line":25},"3":{"name":"(anonymous_3)","decl":{"start":{"line":28,"column":7},"end":{"line":28,"column":19}},"loc":{"start":{"line":28,"column":19},"end":{"line":28,"column":83}},"line":28},"4":{"name":"(anonymous_4)","decl":{"start":{"line":29,"column":7},"end":{"line":29,"column":21}},"loc":{"start":{"line":29,"column":21},"end":{"line":29,"column":39}},"line":29},"5":{"name":"(anonymous_5)","decl":{"start":{"line":32,"column":21},"end":{"line":32,"column":28}},"loc":{"start":{"line":32,"column":80},"end":{"line":40,"column":null}},"line":32},"6":{"name":"(anonymous_6)","decl":{"start":{"line":33,"column":4},"end":{"line":33,"column":15}},"loc":{"start":{"line":33,"column":25},"end":{"line":33,"column":54}},"line":33},"7":{"name":"(anonymous_7)","decl":{"start":{"line":36,"column":6},"end":{"line":36,"column":21}},"loc":{"start":{"line":36,"column":30},"end":{"line":36,"column":70}},"line":36},"8":{"name":"(anonymous_8)","decl":{"start":{"line":36,"column":35},"end":{"line":36,"column":43}},"loc":{"start":{"line":36,"column":49},"end":{"line":36,"column":70}},"line":36},"9":{"name":"(anonymous_9)","decl":{"start":{"line":40,"column":6},"end":{"line":40,"column":17}},"loc":{"start":{"line":40,"column":27},"end":{"line":40,"column":57}},"line":40},"10":{"name":"(anonymous_10)","decl":{"start":{"line":82,"column":24},"end":{"line":82,"column":29}},"loc":{"start":{"line":83,"column":14},"end":{"line":163,"column":null}},"line":83},"11":{"name":"(anonymous_11)","decl":{"start":{"line":112,"column":31},"end":{"line":112,"column":36}},"loc":{"start":{"line":113,"column":22},"end":{"line":126,"column":null}},"line":113},"12":{"name":"(anonymous_12)","decl":{"start":{"line":134,"column":20},"end":{"line":134,"column":35}},"loc":{"start":{"line":134,"column":35},"end":{"line":134,"column":67}},"line":134},"13":{"name":"(anonymous_13)","decl":{"start":{"line":142,"column":20},"end":{"line":142,"column":35}},"loc":{"start":{"line":142,"column":35},"end":{"line":142,"column":64}},"line":142},"14":{"name":"(anonymous_14)","decl":{"start":{"line":152,"column":20},"end":{"line":152,"column":35}},"loc":{"start":{"line":152,"column":35},"end":{"line":152,"column":68}},"line":152}},"branchMap":{"0":{"loc":{"start":{"line":58,"column":17},"end":{"line":58,"column":null}},"type":"cond-expr","locations":[{"start":{"line":58,"column":28},"end":{"line":58,"column":42}},{"start":{"line":58,"column":42},"end":{"line":58,"column":null}}],"line":58},"1":{"loc":{"start":{"line":58,"column":78},"end":{"line":58,"column":114}},"type":"cond-expr","locations":[{"start":{"line":58,"column":104},"end":{"line":58,"column":111}},{"start":{"line":58,"column":111},"end":{"line":58,"column":114}}],"line":58},"2":{"loc":{"start":{"line":58,"column":126},"end":{"line":58,"column":161}},"type":"cond-expr","locations":[{"start":{"line":58,"column":152},"end":{"line":58,"column":158}},{"start":{"line":58,"column":158},"end":{"line":58,"column":161}}],"line":58},"3":{"loc":{"start":{"line":66,"column":9},"end":{"line":68,"column":null}},"type":"binary-expr","locations":[{"start":{"line":66,"column":9},"end":{"line":66,"column":18}},{"start":{"line":66,"column":18},"end":{"line":68,"column":null}}],"line":66},"4":{"loc":{"start":{"line":68,"column":9},"end":{"line":165,"column":null}},"type":"cond-expr","locations":[{"start":{"line":69,"column":10},"end":{"line":73,"column":23}},{"start":{"line":73,"column":12},"end":{"line":165,"column":null}}],"line":68},"5":{"loc":{"start":{"line":73,"column":12},"end":{"line":165,"column":null}},"type":"cond-expr","locations":[{"start":{"line":74,"column":10},"end":{"line":81,"column":11}},{"start":{"line":81,"column":10},"end":{"line":165,"column":null}}],"line":73},"6":{"loc":{"start":{"line":109,"column":48},"end":{"line":109,"column":null}},"type":"cond-expr","locations":[{"start":{"line":109,"column":73},"end":{"line":109,"column":79}},{"start":{"line":109,"column":79},"end":{"line":109,"column":null}}],"line":109},"7":{"loc":{"start":{"line":119,"column":27},"end":{"line":122,"column":null}},"type":"cond-expr","locations":[{"start":{"line":120,"column":28},"end":{"line":122,"column":29}},{"start":{"line":122,"column":28},"end":{"line":122,"column":null}}],"line":119},"8":{"loc":{"start":{"line":146,"column":21},"end":{"line":148,"column":null}},"type":"cond-expr","locations":[{"start":{"line":147,"column":24},"end":{"line":148,"column":25}},{"start":{"line":148,"column":24},"end":{"line":148,"column":null}}],"line":146},"9":{"loc":{"start":{"line":156,"column":21},"end":{"line":158,"column":null}},"type":"cond-expr","locations":[{"start":{"line":157,"column":24},"end":{"line":158,"column":25}},{"start":{"line":158,"column":24},"end":{"line":158,"column":null}}],"line":156}},"s":{"0":1,"1":30,"2":33,"3":33,"4":33,"5":33,"6":33,"7":33,"8":13,"9":1,"10":12,"11":33,"12":4,"13":4,"14":4,"15":4,"16":3,"17":3,"18":3,"19":1,"20":4,"21":4,"22":33,"23":15,"24":15,"25":1,"26":1,"27":3},"f":{"0":30,"1":33,"2":13,"3":1,"4":12,"5":4,"6":4,"7":3,"8":3,"9":4,"10":15,"11":15,"12":1,"13":1,"14":3},"b":{"0":[13,20],"1":[7,13],"2":[7,13],"3":[33,2],"4":[13,20],"5":[6,14],"6":[0,15],"7":[14,1],"8":[4,11],"9":[4,11]},"meta":{"lastBranch":10,"lastFunction":15,"lastStatement":28,"seen":{"s:12:6:16:4":0,"f:12:6:12:13":0,"s:13:2:16:4":1,"f:18:24:18:44":1,"s:19:8:19:32":2,"s:20:21:20:67":3,"s:21:19:21:52":4,"s:22:16:22:50":5,"s:23:17:23:75":6,"s:25:2:30:Infinity":7,"f:25:2:25:18":2,"s:26:4:29:Infinity":8,"f:28:7:28:19":3,"s:28:19:28:83":9,"f:29:7:29:21":4,"s:29:21:29:39":10,"s:32:21:40:Infinity":11,"f:32:21:32:28":5,"s:33:4:33:Infinity":12,"f:33:4:33:15":6,"s:33:25:33:54":13,"s:34:4:40:Infinity":14,"s:35:6:35:Infinity":15,"s:36:6:36:Infinity":16,"f:36:6:36:21":7,"s:36:30:36:70":17,"f:36:35:36:43":8,"s:36:49:36:70":18,"s:38:6:38:Infinity":19,"s:40:6:40:Infinity":20,"f:40:6:40:17":9,"s:40:27:40:57":21,"s:44:2:169:Infinity":22,"b:58:28:58:42:58:42:58:Infinity":0,"b:58:104:58:111:58:111:58:114":1,"b:58:152:58:158:58:158:58:161":2,"b:66:9:66:18:66:18:68:Infinity":3,"b:69:10:73:23:73:12:165:Infinity":4,"b:74:10:81:11:81:10:165:Infinity":5,"f:82:24:82:29":10,"s:83:14:163:Infinity":23,"b:109:73:109:79:109:79:109:Infinity":6,"f:112:31:112:36":11,"s:113:22:126:Infinity":24,"b:120:28:122:29:122:28:122:Infinity":7,"f:134:20:134:35":12,"s:134:35:134:67":25,"f:142:20:142:35":13,"s:142:35:142:64":26,"b:147:24:148:25:148:24:148:Infinity":8,"f:152:20:152:35":14,"s:152:35:152:68":27,"b:157:24:158:25:158:24:158:Infinity":9},"fnNames":{}}}
,"/Users/felruizrojas/fel-school/sanos_salvos/frontend-sanos-salvos/src/pages/admin/AdminPage.tsx": {"path":"/Users/felruizrojas/fel-school/sanos_salvos/frontend-sanos-salvos/src/pages/admin/AdminPage.tsx","statementMap":{"0":{"start":{"line":21,"column":42},"end":{"line":28,"column":null}},"1":{"start":{"line":30,"column":15},"end":{"line":42,"column":null}},"2":{"start":{"line":45,"column":6},"end":{"line":50,"column":null}},"3":{"start":{"line":46,"column":2},"end":{"line":46,"column":null}},"4":{"start":{"line":46,"column":35},"end":{"line":46,"column":null}},"5":{"start":{"line":47,"column":2},"end":{"line":50,"column":null}},"6":{"start":{"line":56,"column":6},"end":{"line":66,"column":null}},"7":{"start":{"line":59,"column":2},"end":{"line":66,"column":null}},"8":{"start":{"line":71,"column":6},"end":{"line":84,"column":null}},"9":{"start":{"line":74,"column":2},"end":{"line":84,"column":null}},"10":{"start":{"line":89,"column":6},"end":{"line":115,"column":null}},"11":{"start":{"line":93,"column":18},"end":{"line":93,"column":45}},"12":{"start":{"line":93,"column":33},"end":{"line":93,"column":45}},"13":{"start":{"line":94,"column":2},"end":{"line":94,"column":null}},"14":{"start":{"line":94,"column":16},"end":{"line":94,"column":null}},"15":{"start":{"line":95,"column":2},"end":{"line":115,"column":null}},"16":{"start":{"line":105,"column":30},"end":{"line":105,"column":null}},"17":{"start":{"line":112,"column":32},"end":{"line":112,"column":null}},"18":{"start":{"line":120,"column":6},"end":{"line":143,"column":null}},"19":{"start":{"line":125,"column":2},"end":{"line":125,"column":null}},"20":{"start":{"line":125,"column":20},"end":{"line":125,"column":null}},"21":{"start":{"line":126,"column":2},"end":{"line":143,"column":null}},"22":{"start":{"line":148,"column":6},"end":{"line":154,"column":null}},"23":{"start":{"line":151,"column":2},"end":{"line":154,"column":null}},"24":{"start":{"line":162,"column":45},"end":{"line":164,"column":null}},"25":{"start":{"line":165,"column":48},"end":{"line":167,"column":null}},"26":{"start":{"line":168,"column":53},"end":{"line":170,"column":null}},"27":{"start":{"line":171,"column":46},"end":{"line":173,"column":null}},"28":{"start":{"line":176,"column":6},"end":{"line":387,"column":null}},"29":{"start":{"line":177,"column":10},"end":{"line":177,"column":28}},"30":{"start":{"line":179,"column":23},"end":{"line":179,"column":74}},"31":{"start":{"line":180,"column":23},"end":{"line":180,"column":76}},"32":{"start":{"line":181,"column":23},"end":{"line":181,"column":85}},"33":{"start":{"line":182,"column":23},"end":{"line":182,"column":78}},"34":{"start":{"line":183,"column":23},"end":{"line":183,"column":56}},"35":{"start":{"line":184,"column":23},"end":{"line":184,"column":68}},"36":{"start":{"line":186,"column":17},"end":{"line":201,"column":null}},"37":{"start":{"line":187,"column":4},"end":{"line":187,"column":null}},"38":{"start":{"line":188,"column":4},"end":{"line":201,"column":null}},"39":{"start":{"line":189,"column":37},"end":{"line":194,"column":8}},"40":{"start":{"line":195,"column":6},"end":{"line":195,"column":null}},"41":{"start":{"line":196,"column":6},"end":{"line":196,"column":null}},"42":{"start":{"line":197,"column":6},"end":{"line":197,"column":null}},"43":{"start":{"line":198,"column":6},"end":{"line":198,"column":null}},"44":{"start":{"line":198,"column":58},"end":{"line":198,"column":78}},"45":{"start":{"line":199,"column":6},"end":{"line":199,"column":null}},"46":{"start":{"line":201,"column":14},"end":{"line":201,"column":null}},"47":{"start":{"line":204,"column":2},"end":{"line":204,"column":null}},"48":{"start":{"line":204,"column":20},"end":{"line":204,"column":33}},"49":{"start":{"line":207,"column":27},"end":{"line":207,"column":null}},"50":{"start":{"line":207,"column":57},"end":{"line":207,"column":80}},"51":{"start":{"line":208,"column":27},"end":{"line":208,"column":null}},"52":{"start":{"line":208,"column":57},"end":{"line":208,"column":82}},"53":{"start":{"line":209,"column":27},"end":{"line":209,"column":null}},"54":{"start":{"line":209,"column":69},"end":{"line":209,"column":106}},"55":{"start":{"line":210,"column":27},"end":{"line":210,"column":null}},"56":{"start":{"line":210,"column":69},"end":{"line":210,"column":108}},"57":{"start":{"line":212,"column":29},"end":{"line":212,"column":128}},"58":{"start":{"line":213,"column":29},"end":{"line":213,"column":118}},"59":{"start":{"line":214,"column":8},"end":{"line":214,"column":99}},"60":{"start":{"line":214,"column":66},"end":{"line":214,"column":99}},"61":{"start":{"line":215,"column":8},"end":{"line":215,"column":130}},"62":{"start":{"line":215,"column":69},"end":{"line":215,"column":130}},"63":{"start":{"line":216,"column":8},"end":{"line":216,"column":106}},"64":{"start":{"line":216,"column":70},"end":{"line":216,"column":106}},"65":{"start":{"line":217,"column":8},"end":{"line":217,"column":133}},"66":{"start":{"line":217,"column":71},"end":{"line":217,"column":133}},"67":{"start":{"line":218,"column":8},"end":{"line":218,"column":145}},"68":{"start":{"line":218,"column":74},"end":{"line":218,"column":145}},"69":{"start":{"line":219,"column":29},"end":{"line":221,"column":null}},"70":{"start":{"line":220,"column":67},"end":{"line":220,"column":88}},"71":{"start":{"line":221,"column":67},"end":{"line":221,"column":91}},"72":{"start":{"line":223,"column":8},"end":{"line":223,"column":145}},"73":{"start":{"line":223,"column":73},"end":{"line":223,"column":145}},"74":{"start":{"line":224,"column":8},"end":{"line":224,"column":155}},"75":{"start":{"line":224,"column":73},"end":{"line":224,"column":155}},"76":{"start":{"line":225,"column":8},"end":{"line":228,"column":5}},"77":{"start":{"line":225,"column":73},"end":{"line":228,"column":5}},"78":{"start":{"line":230,"column":44},"end":{"line":232,"column":null}},"79":{"start":{"line":234,"column":2},"end":{"line":387,"column":null}},"80":{"start":{"line":352,"column":58},"end":{"line":352,"column":79}},"81":{"start":{"line":355,"column":58},"end":{"line":355,"column":82}},"82":{"start":{"line":358,"column":60},"end":{"line":358,"column":84}}},"fnMap":{"0":{"name":"(anonymous_0)","decl":{"start":{"line":45,"column":6},"end":{"line":45,"column":23}},"loc":{"start":{"line":45,"column":52},"end":{"line":50,"column":null}},"line":45},"1":{"name":"(anonymous_1)","decl":{"start":{"line":56,"column":6},"end":{"line":56,"column":17}},"loc":{"start":{"line":59,"column":2},"end":{"line":66,"column":null}},"line":59},"2":{"name":"(anonymous_2)","decl":{"start":{"line":71,"column":6},"end":{"line":71,"column":19}},"loc":{"start":{"line":74,"column":2},"end":{"line":84,"column":null}},"line":74},"3":{"name":"(anonymous_3)","decl":{"start":{"line":89,"column":6},"end":{"line":89,"column":20}},"loc":{"start":{"line":92,"column":6},"end":{"line":115,"column":null}},"line":92},"4":{"name":"(anonymous_4)","decl":{"start":{"line":93,"column":23},"end":{"line":93,"column":28}},"loc":{"start":{"line":93,"column":33},"end":{"line":93,"column":45}},"line":93},"5":{"name":"(anonymous_5)","decl":{"start":{"line":105,"column":16},"end":{"line":105,"column":21}},"loc":{"start":{"line":105,"column":30},"end":{"line":105,"column":null}},"line":105},"6":{"name":"(anonymous_6)","decl":{"start":{"line":112,"column":10},"end":{"line":112,"column":22}},"loc":{"start":{"line":112,"column":32},"end":{"line":112,"column":null}},"line":112},"7":{"name":"(anonymous_7)","decl":{"start":{"line":120,"column":6},"end":{"line":120,"column":19}},"loc":{"start":{"line":124,"column":6},"end":{"line":143,"column":null}},"line":124},"8":{"name":"(anonymous_8)","decl":{"start":{"line":148,"column":6},"end":{"line":148,"column":23}},"loc":{"start":{"line":151,"column":2},"end":{"line":154,"column":null}},"line":151},"9":{"name":"(anonymous_9)","decl":{"start":{"line":176,"column":6},"end":{"line":176,"column":24}},"loc":{"start":{"line":176,"column":24},"end":{"line":387,"column":null}},"line":176},"10":{"name":"(anonymous_10)","decl":{"start":{"line":186,"column":17},"end":{"line":186,"column":29}},"loc":{"start":{"line":186,"column":29},"end":{"line":201,"column":null}},"line":186},"11":{"name":"(anonymous_11)","decl":{"start":{"line":198,"column":49},"end":{"line":198,"column":53}},"loc":{"start":{"line":198,"column":58},"end":{"line":198,"column":78}},"line":198},"12":{"name":"(anonymous_12)","decl":{"start":{"line":204,"column":2},"end":{"line":204,"column":18}},"loc":{"start":{"line":204,"column":18},"end":{"line":204,"column":35}},"line":204},"13":{"name":"(anonymous_13)","decl":{"start":{"line":207,"column":47},"end":{"line":207,"column":52}},"loc":{"start":{"line":207,"column":57},"end":{"line":207,"column":80}},"line":207},"14":{"name":"(anonymous_14)","decl":{"start":{"line":208,"column":47},"end":{"line":208,"column":52}},"loc":{"start":{"line":208,"column":57},"end":{"line":208,"column":82}},"line":208},"15":{"name":"(anonymous_15)","decl":{"start":{"line":209,"column":59},"end":{"line":209,"column":64}},"loc":{"start":{"line":209,"column":69},"end":{"line":209,"column":106}},"line":209},"16":{"name":"(anonymous_16)","decl":{"start":{"line":210,"column":59},"end":{"line":210,"column":64}},"loc":{"start":{"line":210,"column":69},"end":{"line":210,"column":108}},"line":210},"17":{"name":"(anonymous_17)","decl":{"start":{"line":214,"column":56},"end":{"line":214,"column":60}},"loc":{"start":{"line":214,"column":66},"end":{"line":214,"column":99}},"line":214},"18":{"name":"(anonymous_18)","decl":{"start":{"line":215,"column":59},"end":{"line":215,"column":63}},"loc":{"start":{"line":215,"column":69},"end":{"line":215,"column":130}},"line":215},"19":{"name":"(anonymous_19)","decl":{"start":{"line":216,"column":60},"end":{"line":216,"column":64}},"loc":{"start":{"line":216,"column":70},"end":{"line":216,"column":106}},"line":216},"20":{"name":"(anonymous_20)","decl":{"start":{"line":217,"column":61},"end":{"line":217,"column":65}},"loc":{"start":{"line":217,"column":71},"end":{"line":217,"column":133}},"line":217},"21":{"name":"(anonymous_21)","decl":{"start":{"line":218,"column":64},"end":{"line":218,"column":68}},"loc":{"start":{"line":218,"column":74},"end":{"line":218,"column":145}},"line":218},"22":{"name":"(anonymous_22)","decl":{"start":{"line":220,"column":57},"end":{"line":220,"column":62}},"loc":{"start":{"line":220,"column":67},"end":{"line":220,"column":88}},"line":220},"23":{"name":"(anonymous_23)","decl":{"start":{"line":221,"column":57},"end":{"line":221,"column":62}},"loc":{"start":{"line":221,"column":67},"end":{"line":221,"column":91}},"line":221},"24":{"name":"(anonymous_24)","decl":{"start":{"line":223,"column":63},"end":{"line":223,"column":67}},"loc":{"start":{"line":223,"column":73},"end":{"line":223,"column":145}},"line":223},"25":{"name":"(anonymous_25)","decl":{"start":{"line":224,"column":63},"end":{"line":224,"column":67}},"loc":{"start":{"line":224,"column":73},"end":{"line":224,"column":155}},"line":224},"26":{"name":"(anonymous_26)","decl":{"start":{"line":225,"column":63},"end":{"line":225,"column":67}},"loc":{"start":{"line":225,"column":73},"end":{"line":228,"column":5}},"line":225},"27":{"name":"(anonymous_27)","decl":{"start":{"line":352,"column":48},"end":{"line":352,"column":53}},"loc":{"start":{"line":352,"column":58},"end":{"line":352,"column":79}},"line":352},"28":{"name":"(anonymous_28)","decl":{"start":{"line":355,"column":48},"end":{"line":355,"column":53}},"loc":{"start":{"line":355,"column":58},"end":{"line":355,"column":82}},"line":355},"29":{"name":"(anonymous_29)","decl":{"start":{"line":358,"column":50},"end":{"line":358,"column":55}},"loc":{"start":{"line":358,"column":60},"end":{"line":358,"column":84}},"line":358}},"branchMap":{"0":{"loc":{"start":{"line":46,"column":2},"end":{"line":46,"column":null}},"type":"if","locations":[{"start":{"line":46,"column":2},"end":{"line":46,"column":null}},{"start":{},"end":{}}],"line":46},"1":{"loc":{"start":{"line":46,"column":6},"end":{"line":46,"column":35}},"type":"binary-expr","locations":[{"start":{"line":46,"column":6},"end":{"line":46,"column":17}},{"start":{"line":46,"column":17},"end":{"line":46,"column":35}}],"line":46},"2":{"loc":{"start":{"line":71,"column":40},"end":{"line":71,"column":51}},"type":"default-arg","locations":[{"start":{"line":71,"column":48},"end":{"line":71,"column":51}}],"line":71},"3":{"loc":{"start":{"line":94,"column":2},"end":{"line":94,"column":null}},"type":"if","locations":[{"start":{"line":94,"column":2},"end":{"line":94,"column":null}},{"start":{},"end":{}}],"line":94},"4":{"loc":{"start":{"line":120,"column":34},"end":{"line":120,"column":null}},"type":"default-arg","locations":[{"start":{"line":120,"column":47},"end":{"line":120,"column":null}}],"line":120},"5":{"loc":{"start":{"line":125,"column":2},"end":{"line":125,"column":null}},"type":"if","locations":[{"start":{"line":125,"column":2},"end":{"line":125,"column":null}},{"start":{},"end":{}}],"line":125},"6":{"loc":{"start":{"line":154,"column":5},"end":{"line":154,"column":null}},"type":"binary-expr","locations":[{"start":{"line":154,"column":5},"end":{"line":154,"column":13}},{"start":{"line":154,"column":13},"end":{"line":154,"column":null}}],"line":154},"7":{"loc":{"start":{"line":207,"column":27},"end":{"line":207,"column":null}},"type":"binary-expr","locations":[{"start":{"line":207,"column":27},"end":{"line":207,"column":93}},{"start":{"line":207,"column":93},"end":{"line":207,"column":null}}],"line":207},"8":{"loc":{"start":{"line":208,"column":27},"end":{"line":208,"column":null}},"type":"binary-expr","locations":[{"start":{"line":208,"column":27},"end":{"line":208,"column":93}},{"start":{"line":208,"column":93},"end":{"line":208,"column":null}}],"line":208},"9":{"loc":{"start":{"line":209,"column":27},"end":{"line":209,"column":null}},"type":"binary-expr","locations":[{"start":{"line":209,"column":27},"end":{"line":209,"column":119}},{"start":{"line":209,"column":119},"end":{"line":209,"column":null}}],"line":209},"10":{"loc":{"start":{"line":210,"column":27},"end":{"line":210,"column":null}},"type":"binary-expr","locations":[{"start":{"line":210,"column":27},"end":{"line":210,"column":119}},{"start":{"line":210,"column":119},"end":{"line":210,"column":null}}],"line":210},"11":{"loc":{"start":{"line":214,"column":30},"end":{"line":214,"column":54}},"type":"binary-expr","locations":[{"start":{"line":214,"column":30},"end":{"line":214,"column":52}},{"start":{"line":214,"column":52},"end":{"line":214,"column":54}}],"line":214},"12":{"loc":{"start":{"line":215,"column":30},"end":{"line":215,"column":57}},"type":"binary-expr","locations":[{"start":{"line":215,"column":30},"end":{"line":215,"column":55}},{"start":{"line":215,"column":55},"end":{"line":215,"column":57}}],"line":215},"13":{"loc":{"start":{"line":215,"column":77},"end":{"line":215,"column":112}},"type":"binary-expr","locations":[{"start":{"line":215,"column":77},"end":{"line":215,"column":102}},{"start":{"line":215,"column":102},"end":{"line":215,"column":112}}],"line":215},"14":{"loc":{"start":{"line":216,"column":30},"end":{"line":216,"column":58}},"type":"binary-expr","locations":[{"start":{"line":216,"column":30},"end":{"line":216,"column":56}},{"start":{"line":216,"column":56},"end":{"line":216,"column":58}}],"line":216},"15":{"loc":{"start":{"line":217,"column":30},"end":{"line":217,"column":59}},"type":"binary-expr","locations":[{"start":{"line":217,"column":30},"end":{"line":217,"column":57}},{"start":{"line":217,"column":57},"end":{"line":217,"column":59}}],"line":217},"16":{"loc":{"start":{"line":217,"column":79},"end":{"line":217,"column":115}},"type":"binary-expr","locations":[{"start":{"line":217,"column":79},"end":{"line":217,"column":105}},{"start":{"line":217,"column":105},"end":{"line":217,"column":115}}],"line":217},"17":{"loc":{"start":{"line":218,"column":30},"end":{"line":218,"column":62}},"type":"binary-expr","locations":[{"start":{"line":218,"column":30},"end":{"line":218,"column":60}},{"start":{"line":218,"column":60},"end":{"line":218,"column":62}}],"line":218},"18":{"loc":{"start":{"line":218,"column":82},"end":{"line":218,"column":127}},"type":"binary-expr","locations":[{"start":{"line":218,"column":82},"end":{"line":218,"column":114}},{"start":{"line":218,"column":114},"end":{"line":218,"column":127}}],"line":218},"19":{"loc":{"start":{"line":220,"column":34},"end":{"line":220,"column":105}},"type":"binary-expr","locations":[{"start":{"line":220,"column":34},"end":{"line":220,"column":102}},{"start":{"line":220,"column":102},"end":{"line":220,"column":105}}],"line":220},"20":{"loc":{"start":{"line":221,"column":34},"end":{"line":221,"column":105}},"type":"binary-expr","locations":[{"start":{"line":221,"column":34},"end":{"line":221,"column":102}},{"start":{"line":221,"column":102},"end":{"line":221,"column":105}}],"line":221},"21":{"loc":{"start":{"line":223,"column":30},"end":{"line":223,"column":61}},"type":"binary-expr","locations":[{"start":{"line":223,"column":30},"end":{"line":223,"column":59}},{"start":{"line":223,"column":59},"end":{"line":223,"column":61}}],"line":223},"22":{"loc":{"start":{"line":223,"column":81},"end":{"line":223,"column":127}},"type":"binary-expr","locations":[{"start":{"line":223,"column":81},"end":{"line":223,"column":116}},{"start":{"line":223,"column":116},"end":{"line":223,"column":127}}],"line":223},"23":{"loc":{"start":{"line":224,"column":30},"end":{"line":224,"column":61}},"type":"binary-expr","locations":[{"start":{"line":224,"column":30},"end":{"line":224,"column":59}},{"start":{"line":224,"column":59},"end":{"line":224,"column":61}}],"line":224},"24":{"loc":{"start":{"line":225,"column":30},"end":{"line":225,"column":61}},"type":"binary-expr","locations":[{"start":{"line":225,"column":30},"end":{"line":225,"column":59}},{"start":{"line":225,"column":59},"end":{"line":225,"column":61}}],"line":225},"25":{"loc":{"start":{"line":226,"column":13},"end":{"line":226,"column":46}},"type":"binary-expr","locations":[{"start":{"line":226,"column":13},"end":{"line":226,"column":41}},{"start":{"line":226,"column":41},"end":{"line":226,"column":46}}],"line":226},"26":{"loc":{"start":{"line":244,"column":25},"end":{"line":244,"column":null}},"type":"cond-expr","locations":[{"start":{"line":244,"column":58},"end":{"line":244,"column":96}},{"start":{"line":244,"column":96},"end":{"line":244,"column":null}}],"line":244},"27":{"loc":{"start":{"line":247,"column":81},"end":{"line":247,"column":null}},"type":"binary-expr","locations":[{"start":{"line":247,"column":81},"end":{"line":247,"column":111}},{"start":{"line":247,"column":111},"end":{"line":247,"column":null}}],"line":247},"28":{"loc":{"start":{"line":247,"column":91},"end":{"line":247,"column":111}},"type":"binary-expr","locations":[{"start":{"line":247,"column":91},"end":{"line":247,"column":104}},{"start":{"line":247,"column":104},"end":{"line":247,"column":111}}],"line":247},"29":{"loc":{"start":{"line":248,"column":17},"end":{"line":248,"column":null}},"type":"binary-expr","locations":[{"start":{"line":248,"column":17},"end":{"line":248,"column":47}},{"start":{"line":248,"column":47},"end":{"line":248,"column":null}}],"line":248},"30":{"loc":{"start":{"line":248,"column":27},"end":{"line":248,"column":47}},"type":"binary-expr","locations":[{"start":{"line":248,"column":27},"end":{"line":248,"column":40}},{"start":{"line":248,"column":40},"end":{"line":248,"column":47}}],"line":248},"31":{"loc":{"start":{"line":250,"column":15},"end":{"line":252,"column":null}},"type":"binary-expr","locations":[{"start":{"line":250,"column":15},"end":{"line":250,"column":null}},{"start":{"line":251,"column":16},"end":{"line":252,"column":null}}],"line":250},"32":{"loc":{"start":{"line":262,"column":45},"end":{"line":262,"column":80}},"type":"cond-expr","locations":[{"start":{"line":262,"column":55},"end":{"line":262,"column":72}},{"start":{"line":262,"column":72},"end":{"line":262,"column":80}}],"line":262},"33":{"loc":{"start":{"line":269,"column":9},"end":{"line":381,"column":null}},"type":"cond-expr","locations":[{"start":{"line":270,"column":10},"end":{"line":275,"column":11}},{"start":{"line":275,"column":10},"end":{"line":381,"column":null}}],"line":269},"34":{"loc":{"start":{"line":269,"column":9},"end":{"line":269,"column":null}},"type":"binary-expr","locations":[{"start":{"line":269,"column":9},"end":{"line":269,"column":20}},{"start":{"line":269,"column":20},"end":{"line":269,"column":null}}],"line":269},"35":{"loc":{"start":{"line":282,"column":22},"end":{"line":282,"column":null}},"type":"cond-expr","locations":[{"start":{"line":282,"column":34},"end":{"line":282,"column":148}},{"start":{"line":282,"column":148},"end":{"line":282,"column":null}}],"line":282},"36":{"loc":{"start":{"line":287,"column":58},"end":{"line":287,"column":86}},"type":"binary-expr","locations":[{"start":{"line":287,"column":58},"end":{"line":287,"column":78}},{"start":{"line":287,"column":78},"end":{"line":287,"column":86}}],"line":287},"37":{"loc":{"start":{"line":288,"column":58},"end":{"line":288,"column":86}},"type":"binary-expr","locations":[{"start":{"line":288,"column":58},"end":{"line":288,"column":80}},{"start":{"line":288,"column":80},"end":{"line":288,"column":86}}],"line":288},"38":{"loc":{"start":{"line":325,"column":22},"end":{"line":325,"column":null}},"type":"cond-expr","locations":[{"start":{"line":325,"column":36},"end":{"line":325,"column":102}},{"start":{"line":325,"column":102},"end":{"line":325,"column":null}}],"line":325},"39":{"loc":{"start":{"line":344,"column":22},"end":{"line":344,"column":null}},"type":"cond-expr","locations":[{"start":{"line":344,"column":37},"end":{"line":344,"column":105}},{"start":{"line":344,"column":105},"end":{"line":344,"column":null}}],"line":344},"40":{"loc":{"start":{"line":349,"column":57},"end":{"line":349,"column":null}},"type":"binary-expr","locations":[{"start":{"line":349,"column":57},"end":{"line":349,"column":80}},{"start":{"line":349,"column":80},"end":{"line":349,"column":null}}],"line":349},"41":{"loc":{"start":{"line":352,"column":25},"end":{"line":352,"column":null}},"type":"binary-expr","locations":[{"start":{"line":352,"column":25},"end":{"line":352,"column":90}},{"start":{"line":352,"column":90},"end":{"line":352,"column":null}}],"line":352},"42":{"loc":{"start":{"line":355,"column":25},"end":{"line":355,"column":null}},"type":"binary-expr","locations":[{"start":{"line":355,"column":25},"end":{"line":355,"column":93}},{"start":{"line":355,"column":93},"end":{"line":355,"column":null}}],"line":355},"43":{"loc":{"start":{"line":358,"column":25},"end":{"line":358,"column":null}},"type":"binary-expr","locations":[{"start":{"line":358,"column":25},"end":{"line":358,"column":95}},{"start":{"line":358,"column":95},"end":{"line":358,"column":null}}],"line":358}},"s":{"0":1,"1":1,"2":1,"3":0,"4":0,"5":0,"6":1,"7":120,"8":1,"9":165,"10":1,"11":90,"12":90,"13":90,"14":6,"15":84,"16":196,"17":0,"18":1,"19":75,"20":5,"21":70,"22":1,"23":45,"24":1,"25":1,"26":1,"27":1,"28":1,"29":29,"30":29,"31":29,"32":29,"33":29,"34":29,"35":29,"36":29,"37":15,"38":15,"39":15,"40":13,"41":13,"42":13,"43":13,"44":13,"45":13,"46":14,"47":29,"48":14,"49":29,"50":14,"51":29,"52":28,"53":29,"54":14,"55":29,"56":28,"57":29,"58":29,"59":29,"60":14,"61":29,"62":14,"63":29,"64":14,"65":29,"66":14,"67":29,"68":14,"69":29,"70":14,"71":28,"72":29,"73":56,"74":29,"75":42,"76":29,"77":42,"78":29,"79":29,"80":14,"81":28,"82":28},"f":{"0":0,"1":120,"2":165,"3":90,"4":90,"5":196,"6":0,"7":75,"8":45,"9":29,"10":15,"11":13,"12":14,"13":14,"14":28,"15":14,"16":28,"17":14,"18":14,"19":14,"20":14,"21":14,"22":14,"23":28,"24":56,"25":42,"26":42,"27":14,"28":28,"29":28},"b":{"0":[0,0],"1":[0,0],"2":[165],"3":[6,84],"4":[75],"5":[5,70],"6":[45,42],"7":[29,15],"8":[29,15],"9":[29,15],"10":[29,15],"11":[29,15],"12":[29,15],"13":[14,0],"14":[29,15],"15":[29,15],"16":[14,0],"17":[29,15],"18":[14,0],"19":[29,15],"20":[29,15],"21":[29,15],"22":[56,0],"23":[29,15],"24":[29,15],"25":[42,0],"26":[21,8],"27":[29,2],"28":[29,0],"29":[29,2],"30":[29,0],"31":[29,14],"32":[15,14],"33":[14,15],"34":[29,15],"35":[14,1],"36":[15,1],"37":[15,1],"38":[14,1],"39":[14,1],"40":[15,1],"41":[15,1],"42":[15,1],"43":[15,1]},"meta":{"lastBranch":44,"lastFunction":30,"lastStatement":83,"seen":{"s:21:42:28:Infinity":0,"s:30:15:42:Infinity":1,"s:45:6:50:Infinity":2,"f:45:6:45:23":0,"b:46:2:46:Infinity:undefined:undefined:undefined:undefined":0,"s:46:2:46:Infinity":3,"b:46:6:46:17:46:17:46:35":1,"s:46:35:46:Infinity":4,"s:47:2:50:Infinity":5,"s:56:6:66:Infinity":6,"f:56:6:56:17":1,"s:59:2:66:Infinity":7,"s:71:6:84:Infinity":8,"f:71:6:71:19":2,"s:74:2:84:Infinity":9,"b:71:48:71:51":2,"s:89:6:115:Infinity":10,"f:89:6:89:20":3,"s:93:18:93:45":11,"f:93:23:93:28":4,"s:93:33:93:45":12,"b:94:2:94:Infinity:undefined:undefined:undefined:undefined":3,"s:94:2:94:Infinity":13,"s:94:16:94:Infinity":14,"s:95:2:115:Infinity":15,"f:105:16:105:21":5,"s:105:30:105:Infinity":16,"f:112:10:112:22":6,"s:112:32:112:Infinity":17,"s:120:6:143:Infinity":18,"f:120:6:120:19":7,"b:120:47:120:Infinity":4,"b:125:2:125:Infinity:undefined:undefined:undefined:undefined":5,"s:125:2:125:Infinity":19,"s:125:20:125:Infinity":20,"s:126:2:143:Infinity":21,"s:148:6:154:Infinity":22,"f:148:6:148:23":8,"s:151:2:154:Infinity":23,"b:154:5:154:13:154:13:154:Infinity":6,"s:162:45:164:Infinity":24,"s:165:48:167:Infinity":25,"s:168:53:170:Infinity":26,"s:171:46:173:Infinity":27,"s:176:6:387:Infinity":28,"f:176:6:176:24":9,"s:177:10:177:28":29,"s:179:23:179:74":30,"s:180:23:180:76":31,"s:181:23:181:85":32,"s:182:23:182:78":33,"s:183:23:183:56":34,"s:184:23:184:68":35,"s:186:17:201:Infinity":36,"f:186:17:186:29":10,"s:187:4:187:Infinity":37,"s:188:4:201:Infinity":38,"s:189:37:194:8":39,"s:195:6:195:Infinity":40,"s:196:6:196:Infinity":41,"s:197:6:197:Infinity":42,"s:198:6:198:Infinity":43,"f:198:49:198:53":11,"s:198:58:198:78":44,"s:199:6:199:Infinity":45,"s:201:14:201:Infinity":46,"s:204:2:204:Infinity":47,"f:204:2:204:18":12,"s:204:20:204:33":48,"s:207:27:207:Infinity":49,"b:207:27:207:93:207:93:207:Infinity":7,"f:207:47:207:52":13,"s:207:57:207:80":50,"s:208:27:208:Infinity":51,"b:208:27:208:93:208:93:208:Infinity":8,"f:208:47:208:52":14,"s:208:57:208:82":52,"s:209:27:209:Infinity":53,"b:209:27:209:119:209:119:209:Infinity":9,"f:209:59:209:64":15,"s:209:69:209:106":54,"s:210:27:210:Infinity":55,"b:210:27:210:119:210:119:210:Infinity":10,"f:210:59:210:64":16,"s:210:69:210:108":56,"s:212:29:212:128":57,"s:213:29:213:118":58,"s:214:8:214:99":59,"b:214:30:214:52:214:52:214:54":11,"f:214:56:214:60":17,"s:214:66:214:99":60,"s:215:8:215:130":61,"b:215:30:215:55:215:55:215:57":12,"f:215:59:215:63":18,"s:215:69:215:130":62,"b:215:77:215:102:215:102:215:112":13,"s:216:8:216:106":63,"b:216:30:216:56:216:56:216:58":14,"f:216:60:216:64":19,"s:216:70:216:106":64,"s:217:8:217:133":65,"b:217:30:217:57:217:57:217:59":15,"f:217:61:217:65":20,"s:217:71:217:133":66,"b:217:79:217:105:217:105:217:115":16,"s:218:8:218:145":67,"b:218:30:218:60:218:60:218:62":17,"f:218:64:218:68":21,"s:218:74:218:145":68,"b:218:82:218:114:218:114:218:127":18,"s:219:29:221:Infinity":69,"b:220:34:220:102:220:102:220:105":19,"f:220:57:220:62":22,"s:220:67:220:88":70,"b:221:34:221:102:221:102:221:105":20,"f:221:57:221:62":23,"s:221:67:221:91":71,"s:223:8:223:145":72,"b:223:30:223:59:223:59:223:61":21,"f:223:63:223:67":24,"s:223:73:223:145":73,"b:223:81:223:116:223:116:223:127":22,"s:224:8:224:155":74,"b:224:30:224:59:224:59:224:61":23,"f:224:63:224:67":25,"s:224:73:224:155":75,"s:225:8:228:5":76,"b:225:30:225:59:225:59:225:61":24,"f:225:63:225:67":26,"s:225:73:228:5":77,"b:226:13:226:41:226:41:226:46":25,"s:230:44:232:Infinity":78,"s:234:2:387:Infinity":79,"b:244:58:244:96:244:96:244:Infinity":26,"b:247:81:247:111:247:111:247:Infinity":27,"b:247:91:247:104:247:104:247:111":28,"b:248:17:248:47:248:47:248:Infinity":29,"b:248:27:248:40:248:40:248:47":30,"b:250:15:250:Infinity:251:16:252:Infinity":31,"b:262:55:262:72:262:72:262:80":32,"b:270:10:275:11:275:10:381:Infinity":33,"b:269:9:269:20:269:20:269:Infinity":34,"b:282:34:282:148:282:148:282:Infinity":35,"b:287:58:287:78:287:78:287:86":36,"b:288:58:288:80:288:80:288:86":37,"b:325:36:325:102:325:102:325:Infinity":38,"b:344:37:344:105:344:105:344:Infinity":39,"b:349:57:349:80:349:80:349:Infinity":40,"b:352:25:352:90:352:90:352:Infinity":41,"f:352:48:352:53":27,"s:352:58:352:79":80,"b:355:25:355:93:355:93:355:Infinity":42,"f:355:48:355:53":28,"s:355:58:355:82":81,"b:358:25:358:95:358:95:358:Infinity":43,"f:358:50:358:55":29,"s:358:60:358:84":82},"fnNames":{}}}
,"/Users/felruizrojas/fel-school/sanos_salvos/frontend-sanos-salvos/src/pages/admin/AdminTicketsPage.tsx": {"path":"/Users/felruizrojas/fel-school/sanos_salvos/frontend-sanos-salvos/src/pages/admin/AdminTicketsPage.tsx","statementMap":{"0":{"start":{"line":16,"column":44},"end":{"line":21,"column":null}},"1":{"start":{"line":22,"column":44},"end":{"line":24,"column":null}},"2":{"start":{"line":25,"column":47},"end":{"line":27,"column":null}},"3":{"start":{"line":28,"column":16},"end":{"line":28,"column":null}},"4":{"start":{"line":30,"column":6},"end":{"line":34,"column":null}},"5":{"start":{"line":31,"column":14},"end":{"line":31,"column":null}},"6":{"start":{"line":32,"column":2},"end":{"line":32,"column":null}},"7":{"start":{"line":32,"column":34},"end":{"line":32,"column":null}},"8":{"start":{"line":33,"column":2},"end":{"line":33,"column":null}},"9":{"start":{"line":33,"column":34},"end":{"line":33,"column":null}},"10":{"start":{"line":34,"column":2},"end":{"line":34,"column":null}},"11":{"start":{"line":37,"column":18},"end":{"line":37,"column":null}},"12":{"start":{"line":40,"column":6},"end":{"line":275,"column":null}},"13":{"start":{"line":49,"column":20},"end":{"line":49,"column":50}},"14":{"start":{"line":50,"column":19},"end":{"line":50,"column":53}},"15":{"start":{"line":51,"column":22},"end":{"line":51,"column":63}},"16":{"start":{"line":52,"column":16},"end":{"line":52,"column":50}},"17":{"start":{"line":54,"column":24},"end":{"line":62,"column":null}},"18":{"start":{"line":55,"column":4},"end":{"line":55,"column":23}},"19":{"start":{"line":55,"column":23},"end":{"line":55,"column":null}},"20":{"start":{"line":56,"column":4},"end":{"line":62,"column":null}},"21":{"start":{"line":57,"column":26},"end":{"line":57,"column":70}},"22":{"start":{"line":58,"column":6},"end":{"line":58,"column":null}},"23":{"start":{"line":60,"column":6},"end":{"line":60,"column":null}},"24":{"start":{"line":62,"column":6},"end":{"line":62,"column":null}},"25":{"start":{"line":66,"column":33},"end":{"line":75,"column":null}},"26":{"start":{"line":67,"column":4},"end":{"line":67,"column":null}},"27":{"start":{"line":67,"column":55},"end":{"line":67,"column":null}},"28":{"start":{"line":68,"column":4},"end":{"line":68,"column":23}},"29":{"start":{"line":68,"column":23},"end":{"line":68,"column":null}},"30":{"start":{"line":69,"column":4},"end":{"line":75,"column":null}},"31":{"start":{"line":70,"column":26},"end":{"line":70,"column":86}},"32":{"start":{"line":71,"column":6},"end":{"line":71,"column":null}},"33":{"start":{"line":73,"column":6},"end":{"line":73,"column":null}},"34":{"start":{"line":75,"column":6},"end":{"line":75,"column":null}},"35":{"start":{"line":79,"column":26},"end":{"line":90,"column":null}},"36":{"start":{"line":80,"column":4},"end":{"line":80,"column":null}},"37":{"start":{"line":80,"column":27},"end":{"line":80,"column":null}},"38":{"start":{"line":81,"column":4},"end":{"line":81,"column":23}},"39":{"start":{"line":81,"column":23},"end":{"line":81,"column":null}},"40":{"start":{"line":82,"column":4},"end":{"line":90,"column":null}},"41":{"start":{"line":83,"column":6},"end":{"line":83,"column":null}},"42":{"start":{"line":84,"column":26},"end":{"line":84,"column":66}},"43":{"start":{"line":85,"column":6},"end":{"line":85,"column":null}},"44":{"start":{"line":86,"column":6},"end":{"line":86,"column":null}},"45":{"start":{"line":88,"column":6},"end":{"line":88,"column":null}},"46":{"start":{"line":90,"column":6},"end":{"line":90,"column":null}},"47":{"start":{"line":94,"column":2},"end":{"line":275,"column":null}},"48":{"start":{"line":173,"column":35},"end":{"line":173,"column":65}},"49":{"start":{"line":177,"column":20},"end":{"line":177,"column":null}},"50":{"start":{"line":207,"column":34},"end":{"line":207,"column":null}},"51":{"start":{"line":208,"column":18},"end":{"line":229,"column":null}},"52":{"start":{"line":248,"column":35},"end":{"line":248,"column":63}},"53":{"start":{"line":281,"column":6},"end":{"line":436,"column":null}},"54":{"start":{"line":282,"column":18},"end":{"line":282,"column":66}},"55":{"start":{"line":283,"column":18},"end":{"line":283,"column":58}},"56":{"start":{"line":284,"column":16},"end":{"line":284,"column":56}},"57":{"start":{"line":285,"column":23},"end":{"line":285,"column":56}},"58":{"start":{"line":286,"column":23},"end":{"line":286,"column":73}},"59":{"start":{"line":288,"column":24},"end":{"line":296,"column":null}},"60":{"start":{"line":289,"column":4},"end":{"line":289,"column":null}},"61":{"start":{"line":290,"column":4},"end":{"line":296,"column":null}},"62":{"start":{"line":291,"column":19},"end":{"line":291,"column":79}},"63":{"start":{"line":292,"column":6},"end":{"line":292,"column":null}},"64":{"start":{"line":294,"column":6},"end":{"line":294,"column":null}},"65":{"start":{"line":296,"column":6},"end":{"line":296,"column":null}},"66":{"start":{"line":300,"column":2},"end":{"line":300,"column":null}},"67":{"start":{"line":300,"column":20},"end":{"line":300,"column":40}},"68":{"start":{"line":302,"column":26},"end":{"line":306,"column":null}},"69":{"start":{"line":303,"column":4},"end":{"line":306,"column":null}},"70":{"start":{"line":304,"column":6},"end":{"line":304,"column":null}},"71":{"start":{"line":306,"column":6},"end":{"line":306,"column":null}},"72":{"start":{"line":310,"column":2},"end":{"line":315,"column":null}},"73":{"start":{"line":310,"column":20},"end":{"line":315,"column":null}},"74":{"start":{"line":313,"column":24},"end":{"line":313,"column":47}},"75":{"start":{"line":313,"column":47},"end":{"line":313,"column":null}},"76":{"start":{"line":318,"column":2},"end":{"line":436,"column":null}},"77":{"start":{"line":344,"column":12},"end":{"line":354,"column":null}},"78":{"start":{"line":346,"column":29},"end":{"line":346,"column":52}},"79":{"start":{"line":391,"column":16},"end":{"line":429,"column":null}},"80":{"start":{"line":396,"column":33},"end":{"line":396,"column":59}}},"fnMap":{"0":{"name":"(anonymous_0)","decl":{"start":{"line":30,"column":6},"end":{"line":30,"column":17}},"loc":{"start":{"line":30,"column":46},"end":{"line":34,"column":null}},"line":30},"1":{"name":"(anonymous_1)","decl":{"start":{"line":40,"column":6},"end":{"line":40,"column":23}},"loc":{"start":{"line":48,"column":6},"end":{"line":275,"column":null}},"line":48},"2":{"name":"(anonymous_2)","decl":{"start":{"line":54,"column":24},"end":{"line":54,"column":36}},"loc":{"start":{"line":54,"column":36},"end":{"line":62,"column":null}},"line":54},"3":{"name":"(anonymous_3)","decl":{"start":{"line":66,"column":33},"end":{"line":66,"column":45}},"loc":{"start":{"line":66,"column":45},"end":{"line":75,"column":null}},"line":66},"4":{"name":"(anonymous_4)","decl":{"start":{"line":79,"column":26},"end":{"line":79,"column":38}},"loc":{"start":{"line":79,"column":38},"end":{"line":90,"column":null}},"line":79},"5":{"name":"(anonymous_5)","decl":{"start":{"line":173,"column":18},"end":{"line":173,"column":29}},"loc":{"start":{"line":173,"column":35},"end":{"line":173,"column":65}},"line":173},"6":{"name":"(anonymous_6)","decl":{"start":{"line":176,"column":43},"end":{"line":176,"column":48}},"loc":{"start":{"line":177,"column":20},"end":{"line":177,"column":null}},"line":177},"7":{"name":"(anonymous_7)","decl":{"start":{"line":206,"column":36},"end":{"line":206,"column":41}},"loc":{"start":{"line":206,"column":47},"end":{"line":229,"column":null}},"line":206},"8":{"name":"(anonymous_8)","decl":{"start":{"line":248,"column":18},"end":{"line":248,"column":29}},"loc":{"start":{"line":248,"column":35},"end":{"line":248,"column":63}},"line":248},"9":{"name":"(anonymous_9)","decl":{"start":{"line":281,"column":6},"end":{"line":281,"column":31}},"loc":{"start":{"line":281,"column":31},"end":{"line":436,"column":null}},"line":281},"10":{"name":"(anonymous_10)","decl":{"start":{"line":288,"column":24},"end":{"line":288,"column":36}},"loc":{"start":{"line":288,"column":36},"end":{"line":296,"column":null}},"line":288},"11":{"name":"(anonymous_11)","decl":{"start":{"line":300,"column":2},"end":{"line":300,"column":18}},"loc":{"start":{"line":300,"column":18},"end":{"line":300,"column":41}},"line":300},"12":{"name":"(anonymous_12)","decl":{"start":{"line":302,"column":26},"end":{"line":302,"column":33}},"loc":{"start":{"line":302,"column":48},"end":{"line":306,"column":null}},"line":302},"13":{"name":"(anonymous_13)","decl":{"start":{"line":313,"column":6},"end":{"line":313,"column":22}},"loc":{"start":{"line":313,"column":22},"end":{"line":313,"column":null}},"line":313},"14":{"name":"(anonymous_14)","decl":{"start":{"line":343,"column":19},"end":{"line":343,"column":24}},"loc":{"start":{"line":344,"column":12},"end":{"line":354,"column":null}},"line":344},"15":{"name":"(anonymous_15)","decl":{"start":{"line":346,"column":14},"end":{"line":346,"column":29}},"loc":{"start":{"line":346,"column":29},"end":{"line":346,"column":52}},"line":346},"16":{"name":"(anonymous_16)","decl":{"start":{"line":390,"column":23},"end":{"line":390,"column":28}},"loc":{"start":{"line":391,"column":16},"end":{"line":429,"column":null}},"line":391},"17":{"name":"(anonymous_17)","decl":{"start":{"line":396,"column":18},"end":{"line":396,"column":33}},"loc":{"start":{"line":396,"column":33},"end":{"line":396,"column":59}},"line":396}},"branchMap":{"0":{"loc":{"start":{"line":32,"column":2},"end":{"line":32,"column":null}},"type":"if","locations":[{"start":{"line":32,"column":2},"end":{"line":32,"column":null}},{"start":{},"end":{}}],"line":32},"1":{"loc":{"start":{"line":33,"column":2},"end":{"line":33,"column":null}},"type":"if","locations":[{"start":{"line":33,"column":2},"end":{"line":33,"column":null}},{"start":{},"end":{}}],"line":33},"2":{"loc":{"start":{"line":67,"column":4},"end":{"line":67,"column":null}},"type":"if","locations":[{"start":{"line":67,"column":4},"end":{"line":67,"column":null}},{"start":{},"end":{}}],"line":67},"3":{"loc":{"start":{"line":67,"column":8},"end":{"line":67,"column":55}},"type":"binary-expr","locations":[{"start":{"line":67,"column":8},"end":{"line":67,"column":24}},{"start":{"line":67,"column":24},"end":{"line":67,"column":55}}],"line":67},"4":{"loc":{"start":{"line":80,"column":4},"end":{"line":80,"column":null}},"type":"if","locations":[{"start":{"line":80,"column":4},"end":{"line":80,"column":null}},{"start":{},"end":{}}],"line":80},"5":{"loc":{"start":{"line":119,"column":11},"end":{"line":120,"column":11}},"type":"binary-expr","locations":[{"start":{"line":119,"column":11},"end":{"line":119,"column":20}},{"start":{"line":119,"column":20},"end":{"line":120,"column":11}}],"line":119},"6":{"loc":{"start":{"line":130,"column":19},"end":{"line":130,"column":null}},"type":"cond-expr","locations":[{"start":{"line":130,"column":36},"end":{"line":130,"column":52}},{"start":{"line":130,"column":52},"end":{"line":130,"column":null}}],"line":130},"7":{"loc":{"start":{"line":133,"column":19},"end":{"line":133,"column":null}},"type":"binary-expr","locations":[{"start":{"line":133,"column":19},"end":{"line":133,"column":37}},{"start":{"line":133,"column":37},"end":{"line":133,"column":62}},{"start":{"line":133,"column":62},"end":{"line":133,"column":null}}],"line":133},"8":{"loc":{"start":{"line":136,"column":15},"end":{"line":141,"column":null}},"type":"binary-expr","locations":[{"start":{"line":136,"column":15},"end":{"line":136,"column":null}},{"start":{"line":137,"column":16},"end":{"line":141,"column":null}}],"line":136},"9":{"loc":{"start":{"line":160,"column":15},"end":{"line":170,"column":15}},"type":"binary-expr","locations":[{"start":{"line":160,"column":15},"end":{"line":160,"column":null}},{"start":{"line":161,"column":16},"end":{"line":170,"column":15}}],"line":160},"10":{"loc":{"start":{"line":182,"column":28},"end":{"line":182,"column":null}},"type":"binary-expr","locations":[{"start":{"line":182,"column":28},"end":{"line":182,"column":40}},{"start":{"line":182,"column":40},"end":{"line":182,"column":null}}],"line":182},"11":{"loc":{"start":{"line":199,"column":13},"end":{"line":232,"column":null}},"type":"cond-expr","locations":[{"start":{"line":200,"column":14},"end":{"line":205,"column":15}},{"start":{"line":205,"column":14},"end":{"line":232,"column":null}}],"line":199},"12":{"loc":{"start":{"line":212,"column":24},"end":{"line":214,"column":null}},"type":"cond-expr","locations":[{"start":{"line":213,"column":28},"end":{"line":213,"column":null}},{"start":{"line":214,"column":28},"end":{"line":214,"column":null}}],"line":212},"13":{"loc":{"start":{"line":218,"column":92},"end":{"line":218,"column":null}},"type":"cond-expr","locations":[{"start":{"line":218,"column":102},"end":{"line":218,"column":121}},{"start":{"line":218,"column":121},"end":{"line":218,"column":null}}],"line":218},"14":{"loc":{"start":{"line":219,"column":27},"end":{"line":222,"column":37}},"type":"cond-expr","locations":[{"start":{"line":220,"column":30},"end":{"line":221,"column":31}},{"start":{"line":221,"column":30},"end":{"line":222,"column":37}}],"line":219},"15":{"loc":{"start":{"line":222,"column":27},"end":{"line":222,"column":null}},"type":"cond-expr","locations":[{"start":{"line":222,"column":37},"end":{"line":222,"column":49}},{"start":{"line":222,"column":49},"end":{"line":222,"column":null}}],"line":222},"16":{"loc":{"start":{"line":235,"column":13},"end":{"line":267,"column":null}},"type":"cond-expr","locations":[{"start":{"line":236,"column":14},"end":{"line":265,"column":15}},{"start":{"line":265,"column":14},"end":{"line":267,"column":null}}],"line":235},"17":{"loc":{"start":{"line":237,"column":17},"end":{"line":243,"column":null}},"type":"binary-expr","locations":[{"start":{"line":237,"column":17},"end":{"line":237,"column":36}},{"start":{"line":237,"column":36},"end":{"line":237,"column":null}},{"start":{"line":238,"column":18},"end":{"line":243,"column":null}}],"line":237},"18":{"loc":{"start":{"line":255,"column":28},"end":{"line":255,"column":57}},"type":"binary-expr","locations":[{"start":{"line":255,"column":28},"end":{"line":255,"column":40}},{"start":{"line":255,"column":40},"end":{"line":255,"column":57}}],"line":255},"19":{"loc":{"start":{"line":258,"column":19},"end":{"line":261,"column":30}},"type":"cond-expr","locations":[{"start":{"line":259,"column":22},"end":{"line":260,"column":23}},{"start":{"line":260,"column":22},"end":{"line":261,"column":30}}],"line":258},"20":{"loc":{"start":{"line":261,"column":19},"end":{"line":261,"column":null}},"type":"cond-expr","locations":[{"start":{"line":261,"column":30},"end":{"line":261,"column":46}},{"start":{"line":261,"column":46},"end":{"line":261,"column":null}}],"line":261},"21":{"loc":{"start":{"line":291,"column":53},"end":{"line":291,"column":79}},"type":"binary-expr","locations":[{"start":{"line":291,"column":53},"end":{"line":291,"column":69}},{"start":{"line":291,"column":69},"end":{"line":291,"column":79}}],"line":291},"22":{"loc":{"start":{"line":310,"column":2},"end":{"line":315,"column":null}},"type":"if","locations":[{"start":{"line":310,"column":2},"end":{"line":315,"column":null}},{"start":{},"end":{}}],"line":310},"23":{"loc":{"start":{"line":330,"column":11},"end":{"line":332,"column":null}},"type":"binary-expr","locations":[{"start":{"line":330,"column":11},"end":{"line":330,"column":null}},{"start":{"line":331,"column":12},"end":{"line":332,"column":null}}],"line":330},"24":{"loc":{"start":{"line":332,"column":38},"end":{"line":332,"column":70}},"type":"cond-expr","locations":[{"start":{"line":332,"column":61},"end":{"line":332,"column":67}},{"start":{"line":332,"column":67},"end":{"line":332,"column":70}}],"line":332},"25":{"loc":{"start":{"line":332,"column":82},"end":{"line":332,"column":null}},"type":"cond-expr","locations":[{"start":{"line":332,"column":105},"end":{"line":332,"column":111}},{"start":{"line":332,"column":111},"end":{"line":332,"column":null}}],"line":332},"26":{"loc":{"start":{"line":348,"column":16},"end":{"line":350,"column":null}},"type":"cond-expr","locations":[{"start":{"line":349,"column":20},"end":{"line":349,"column":null}},{"start":{"line":350,"column":20},"end":{"line":350,"column":null}}],"line":348},"27":{"loc":{"start":{"line":353,"column":15},"end":{"line":353,"column":null}},"type":"cond-expr","locations":[{"start":{"line":353,"column":31},"end":{"line":353,"column":41}},{"start":{"line":353,"column":41},"end":{"line":353,"column":null}}],"line":353},"28":{"loc":{"start":{"line":364,"column":13},"end":{"line":369,"column":null}},"type":"binary-expr","locations":[{"start":{"line":364,"column":13},"end":{"line":364,"column":null}},{"start":{"line":365,"column":14},"end":{"line":369,"column":null}}],"line":364},"29":{"loc":{"start":{"line":371,"column":11},"end":{"line":433,"column":null}},"type":"cond-expr","locations":[{"start":{"line":372,"column":12},"end":{"line":376,"column":22}},{"start":{"line":376,"column":14},"end":{"line":433,"column":null}}],"line":371},"30":{"loc":{"start":{"line":376,"column":14},"end":{"line":433,"column":null}},"type":"cond-expr","locations":[{"start":{"line":377,"column":12},"end":{"line":389,"column":13}},{"start":{"line":389,"column":12},"end":{"line":433,"column":null}}],"line":376},"31":{"loc":{"start":{"line":418,"column":23},"end":{"line":420,"column":null}},"type":"cond-expr","locations":[{"start":{"line":419,"column":26},"end":{"line":419,"column":null}},{"start":{"line":420,"column":26},"end":{"line":420,"column":null}}],"line":418},"32":{"loc":{"start":{"line":420,"column":26},"end":{"line":420,"column":null}},"type":"binary-expr","locations":[{"start":{"line":420,"column":26},"end":{"line":420,"column":51}},{"start":{"line":420,"column":51},"end":{"line":420,"column":null}}],"line":420},"33":{"loc":{"start":{"line":422,"column":21},"end":{"line":425,"column":null}},"type":"binary-expr","locations":[{"start":{"line":422,"column":21},"end":{"line":422,"column":null}},{"start":{"line":423,"column":22},"end":{"line":425,"column":null}}],"line":422},"34":{"loc":{"start":{"line":425,"column":63},"end":{"line":425,"column":null}},"type":"cond-expr","locations":[{"start":{"line":425,"column":95},"end":{"line":425,"column":101}},{"start":{"line":425,"column":101},"end":{"line":425,"column":null}}],"line":425}},"s":{"0":1,"1":1,"2":1,"3":1,"4":1,"5":51,"6":51,"7":29,"8":22,"9":22,"10":2,"11":1,"12":1,"13":30,"14":30,"15":30,"16":30,"17":30,"18":2,"19":2,"20":2,"21":2,"22":1,"23":1,"24":2,"25":30,"26":2,"27":0,"28":2,"29":2,"30":2,"31":2,"32":1,"33":1,"34":2,"35":30,"36":2,"37":0,"38":2,"39":2,"40":2,"41":2,"42":1,"43":1,"44":1,"45":1,"46":2,"47":30,"48":2,"49":120,"50":13,"51":13,"52":2,"53":1,"54":76,"55":76,"56":76,"57":76,"58":76,"59":76,"60":28,"61":28,"62":28,"63":26,"64":1,"65":27,"66":76,"67":27,"68":76,"69":15,"70":15,"71":1,"72":76,"73":17,"74":1,"75":1,"76":59,"77":295,"78":3,"79":21,"80":15},"f":{"0":51,"1":30,"2":2,"3":2,"4":2,"5":2,"6":120,"7":13,"8":2,"9":76,"10":28,"11":27,"12":15,"13":1,"14":295,"15":3,"16":21,"17":15},"b":{"0":[29,22],"1":[20,2],"2":[0,2],"3":[2,2],"4":[0,2],"5":[30,3],"6":[18,12],"7":[30,12,0],"8":[30,12],"9":[30,16],"10":[30,24],"11":[17,13],"12":[13,0],"13":[13,0],"14":[13,0],"15":[13,0],"16":[29,1],"17":[29,12,12],"18":[29,23],"19":[6,23],"20":[6,23],"21":[28,26],"22":[17,59],"23":[59,31],"24":[12,19],"25":[12,19],"26":[59,236],"27":[59,236],"28":[76,2],"29":[28,31],"30":[11,20],"31":[13,8],"32":[8,0],"33":[21,8],"34":[0,8]},"meta":{"lastBranch":35,"lastFunction":18,"lastStatement":81,"seen":{"s:16:44:21:Infinity":0,"s:22:44:24:Infinity":1,"s:25:47:27:Infinity":2,"s:28:16:28:Infinity":3,"s:30:6:34:Infinity":4,"f:30:6:30:17":0,"s:31:14:31:Infinity":5,"b:32:2:32:Infinity:undefined:undefined:undefined:undefined":0,"s:32:2:32:Infinity":6,"s:32:34:32:Infinity":7,"b:33:2:33:Infinity:undefined:undefined:undefined:undefined":1,"s:33:2:33:Infinity":8,"s:33:34:33:Infinity":9,"s:34:2:34:Infinity":10,"s:37:18:37:Infinity":11,"s:40:6:275:Infinity":12,"f:40:6:40:23":1,"s:49:20:49:50":13,"s:50:19:50:53":14,"s:51:22:51:63":15,"s:52:16:52:50":16,"s:54:24:62:Infinity":17,"f:54:24:54:36":2,"s:55:4:55:23":18,"s:55:23:55:Infinity":19,"s:56:4:62:Infinity":20,"s:57:26:57:70":21,"s:58:6:58:Infinity":22,"s:60:6:60:Infinity":23,"s:62:6:62:Infinity":24,"s:66:33:75:Infinity":25,"f:66:33:66:45":3,"b:67:4:67:Infinity:undefined:undefined:undefined:undefined":2,"s:67:4:67:Infinity":26,"b:67:8:67:24:67:24:67:55":3,"s:67:55:67:Infinity":27,"s:68:4:68:23":28,"s:68:23:68:Infinity":29,"s:69:4:75:Infinity":30,"s:70:26:70:86":31,"s:71:6:71:Infinity":32,"s:73:6:73:Infinity":33,"s:75:6:75:Infinity":34,"s:79:26:90:Infinity":35,"f:79:26:79:38":4,"b:80:4:80:Infinity:undefined:undefined:undefined:undefined":4,"s:80:4:80:Infinity":36,"s:80:27:80:Infinity":37,"s:81:4:81:23":38,"s:81:23:81:Infinity":39,"s:82:4:90:Infinity":40,"s:83:6:83:Infinity":41,"s:84:26:84:66":42,"s:85:6:85:Infinity":43,"s:86:6:86:Infinity":44,"s:88:6:88:Infinity":45,"s:90:6:90:Infinity":46,"s:94:2:275:Infinity":47,"b:119:11:119:20:119:20:120:11":5,"b:130:36:130:52:130:52:130:Infinity":6,"b:133:19:133:37:133:37:133:62:133:62:133:Infinity":7,"b:136:15:136:Infinity:137:16:141:Infinity":8,"b:160:15:160:Infinity:161:16:170:15":9,"f:173:18:173:29":5,"s:173:35:173:65":48,"f:176:43:176:48":6,"s:177:20:177:Infinity":49,"b:182:28:182:40:182:40:182:Infinity":10,"b:200:14:205:15:205:14:232:Infinity":11,"f:206:36:206:41":7,"s:207:34:207:Infinity":50,"s:208:18:229:Infinity":51,"b:213:28:213:Infinity:214:28:214:Infinity":12,"b:218:102:218:121:218:121:218:Infinity":13,"b:220:30:221:31:221:30:222:37":14,"b:222:37:222:49:222:49:222:Infinity":15,"b:236:14:265:15:265:14:267:Infinity":16,"b:237:17:237:36:237:36:237:Infinity:238:18:243:Infinity":17,"f:248:18:248:29":8,"s:248:35:248:63":52,"b:255:28:255:40:255:40:255:57":18,"b:259:22:260:23:260:22:261:30":19,"b:261:30:261:46:261:46:261:Infinity":20,"s:281:6:436:Infinity":53,"f:281:6:281:31":9,"s:282:18:282:66":54,"s:283:18:283:58":55,"s:284:16:284:56":56,"s:285:23:285:56":57,"s:286:23:286:73":58,"s:288:24:296:Infinity":59,"f:288:24:288:36":10,"s:289:4:289:Infinity":60,"s:290:4:296:Infinity":61,"s:291:19:291:79":62,"b:291:53:291:69:291:69:291:79":21,"s:292:6:292:Infinity":63,"s:294:6:294:Infinity":64,"s:296:6:296:Infinity":65,"s:300:2:300:Infinity":66,"f:300:2:300:18":11,"s:300:20:300:40":67,"s:302:26:306:Infinity":68,"f:302:26:302:33":12,"s:303:4:306:Infinity":69,"s:304:6:304:Infinity":70,"s:306:6:306:Infinity":71,"b:310:2:315:Infinity:undefined:undefined:undefined:undefined":22,"s:310:2:315:Infinity":72,"s:310:20:315:Infinity":73,"f:313:6:313:22":13,"s:313:24:313:47":74,"s:313:47:313:Infinity":75,"s:318:2:436:Infinity":76,"b:330:11:330:Infinity:331:12:332:Infinity":23,"b:332:61:332:67:332:67:332:70":24,"b:332:105:332:111:332:111:332:Infinity":25,"f:343:19:343:24":14,"s:344:12:354:Infinity":77,"f:346:14:346:29":15,"s:346:29:346:52":78,"b:349:20:349:Infinity:350:20:350:Infinity":26,"b:353:31:353:41:353:41:353:Infinity":27,"b:364:13:364:Infinity:365:14:369:Infinity":28,"b:372:12:376:22:376:14:433:Infinity":29,"b:377:12:389:13:389:12:433:Infinity":30,"f:390:23:390:28":16,"s:391:16:429:Infinity":79,"f:396:18:396:33":17,"s:396:33:396:59":80,"b:419:26:419:Infinity:420:26:420:Infinity":31,"b:420:26:420:51:420:51:420:Infinity":32,"b:422:21:422:Infinity:423:22:425:Infinity":33,"b:425:95:425:101:425:101:425:Infinity":34},"fnNames":{}}}
,"/Users/felruizrojas/fel-school/sanos_salvos/frontend-sanos-salvos/src/pages/admin/AdminUsuariosPage.tsx": {"path":"/Users/felruizrojas/fel-school/sanos_salvos/frontend-sanos-salvos/src/pages/admin/AdminUsuariosPage.tsx","statementMap":{"0":{"start":{"line":24,"column":41},"end":{"line":31,"column":null}},"1":{"start":{"line":32,"column":41},"end":{"line":35,"column":null}},"2":{"start":{"line":36,"column":6},"end":{"line":38,"column":null}},"3":{"start":{"line":37,"column":4},"end":{"line":37,"column":null}},"4":{"start":{"line":37,"column":16},"end":{"line":37,"column":null}},"5":{"start":{"line":38,"column":4},"end":{"line":38,"column":null}},"6":{"start":{"line":40,"column":25},"end":{"line":44,"column":null}},"7":{"start":{"line":46,"column":6},"end":{"line":51,"column":null}},"8":{"start":{"line":47,"column":18},"end":{"line":47,"column":null}},"9":{"start":{"line":48,"column":16},"end":{"line":48,"column":null}},"10":{"start":{"line":49,"column":4},"end":{"line":51,"column":null}},"11":{"start":{"line":55,"column":6},"end":{"line":811,"column":null}},"12":{"start":{"line":56,"column":18},"end":{"line":56,"column":40}},"13":{"start":{"line":57,"column":25},"end":{"line":57,"column":null}},"14":{"start":{"line":59,"column":21},"end":{"line":59,"column":62}},"15":{"start":{"line":62,"column":21},"end":{"line":62,"column":64}},"16":{"start":{"line":63,"column":20},"end":{"line":63,"column":54}},"17":{"start":{"line":64,"column":18},"end":{"line":64,"column":52}},"18":{"start":{"line":65,"column":20},"end":{"line":65,"column":52}},"19":{"start":{"line":66,"column":22},"end":{"line":66,"column":52}},"20":{"start":{"line":67,"column":25},"end":{"line":67,"column":56}},"21":{"start":{"line":70,"column":25},"end":{"line":70,"column":65}},"22":{"start":{"line":71,"column":22},"end":{"line":71,"column":100}},"23":{"start":{"line":72,"column":22},"end":{"line":72,"column":76}},"24":{"start":{"line":73,"column":25},"end":{"line":73,"column":77}},"25":{"start":{"line":74,"column":25},"end":{"line":74,"column":76}},"26":{"start":{"line":75,"column":27},"end":{"line":75,"column":65}},"27":{"start":{"line":76,"column":23},"end":{"line":76,"column":62}},"28":{"start":{"line":77,"column":25},"end":{"line":77,"column":87}},"29":{"start":{"line":78,"column":29},"end":{"line":78,"column":88}},"30":{"start":{"line":81,"column":32},"end":{"line":81,"column":89}},"31":{"start":{"line":82,"column":21},"end":{"line":82,"column":56}},"32":{"start":{"line":83,"column":22},"end":{"line":83,"column":59}},"33":{"start":{"line":84,"column":25},"end":{"line":84,"column":56}},"34":{"start":{"line":85,"column":27},"end":{"line":85,"column":60}},"35":{"start":{"line":88,"column":24},"end":{"line":88,"column":59}},"36":{"start":{"line":89,"column":23},"end":{"line":89,"column":80}},"37":{"start":{"line":90,"column":26},"end":{"line":90,"column":72}},"38":{"start":{"line":92,"column":4},"end":{"line":92,"column":null}},"39":{"start":{"line":92,"column":22},"end":{"line":92,"column":88}},"40":{"start":{"line":93,"column":4},"end":{"line":93,"column":null}},"41":{"start":{"line":93,"column":22},"end":{"line":93,"column":43}},"42":{"start":{"line":94,"column":4},"end":{"line":97,"column":null}},"43":{"start":{"line":95,"column":8},"end":{"line":96,"column":null}},"44":{"start":{"line":95,"column":30},"end":{"line":95,"column":null}},"45":{"start":{"line":95,"column":107},"end":{"line":95,"column":126}},"46":{"start":{"line":96,"column":13},"end":{"line":96,"column":null}},"47":{"start":{"line":98,"column":4},"end":{"line":100,"column":null}},"48":{"start":{"line":99,"column":8},"end":{"line":99,"column":null}},"49":{"start":{"line":99,"column":31},"end":{"line":99,"column":null}},"50":{"start":{"line":102,"column":10},"end":{"line":102,"column":null}},"51":{"start":{"line":102,"column":40},"end":{"line":102,"column":null}},"52":{"start":{"line":104,"column":10},"end":{"line":107,"column":null}},"53":{"start":{"line":105,"column":8},"end":{"line":105,"column":null}},"54":{"start":{"line":105,"column":33},"end":{"line":105,"column":61}},"55":{"start":{"line":106,"column":14},"end":{"line":106,"column":47}},"56":{"start":{"line":107,"column":8},"end":{"line":107,"column":null}},"57":{"start":{"line":107,"column":37},"end":{"line":107,"column":70}},"58":{"start":{"line":109,"column":10},"end":{"line":113,"column":null}},"59":{"start":{"line":110,"column":8},"end":{"line":110,"column":null}},"60":{"start":{"line":110,"column":30},"end":{"line":110,"column":59}},"61":{"start":{"line":111,"column":8},"end":{"line":113,"column":null}},"62":{"start":{"line":112,"column":18},"end":{"line":112,"column":51}},"63":{"start":{"line":113,"column":12},"end":{"line":113,"column":null}},"64":{"start":{"line":113,"column":41},"end":{"line":113,"column":74}},"65":{"start":{"line":116,"column":10},"end":{"line":121,"column":null}},"66":{"start":{"line":117,"column":14},"end":{"line":117,"column":42}},"67":{"start":{"line":118,"column":8},"end":{"line":118,"column":null}},"68":{"start":{"line":118,"column":30},"end":{"line":118,"column":63}},"69":{"start":{"line":119,"column":8},"end":{"line":121,"column":null}},"70":{"start":{"line":120,"column":18},"end":{"line":120,"column":65}},"71":{"start":{"line":121,"column":12},"end":{"line":121,"column":null}},"72":{"start":{"line":121,"column":41},"end":{"line":121,"column":74}},"73":{"start":{"line":124,"column":10},"end":{"line":127,"column":null}},"74":{"start":{"line":125,"column":8},"end":{"line":125,"column":31}},"75":{"start":{"line":125,"column":31},"end":{"line":125,"column":null}},"76":{"start":{"line":126,"column":8},"end":{"line":126,"column":40}},"77":{"start":{"line":126,"column":40},"end":{"line":126,"column":null}},"78":{"start":{"line":127,"column":8},"end":{"line":127,"column":29}},"79":{"start":{"line":127,"column":29},"end":{"line":127,"column":null}},"80":{"start":{"line":130,"column":27},"end":{"line":138,"column":null}},"81":{"start":{"line":131,"column":8},"end":{"line":131,"column":null}},"82":{"start":{"line":132,"column":8},"end":{"line":138,"column":null}},"83":{"start":{"line":133,"column":67},"end":{"line":133,"column":69}},"84":{"start":{"line":134,"column":12},"end":{"line":134,"column":null}},"85":{"start":{"line":134,"column":27},"end":{"line":134,"column":null}},"86":{"start":{"line":135,"column":12},"end":{"line":135,"column":null}},"87":{"start":{"line":135,"column":37},"end":{"line":135,"column":null}},"88":{"start":{"line":136,"column":12},"end":{"line":136,"column":null}},"89":{"start":{"line":137,"column":18},"end":{"line":137,"column":null}},"90":{"start":{"line":138,"column":18},"end":{"line":138,"column":null}},"91":{"start":{"line":141,"column":29},"end":{"line":162,"column":null}},"92":{"start":{"line":142,"column":8},"end":{"line":162,"column":null}},"93":{"start":{"line":143,"column":25},"end":{"line":143,"column":57}},"94":{"start":{"line":144,"column":12},"end":{"line":144,"column":42}},"95":{"start":{"line":144,"column":42},"end":{"line":144,"column":null}},"96":{"start":{"line":145,"column":12},"end":{"line":145,"column":35}},"97":{"start":{"line":145,"column":35},"end":{"line":145,"column":56}},"98":{"start":{"line":145,"column":56},"end":{"line":145,"column":null}},"99":{"start":{"line":146,"column":49},"end":{"line":148,"column":null}},"100":{"start":{"line":149,"column":12},"end":{"line":154,"column":null}},"101":{"start":{"line":150,"column":16},"end":{"line":150,"column":null}},"102":{"start":{"line":151,"column":16},"end":{"line":151,"column":null}},"103":{"start":{"line":152,"column":16},"end":{"line":152,"column":null}},"104":{"start":{"line":153,"column":16},"end":{"line":153,"column":null}},"105":{"start":{"line":154,"column":16},"end":{"line":154,"column":null}},"106":{"start":{"line":156,"column":12},"end":{"line":159,"column":null}},"107":{"start":{"line":157,"column":16},"end":{"line":157,"column":null}},"108":{"start":{"line":158,"column":16},"end":{"line":158,"column":null}},"109":{"start":{"line":159,"column":16},"end":{"line":159,"column":null}},"110":{"start":{"line":161,"column":12},"end":{"line":161,"column":null}},"111":{"start":{"line":162,"column":18},"end":{"line":162,"column":null}},"112":{"start":{"line":165,"column":32},"end":{"line":174,"column":null}},"113":{"start":{"line":166,"column":8},"end":{"line":166,"column":null}},"114":{"start":{"line":166,"column":34},"end":{"line":166,"column":null}},"115":{"start":{"line":167,"column":8},"end":{"line":167,"column":null}},"116":{"start":{"line":168,"column":8},"end":{"line":174,"column":null}},"117":{"start":{"line":169,"column":32},"end":{"line":169,"column":126}},"118":{"start":{"line":170,"column":12},"end":{"line":170,"column":null}},"119":{"start":{"line":171,"column":12},"end":{"line":171,"column":null}},"120":{"start":{"line":172,"column":12},"end":{"line":172,"column":null}},"121":{"start":{"line":173,"column":18},"end":{"line":173,"column":null}},"122":{"start":{"line":174,"column":18},"end":{"line":174,"column":null}},"123":{"start":{"line":177,"column":29},"end":{"line":186,"column":null}},"124":{"start":{"line":178,"column":8},"end":{"line":178,"column":null}},"125":{"start":{"line":178,"column":74},"end":{"line":178,"column":null}},"126":{"start":{"line":179,"column":8},"end":{"line":179,"column":null}},"127":{"start":{"line":180,"column":8},"end":{"line":186,"column":null}},"128":{"start":{"line":181,"column":32},"end":{"line":181,"column":101}},"129":{"start":{"line":182,"column":12},"end":{"line":182,"column":null}},"130":{"start":{"line":183,"column":12},"end":{"line":183,"column":null}},"131":{"start":{"line":184,"column":12},"end":{"line":184,"column":null}},"132":{"start":{"line":185,"column":18},"end":{"line":185,"column":null}},"133":{"start":{"line":186,"column":18},"end":{"line":186,"column":null}},"134":{"start":{"line":189,"column":33},"end":{"line":198,"column":null}},"135":{"start":{"line":190,"column":8},"end":{"line":190,"column":null}},"136":{"start":{"line":190,"column":34},"end":{"line":190,"column":null}},"137":{"start":{"line":191,"column":8},"end":{"line":191,"column":null}},"138":{"start":{"line":192,"column":8},"end":{"line":198,"column":null}},"139":{"start":{"line":193,"column":32},"end":{"line":193,"column":104}},"140":{"start":{"line":194,"column":12},"end":{"line":194,"column":49}},"141":{"start":{"line":194,"column":49},"end":{"line":194,"column":null}},"142":{"start":{"line":195,"column":12},"end":{"line":195,"column":67}},"143":{"start":{"line":195,"column":67},"end":{"line":195,"column":null}},"144":{"start":{"line":197,"column":12},"end":{"line":197,"column":null}},"145":{"start":{"line":198,"column":20},"end":{"line":198,"column":null}},"146":{"start":{"line":201,"column":31},"end":{"line":246,"column":null}},"147":{"start":{"line":202,"column":8},"end":{"line":202,"column":28}},"148":{"start":{"line":202,"column":28},"end":{"line":202,"column":null}},"149":{"start":{"line":203,"column":32},"end":{"line":203,"column":null}},"150":{"start":{"line":204,"column":32},"end":{"line":204,"column":null}},"151":{"start":{"line":205,"column":34},"end":{"line":205,"column":null}},"152":{"start":{"line":206,"column":23},"end":{"line":206,"column":111}},"153":{"start":{"line":207,"column":53},"end":{"line":207,"column":55}},"154":{"start":{"line":208,"column":53},"end":{"line":208,"column":55}},"155":{"start":{"line":209,"column":8},"end":{"line":214,"column":null}},"156":{"start":{"line":210,"column":12},"end":{"line":210,"column":null}},"157":{"start":{"line":211,"column":24},"end":{"line":211,"column":null}},"158":{"start":{"line":212,"column":18},"end":{"line":212,"column":49}},"159":{"start":{"line":213,"column":12},"end":{"line":213,"column":null}},"160":{"start":{"line":213,"column":21},"end":{"line":213,"column":null}},"161":{"start":{"line":215,"column":8},"end":{"line":215,"column":null}},"162":{"start":{"line":215,"column":33},"end":{"line":215,"column":61}},"163":{"start":{"line":216,"column":8},"end":{"line":216,"column":null}},"164":{"start":{"line":216,"column":37},"end":{"line":216,"column":64}},"165":{"start":{"line":217,"column":8},"end":{"line":217,"column":null}},"166":{"start":{"line":217,"column":47},"end":{"line":217,"column":null}},"167":{"start":{"line":219,"column":8},"end":{"line":219,"column":null}},"168":{"start":{"line":220,"column":8},"end":{"line":246,"column":null}},"169":{"start":{"line":221,"column":23},"end":{"line":221,"column":37}},"170":{"start":{"line":222,"column":12},"end":{"line":222,"column":49}},"171":{"start":{"line":222,"column":49},"end":{"line":222,"column":null}},"172":{"start":{"line":223,"column":12},"end":{"line":223,"column":55}},"173":{"start":{"line":223,"column":55},"end":{"line":223,"column":null}},"174":{"start":{"line":224,"column":12},"end":{"line":224,"column":null}},"175":{"start":{"line":225,"column":12},"end":{"line":225,"column":null}},"176":{"start":{"line":225,"column":30},"end":{"line":225,"column":null}},"177":{"start":{"line":226,"column":12},"end":{"line":240,"column":null}},"178":{"start":{"line":227,"column":16},"end":{"line":227,"column":null}},"179":{"start":{"line":228,"column":16},"end":{"line":228,"column":null}},"180":{"start":{"line":229,"column":16},"end":{"line":229,"column":null}},"181":{"start":{"line":229,"column":48},"end":{"line":229,"column":null}},"182":{"start":{"line":230,"column":16},"end":{"line":230,"column":null}},"183":{"start":{"line":230,"column":48},"end":{"line":230,"column":null}},"184":{"start":{"line":231,"column":16},"end":{"line":231,"column":null}},"185":{"start":{"line":232,"column":16},"end":{"line":232,"column":null}},"186":{"start":{"line":233,"column":16},"end":{"line":233,"column":null}},"187":{"start":{"line":235,"column":16},"end":{"line":235,"column":null}},"188":{"start":{"line":236,"column":16},"end":{"line":236,"column":null}},"189":{"start":{"line":237,"column":16},"end":{"line":237,"column":null}},"190":{"start":{"line":238,"column":16},"end":{"line":238,"column":null}},"191":{"start":{"line":239,"column":16},"end":{"line":239,"column":null}},"192":{"start":{"line":240,"column":16},"end":{"line":240,"column":null}},"193":{"start":{"line":242,"column":12},"end":{"line":242,"column":36}},"194":{"start":{"line":242,"column":36},"end":{"line":242,"column":68}},"195":{"start":{"line":242,"column":68},"end":{"line":242,"column":null}},"196":{"start":{"line":243,"column":12},"end":{"line":243,"column":56}},"197":{"start":{"line":243,"column":56},"end":{"line":243,"column":null}},"198":{"start":{"line":245,"column":12},"end":{"line":245,"column":null}},"199":{"start":{"line":246,"column":20},"end":{"line":246,"column":null}},"200":{"start":{"line":249,"column":10},"end":{"line":252,"column":null}},"201":{"start":{"line":250,"column":8},"end":{"line":252,"column":null}},"202":{"start":{"line":255,"column":4},"end":{"line":493,"column":null}},"203":{"start":{"line":256,"column":18},"end":{"line":256,"column":null}},"204":{"start":{"line":257,"column":8},"end":{"line":493,"column":null}},"205":{"start":{"line":264,"column":52},"end":{"line":264,"column":80}},"206":{"start":{"line":311,"column":36},"end":{"line":314,"column":null}},"207":{"start":{"line":334,"column":48},"end":{"line":337,"column":null}},"208":{"start":{"line":355,"column":48},"end":{"line":358,"column":null}},"209":{"start":{"line":373,"column":59},"end":{"line":373,"column":79}},"210":{"start":{"line":386,"column":115},"end":{"line":386,"column":181}},"211":{"start":{"line":386,"column":138},"end":{"line":386,"column":181}},"212":{"start":{"line":388,"column":108},"end":{"line":388,"column":180}},"213":{"start":{"line":388,"column":131},"end":{"line":388,"column":180}},"214":{"start":{"line":390,"column":67},"end":{"line":390,"column":127}},"215":{"start":{"line":392,"column":108},"end":{"line":392,"column":168}},"216":{"start":{"line":392,"column":131},"end":{"line":392,"column":168}},"217":{"start":{"line":394,"column":72},"end":{"line":394,"column":132}},"218":{"start":{"line":397,"column":117},"end":{"line":397,"column":180}},"219":{"start":{"line":397,"column":140},"end":{"line":397,"column":180}},"220":{"start":{"line":403,"column":131},"end":{"line":403,"column":205}},"221":{"start":{"line":403,"column":154},"end":{"line":403,"column":205}},"222":{"start":{"line":404,"column":131},"end":{"line":404,"column":205}},"223":{"start":{"line":404,"column":154},"end":{"line":404,"column":205}},"224":{"start":{"line":405,"column":131},"end":{"line":405,"column":205}},"225":{"start":{"line":405,"column":154},"end":{"line":405,"column":205}},"226":{"start":{"line":406,"column":131},"end":{"line":406,"column":205}},"227":{"start":{"line":406,"column":154},"end":{"line":406,"column":205}},"228":{"start":{"line":411,"column":135},"end":{"line":411,"column":211}},"229":{"start":{"line":411,"column":158},"end":{"line":411,"column":211}},"230":{"start":{"line":412,"column":136},"end":{"line":412,"column":212}},"231":{"start":{"line":412,"column":159},"end":{"line":412,"column":212}},"232":{"start":{"line":426,"column":63},"end":{"line":426,"column":84}},"233":{"start":{"line":453,"column":65},"end":{"line":453,"column":92}},"234":{"start":{"line":499,"column":30},"end":{"line":499,"column":90}},"235":{"start":{"line":499,"column":51},"end":{"line":499,"column":90}},"236":{"start":{"line":501,"column":4},"end":{"line":811,"column":null}},"237":{"start":{"line":538,"column":32},"end":{"line":546,"column":null}},"238":{"start":{"line":540,"column":51},"end":{"line":540,"column":68}},"239":{"start":{"line":554,"column":32},"end":{"line":562,"column":null}},"240":{"start":{"line":556,"column":51},"end":{"line":556,"column":71}},"241":{"start":{"line":598,"column":32},"end":{"line":636,"column":null}},"242":{"start":{"line":603,"column":51},"end":{"line":603,"column":76}},"243":{"start":{"line":664,"column":55},"end":{"line":664,"column":77}},"244":{"start":{"line":674,"column":40},"end":{"line":685,"column":null}},"245":{"start":{"line":677,"column":59},"end":{"line":677,"column":77}},"246":{"start":{"line":693,"column":55},"end":{"line":693,"column":91}},"247":{"start":{"line":694,"column":53},"end":{"line":694,"column":87}},"248":{"start":{"line":697,"column":55},"end":{"line":697,"column":94}},"249":{"start":{"line":698,"column":53},"end":{"line":698,"column":90}},"250":{"start":{"line":701,"column":55},"end":{"line":701,"column":94}},"251":{"start":{"line":702,"column":53},"end":{"line":702,"column":90}},"252":{"start":{"line":706,"column":61},"end":{"line":706,"column":100}},"253":{"start":{"line":706,"column":100},"end":{"line":706,"column":null}},"254":{"start":{"line":706,"column":122},"end":{"line":706,"column":147}},"255":{"start":{"line":707,"column":57},"end":{"line":707,"column":92}},"256":{"start":{"
[...]
,"/Users/felruizrojas/fel-school/sanos_salvos/frontend-sanos-salvos/src/pages/soporte/SoportePage.tsx": {"path":"/Users/felruizrojas/fel-school/sanos_salvos/frontend-sanos-salvos/src/pages/soporte/SoportePage.tsx","statementMap":{"0":{"start":{"line":11,"column":6},"end":{"line":16,"column":null}},"1":{"start":{"line":11,"column":31},"end":{"line":16,"column":null}},"2":{"start":{"line":18,"column":6},"end":{"line":120,"column":null}},"3":{"start":{"line":19,"column":8},"end":{"line":19,"column":32}},"4":{"start":{"line":20,"column":10},"end":{"line":20,"column":39}},"5":{"start":{"line":22,"column":2},"end":{"line":120,"column":null}},"6":{"start":{"line":48,"column":27},"end":{"line":48,"column":53}},"7":{"start":{"line":66,"column":29},"end":{"line":66,"column":49}},"8":{"start":{"line":106,"column":14},"end":{"line":114,"column":null}}},"fnMap":{"0":{"name":"(anonymous_0)","decl":{"start":{"line":11,"column":6},"end":{"line":11,"column":16}},"loc":{"start":{"line":11,"column":31},"end":{"line":16,"column":null}},"line":11},"1":{"name":"(anonymous_1)","decl":{"start":{"line":18,"column":6},"end":{"line":18,"column":26}},"loc":{"start":{"line":18,"column":26},"end":{"line":120,"column":null}},"line":18},"2":{"name":"(anonymous_2)","decl":{"start":{"line":48,"column":12},"end":{"line":48,"column":27}},"loc":{"start":{"line":48,"column":27},"end":{"line":48,"column":53}},"line":48},"3":{"name":"(anonymous_3)","decl":{"start":{"line":66,"column":14},"end":{"line":66,"column":29}},"loc":{"start":{"line":66,"column":29},"end":{"line":66,"column":49}},"line":66},"4":{"name":"(anonymous_4)","decl":{"start":{"line":105,"column":14},"end":{"line":105,"column":19}},"loc":{"start":{"line":106,"column":14},"end":{"line":114,"column":null}},"line":106}},"branchMap":{"0":{"loc":{"start":{"line":11,"column":16},"end":{"line":11,"column":31}},"type":"default-arg","locations":[{"start":{"line":11,"column":24},"end":{"line":11,"column":31}}],"line":11},"1":{"loc":{"start":{"line":63,"column":11},"end":{"line":78,"column":null}},"type":"binary-expr","locations":[{"start":{"line":63,"column":11},"end":{"line":63,"column":null}},{"start":{"line":64,"column":12},"end":{"line":78,"column":null}}],"line":63}},"s":{"0":1,"1":35,"2":1,"3":9,"4":9,"5":9,"6":1,"7":1,"8":27},"f":{"0":35,"1":9,"2":1,"3":1,"4":27},"b":{"0":[35],"1":[9,8]},"meta":{"lastBranch":2,"lastFunction":5,"lastStatement":9,"seen":{"s:11:6:16:Infinity":0,"f:11:6:11:16":0,"s:11:31:16:Infinity":1,"b:11:24:11:31":0,"s:18:6:120:Infinity":2,"f:18:6:18:26":1,"s:19:8:19:32":3,"s:20:10:20:39":4,"s:22:2:120:Infinity":5,"f:48:12:48:27":2,"s:48:27:48:53":6,"b:63:11:63:Infinity:64:12:78:Infinity":1,"f:66:14:66:29":3,"s:66:29:66:49":7,"f:105:14:105:19":4,"s:106:14:114:Infinity":8},"fnNames":{}}}
,"/Users/felruizrojas/fel-school/sanos_salvos/frontend-sanos-salvos/src/pages/soporte/TicketsPage.tsx": {"path":"/Users/felruizrojas/fel-school/sanos_salvos/frontend-sanos-salvos/src/pages/soporte/TicketsPage.tsx","statementMap":{"0":{"start":{"line":18,"column":44},"end":{"line":23,"column":null}},"1":{"start":{"line":24,"column":44},"end":{"line":26,"column":null}},"2":{"start":{"line":27,"column":47},"end":{"line":29,"column":null}},"3":{"start":{"line":30,"column":6},"end":{"line":34,"column":null}},"4":{"start":{"line":31,"column":14},"end":{"line":31,"column":null}},"5":{"start":{"line":32,"column":2},"end":{"line":32,"column":null}},"6":{"start":{"line":32,"column":34},"end":{"line":32,"column":null}},"7":{"start":{"line":33,"column":2},"end":{"line":33,"column":null}},"8":{"start":{"line":33,"column":34},"end":{"line":33,"column":null}},"9":{"start":{"line":34,"column":2},"end":{"line":34,"column":null}},"10":{"start":{"line":38,"column":6},"end":{"line":149,"column":null}},"11":{"start":{"line":41,"column":21},"end":{"line":41,"column":50}},"12":{"start":{"line":42,"column":19},"end":{"line":42,"column":53}},"13":{"start":{"line":43,"column":16},"end":{"line":43,"column":50}},"14":{"start":{"line":45,"column":23},"end":{"line":56,"column":null}},"15":{"start":{"line":46,"column":4},"end":{"line":46,"column":null}},"16":{"start":{"line":46,"column":28},"end":{"line":46,"column":null}},"17":{"start":{"line":47,"column":4},"end":{"line":47,"column":23}},"18":{"start":{"line":47,"column":23},"end":{"line":47,"column":null}},"19":{"start":{"line":48,"column":4},"end":{"line":56,"column":null}},"20":{"start":{"line":49,"column":6},"end":{"line":49,"column":null}},"21":{"start":{"line":50,"column":26},"end":{"line":50,"column":66}},"22":{"start":{"line":51,"column":6},"end":{"line":51,"column":null}},"23":{"start":{"line":52,"column":6},"end":{"line":52,"column":null}},"24":{"start":{"line":54,"column":6},"end":{"line":54,"column":null}},"25":{"start":{"line":56,"column":6},"end":{"line":56,"column":null}},"26":{"start":{"line":60,"column":2},"end":{"line":149,"column":null}},"27":{"start":{"line":103,"column":34},"end":{"line":103,"column":null}},"28":{"start":{"line":104,"column":18},"end":{"line":116,"column":null}},"29":{"start":{"line":127,"column":35},"end":{"line":127,"column":64}},"30":{"start":{"line":155,"column":6},"end":{"line":315,"column":null}},"31":{"start":{"line":156,"column":8},"end":{"line":156,"column":32}},"32":{"start":{"line":157,"column":36},"end":{"line":157,"column":61}},"33":{"start":{"line":158,"column":18},"end":{"line":158,"column":56}},"34":{"start":{"line":159,"column":18},"end":{"line":159,"column":48}},"35":{"start":{"line":160,"column":16},"end":{"line":160,"column":46}},"36":{"start":{"line":161,"column":23},"end":{"line":161,"column":71}},"37":{"start":{"line":163,"column":2},"end":{"line":169,"column":null}},"38":{"start":{"line":164,"column":4},"end":{"line":164,"column":null}},"39":{"start":{"line":164,"column":28},"end":{"line":164,"column":47}},"40":{"start":{"line":164,"column":47},"end":{"line":164,"column":null}},"41":{"start":{"line":165,"column":4},"end":{"line":168,"column":null}},"42":{"start":{"line":167,"column":19},"end":{"line":167,"column":58}},"43":{"start":{"line":168,"column":21},"end":{"line":168,"column":38}},"44":{"start":{"line":171,"column":26},"end":{"line":175,"column":null}},"45":{"start":{"line":172,"column":4},"end":{"line":175,"column":null}},"46":{"start":{"line":173,"column":6},"end":{"line":173,"column":null}},"47":{"start":{"line":175,"column":6},"end":{"line":175,"column":null}},"48":{"start":{"line":179,"column":2},"end":{"line":184,"column":null}},"49":{"start":{"line":179,"column":20},"end":{"line":184,"column":null}},"50":{"start":{"line":182,"column":22},"end":{"line":182,"column":43}},"51":{"start":{"line":188,"column":2},"end":{"line":212,"column":null}},"52":{"start":{"line":188,"column":40},"end":{"line":212,"column":null}},"53":{"start":{"line":216,"column":2},"end":{"line":315,"column":null}},"54":{"start":{"line":230,"column":27},"end":{"line":230,"column":53}},"55":{"start":{"line":267,"column":31},"end":{"line":267,"column":57}},"56":{"start":{"line":277,"column":16},"end":{"line":308,"column":null}},"57":{"start":{"line":282,"column":33},"end":{"line":282,"column":59}}},"fnMap":{"0":{"name":"(anonymous_0)","decl":{"start":{"line":30,"column":6},"end":{"line":30,"column":17}},"loc":{"start":{"line":30,"column":46},"end":{"line":34,"column":null}},"line":30},"1":{"name":"(anonymous_1)","decl":{"start":{"line":38,"column":6},"end":{"line":38,"column":23}},"loc":{"start":{"line":40,"column":83},"end":{"line":149,"column":null}},"line":40},"2":{"name":"(anonymous_2)","decl":{"start":{"line":45,"column":23},"end":{"line":45,"column":35}},"loc":{"start":{"line":45,"column":35},"end":{"line":56,"column":null}},"line":45},"3":{"name":"(anonymous_3)","decl":{"start":{"line":102,"column":36},"end":{"line":102,"column":41}},"loc":{"start":{"line":102,"column":47},"end":{"line":116,"column":null}},"line":102},"4":{"name":"(anonymous_4)","decl":{"start":{"line":127,"column":18},"end":{"line":127,"column":29}},"loc":{"start":{"line":127,"column":35},"end":{"line":127,"column":64}},"line":127},"5":{"name":"(anonymous_5)","decl":{"start":{"line":155,"column":6},"end":{"line":155,"column":26}},"loc":{"start":{"line":155,"column":26},"end":{"line":315,"column":null}},"line":155},"6":{"name":"(anonymous_6)","decl":{"start":{"line":163,"column":2},"end":{"line":163,"column":18}},"loc":{"start":{"line":163,"column":18},"end":{"line":169,"column":6}},"line":163},"7":{"name":"(anonymous_7)","decl":{"start":{"line":167,"column":7},"end":{"line":167,"column":19}},"loc":{"start":{"line":167,"column":19},"end":{"line":167,"column":58}},"line":167},"8":{"name":"(anonymous_8)","decl":{"start":{"line":168,"column":7},"end":{"line":168,"column":21}},"loc":{"start":{"line":168,"column":21},"end":{"line":168,"column":38}},"line":168},"9":{"name":"(anonymous_9)","decl":{"start":{"line":171,"column":26},"end":{"line":171,"column":33}},"loc":{"start":{"line":171,"column":48},"end":{"line":175,"column":null}},"line":171},"10":{"name":"(anonymous_10)","decl":{"start":{"line":182,"column":6},"end":{"line":182,"column":22}},"loc":{"start":{"line":182,"column":22},"end":{"line":182,"column":43}},"line":182},"11":{"name":"(anonymous_11)","decl":{"start":{"line":230,"column":12},"end":{"line":230,"column":27}},"loc":{"start":{"line":230,"column":27},"end":{"line":230,"column":53}},"line":230},"12":{"name":"(anonymous_12)","decl":{"start":{"line":267,"column":16},"end":{"line":267,"column":31}},"loc":{"start":{"line":267,"column":31},"end":{"line":267,"column":57}},"line":267},"13":{"name":"(anonymous_13)","decl":{"start":{"line":276,"column":23},"end":{"line":276,"column":28}},"loc":{"start":{"line":277,"column":16},"end":{"line":308,"column":null}},"line":277},"14":{"name":"(anonymous_14)","decl":{"start":{"line":282,"column":18},"end":{"line":282,"column":33}},"loc":{"start":{"line":282,"column":33},"end":{"line":282,"column":59}},"line":282}},"branchMap":{"0":{"loc":{"start":{"line":32,"column":2},"end":{"line":32,"column":null}},"type":"if","locations":[{"start":{"line":32,"column":2},"end":{"line":32,"column":null}},{"start":{},"end":{}}],"line":32},"1":{"loc":{"start":{"line":33,"column":2},"end":{"line":33,"column":null}},"type":"if","locations":[{"start":{"line":33,"column":2},"end":{"line":33,"column":null}},{"start":{},"end":{}}],"line":33},"2":{"loc":{"start":{"line":46,"column":4},"end":{"line":46,"column":null}},"type":"if","locations":[{"start":{"line":46,"column":4},"end":{"line":46,"column":null}},{"start":{},"end":{}}],"line":46},"3":{"loc":{"start":{"line":95,"column":13},"end":{"line":119,"column":null}},"type":"cond-expr","locations":[{"start":{"line":96,"column":14},"end":{"line":101,"column":15}},{"start":{"line":101,"column":14},"end":{"line":119,"column":null}}],"line":95},"4":{"loc":{"start":{"line":106,"column":22},"end":{"line":106,"column":null}},"type":"cond-expr","locations":[{"start":{"line":106,"column":32},"end":{"line":106,"column":72}},{"start":{"line":106,"column":72},"end":{"line":106,"column":null}}],"line":106},"5":{"loc":{"start":{"line":109,"column":92},"end":{"line":109,"column":null}},"type":"cond-expr","locations":[{"start":{"line":109,"column":102},"end":{"line":109,"column":121}},{"start":{"line":109,"column":121},"end":{"line":109,"column":null}}],"line":109},"6":{"loc":{"start":{"line":110,"column":27},"end":{"line":111,"column":37}},"type":"cond-expr","locations":[{"start":{"line":110,"column":37},"end":{"line":110,"column":80}},{"start":{"line":110,"column":79},"end":{"line":111,"column":37}}],"line":110},"7":{"loc":{"start":{"line":111,"column":27},"end":{"line":111,"column":null}},"type":"cond-expr","locations":[{"start":{"line":111,"column":37},"end":{"line":111,"column":49}},{"start":{"line":111,"column":49},"end":{"line":111,"column":null}}],"line":111},"8":{"loc":{"start":{"line":122,"column":13},"end":{"line":144,"column":null}},"type":"cond-expr","locations":[{"start":{"line":123,"column":14},"end":{"line":142,"column":15}},{"start":{"line":142,"column":14},"end":{"line":144,"column":null}}],"line":122},"9":{"loc":{"start":{"line":124,"column":17},"end":{"line":124,"column":null}},"type":"binary-expr","locations":[{"start":{"line":124,"column":17},"end":{"line":124,"column":26}},{"start":{"line":124,"column":26},"end":{"line":124,"column":null}}],"line":124},"10":{"loc":{"start":{"line":134,"column":28},"end":{"line":134,"column":58}},"type":"binary-expr","locations":[{"start":{"line":134,"column":28},"end":{"line":134,"column":40}},{"start":{"line":134,"column":40},"end":{"line":134,"column":58}}],"line":134},"11":{"loc":{"start":{"line":137,"column":19},"end":{"line":138,"column":30}},"type":"cond-expr","locations":[{"start":{"line":137,"column":30},"end":{"line":137,"column":78}},{"start":{"line":137,"column":77},"end":{"line":138,"column":30}}],"line":137},"12":{"loc":{"start":{"line":138,"column":19},"end":{"line":138,"column":null}},"type":"cond-expr","locations":[{"start":{"line":138,"column":30},"end":{"line":138,"column":46}},{"start":{"line":138,"column":46},"end":{"line":138,"column":null}}],"line":138},"13":{"loc":{"start":{"line":164,"column":4},"end":{"line":164,"column":null}},"type":"if","locations":[{"start":{"line":164,"column":4},"end":{"line":164,"column":null}},{"start":{},"end":{}}],"line":164},"14":{"loc":{"start":{"line":179,"column":2},"end":{"line":184,"column":null}},"type":"if","locations":[{"start":{"line":179,"column":2},"end":{"line":184,"column":null}},{"start":{},"end":{}}],"line":179},"15":{"loc":{"start":{"line":188,"column":2},"end":{"line":212,"column":null}},"type":"if","locations":[{"start":{"line":188,"column":2},"end":{"line":212,"column":null}},{"start":{},"end":{}}],"line":188},"16":{"loc":{"start":{"line":188,"column":6},"end":{"line":188,"column":40}},"type":"binary-expr","locations":[{"start":{"line":188,"column":6},"end":{"line":188,"column":22}},{"start":{"line":188,"column":22},"end":{"line":188,"column":40}}],"line":188},"17":{"loc":{"start":{"line":243,"column":13},"end":{"line":248,"column":null}},"type":"binary-expr","locations":[{"start":{"line":243,"column":13},"end":{"line":243,"column":null}},{"start":{"line":244,"column":14},"end":{"line":248,"column":null}}],"line":243},"18":{"loc":{"start":{"line":250,"column":11},"end":{"line":310,"column":null}},"type":"cond-expr","locations":[{"start":{"line":251,"column":12},"end":{"line":255,"column":22}},{"start":{"line":255,"column":14},"end":{"line":310,"column":null}}],"line":250},"19":{"loc":{"start":{"line":255,"column":14},"end":{"line":310,"column":null}},"type":"cond-expr","locations":[{"start":{"line":256,"column":12},"end":{"line":275,"column":13}},{"start":{"line":275,"column":12},"end":{"line":310,"column":null}}],"line":255},"20":{"loc":{"start":{"line":302,"column":19},"end":{"line":305,"column":null}},"type":"binary-expr","locations":[{"start":{"line":302,"column":19},"end":{"line":302,"column":null}},{"start":{"line":303,"column":20},"end":{"line":305,"column":null}}],"line":302},"21":{"loc":{"start":{"line":305,"column":61},"end":{"line":305,"column":null}},"type":"cond-expr","locations":[{"start":{"line":305,"column":93},"end":{"line":305,"column":99}},{"start":{"line":305,"column":99},"end":{"line":305,"column":null}}],"line":305}},"s":{"0":1,"1":1,"2":1,"3":1,"4":45,"5":45,"6":32,"7":13,"8":13,"9":6,"10":1,"11":14,"12":14,"13":14,"14":14,"15":2,"16":0,"17":2,"18":2,"19":2,"20":2,"21":1,"22":1,"23":1,"24":1,"25":2,"26":14,"27":3,"28":3,"29":2,"30":1,"31":46,"32":46,"33":46,"34":46,"35":46,"36":46,"37":46,"38":18,"39":2,"40":2,"41":16,"42":1,"43":15,"44":46,"45":9,"46":9,"47":1,"48":46,"49":9,"50":1,"51":37,"52":2,"53":35,"54":1,"55":1,"56":31,"57":9},"f":{"0":45,"1":14,"2":2,"3":3,"4":2,"5":46,"6":18,"7":1,"8":15,"9":9,"10":1,"11":1,"12":1,"13":31,"14":9},"b":{"0":[32,13],"1":[7,6],"2":[0,2],"3":[11,3],"4":[1,2],"5":[1,2],"6":[1,2],"7":[1,2],"8":[13,1],"9":[13,1],"10":[13,11],"11":[2,11],"12":[2,11],"13":[2,16],"14":[9,37],"15":[2,35],"16":[37,35],"17":[35,2],"18":[17,18],"19":[5,13],"20":[31,7],"21":[0,7]},"meta":{"lastBranch":22,"lastFunction":15,"lastStatement":58,"seen":{"s:18:44:23:Infinity":0,"s:24:44:26:Infinity":1,"s:27:47:29:Infinity":2,"s:30:6:34:Infinity":3,"f:30:6:30:17":0,"s:31:14:31:Infinity":4,"b:32:2:32:Infinity:undefined:undefined:undefined:undefined":0,"s:32:2:32:Infinity":5,"s:32:34:32:Infinity":6,"b:33:2:33:Infinity:undefined:undefined:undefined:undefined":1,"s:33:2:33:Infinity":7,"s:33:34:33:Infinity":8,"s:34:2:34:Infinity":9,"s:38:6:149:Infinity":10,"f:38:6:38:23":1,"s:41:21:41:50":11,"s:42:19:42:53":12,"s:43:16:43:50":13,"s:45:23:56:Infinity":14,"f:45:23:45:35":2,"b:46:4:46:Infinity:undefined:undefined:undefined:undefined":2,"s:46:4:46:Infinity":15,"s:46:28:46:Infinity":16,"s:47:4:47:23":17,"s:47:23:47:Infinity":18,"s:48:4:56:Infinity":19,"s:49:6:49:Infinity":20,"s:50:26:50:66":21,"s:51:6:51:Infinity":22,"s:52:6:52:Infinity":23,"s:54:6:54:Infinity":24,"s:56:6:56:Infinity":25,"s:60:2:149:Infinity":26,"b:96:14:101:15:101:14:119:Infinity":3,"f:102:36:102:41":3,"s:103:34:103:Infinity":27,"s:104:18:116:Infinity":28,"b:106:32:106:72:106:72:106:Infinity":4,"b:109:102:109:121:109:121:109:Infinity":5,"b:110:37:110:80:110:79:111:37":6,"b:111:37:111:49:111:49:111:Infinity":7,"b:123:14:142:15:142:14:144:Infinity":8,"b:124:17:124:26:124:26:124:Infinity":9,"f:127:18:127:29":4,"s:127:35:127:64":29,"b:134:28:134:40:134:40:134:58":10,"b:137:30:137:78:137:77:138:30":11,"b:138:30:138:46:138:46:138:Infinity":12,"s:155:6:315:Infinity":30,"f:155:6:155:26":5,"s:156:8:156:32":31,"s:157:36:157:61":32,"s:158:18:158:56":33,"s:159:18:159:48":34,"s:160:16:160:46":35,"s:161:23:161:71":36,"s:163:2:169:Infinity":37,"f:163:2:163:18":6,"b:164:4:164:Infinity:undefined:undefined:undefined:undefined":13,"s:164:4:164:Infinity":38,"s:164:28:164:47":39,"s:164:47:164:Infinity":40,"s:165:4:168:Infinity":41,"f:167:7:167:19":7,"s:167:19:167:58":42,"f:168:7:168:21":8,"s:168:21:168:38":43,"s:171:26:175:Infinity":44,"f:171:26:171:33":9,"s:172:4:175:Infinity":45,"s:173:6:173:Infinity":46,"s:175:6:175:Infinity":47,"b:179:2:184:Infinity:undefined:undefined:undefined:undefined":14,"s:179:2:184:Infinity":48,"s:179:20:184:Infinity":49,"f:182:6:182:22":10,"s:182:22:182:43":50,"b:188:2:212:Infinity:undefined:undefined:undefined:undefined":15,"s:188:2:212:Infinity":51,"b:188:6:188:22:188:22:188:40":16,"s:188:40:212:Infinity":52,"s:216:2:315:Infinity":53,"f:230:12:230:27":11,"s:230:27:230:53":54,"b:243:13:243:Infinity:244:14:248:Infinity":17,"b:251:12:255:22:255:14:310:Infinity":18,"b:256:12:275:13:275:12:310:Infinity":19,"f:267:16:267:31":12,"s:267:31:267:57":55,"f:276:23:276:28":13,"s:277:16:308:Infinity":56,"f:282:18:282:33":14,"s:282:33:282:59":57,"b:302:19:302:Infinity:303:20:305:Infinity":20,"b:305:93:305:99:305:99:305:Infinity":21},"fnNames":{}}}
}
